<?xml version="1.0" encoding="UTF-8"?>
<!-- Generated by org.testng.reporters.JUnitXMLReporter -->
<testsuite ignored="0" hostname="LAPTOP-7EF9D6A5" failures="0" tests="11" name="API Tests" time="19.536" errors="0" timestamp="2026-05-25T16:49:03 IST">
  <testcase classname="com.notesapp.tests.api.AuthApiTest" name="testGetProfile" time="9.719"/>
  <testcase classname="com.notesapp.tests.api.AuthApiTest" name="testLoginReturnsToken" time="0.596"/>
  <testcase classname="com.notesapp.tests.api.AuthApiTest" name="testLoginUnknownEmail" time="0.389"/>
  <testcase classname="com.notesapp.tests.api.AuthApiTest" name="testLoginWrongPassword" time="0.771"/>
  <testcase classname="com.notesapp.tests.api.NotesApiTest" name="testCreateNote" time="1.38"/>
  <testcase classname="com.notesapp.tests.api.NotesApiTest" name="testDeleteNote" time="2.41"/>
  <testcase classname="com.notesapp.tests.api.NotesApiTest" name="testGetAllNotes" time="0.954"/>
  <testcase classname="com.notesapp.tests.api.NotesApiTest" name="testUpdateNote" time="0.853"/>
  <testcase classname="com.notesapp.tests.api.NegativeApiTest" name="testCreateNoteWithBadToken" time="0.353"/>
  <testcase classname="com.notesapp.tests.api.NegativeApiTest" name="testDeleteNonExistentNote" time="1.1"/>
  <testcase classname="com.notesapp.tests.api.NegativeApiTest" name="testGetNotesWithoutToken" time="0.364"/>
</testsuite> <!-- API Tests -->
