<?xml version="1.0" encoding="UTF-8"?>
<!-- Generated by org.testng.reporters.JUnitXMLReporter -->
<testsuite ignored="0" hostname="LAPTOP-7EF9D6A5" failures="0" tests="11" name="API Tests" time="21.407" errors="0" timestamp="2026-05-26T13:17:36 IST">
  <testcase classname="com.notesapp.tests.api.AuthApiTest" name="testGetProfile" time="1.426"/>
  <testcase classname="com.notesapp.tests.api.AuthApiTest" name="testLoginReturnsToken" time="0.863"/>
  <testcase classname="com.notesapp.tests.api.AuthApiTest" name="testLoginUnknownEmail" time="1.138"/>
  <testcase classname="com.notesapp.tests.api.AuthApiTest" name="testLoginWrongPassword" time="0.695"/>
  <testcase classname="com.notesapp.tests.api.NotesApiTest" name="testCreateNote" time="1.567"/>
  <testcase classname="com.notesapp.tests.api.NotesApiTest" name="testDeleteNote" time="2.22"/>
  <testcase classname="com.notesapp.tests.api.NotesApiTest" name="testGetAllNotes" time="0.509"/>
  <testcase classname="com.notesapp.tests.api.NotesApiTest" name="testUpdateNote" time="1.319"/>
  <testcase classname="com.notesapp.tests.api.NegativeApiTest" name="testCreateNoteWithBadToken" time="4.306"/>
  <testcase classname="com.notesapp.tests.api.NegativeApiTest" name="testDeleteNonExistentNote" time="1.122"/>
  <testcase classname="com.notesapp.tests.api.NegativeApiTest" name="testGetNotesWithoutToken" time="0.423"/>
</testsuite> <!-- API Tests -->
