<?xml version="1.0" encoding="UTF-8"?>
<!-- Generated by org.testng.reporters.JUnitXMLReporter -->
<testsuite ignored="1" hostname="LAPTOP-7EF9D6A5" failures="0" tests="3" name="E2E Hybrid Tests" time="153.795" errors="0" timestamp="2026-05-26T13:20:10 IST">
  <testcase classname="com.notesapp.tests.e2e.UiApiSyncTest" name="testApiResponseTimeUnder2Seconds" time="0.785"/>
  <testcase classname="com.notesapp.tests.e2e.UiApiSyncTest" name="testUiNoteAppearsInApi" time="13.278"/>
  <testcase classname="com.notesapp.tests.e2e.DeleteSyncTest" name="testApiDeleteReflectedInUI" time="69.613"/>
  <testcase classname="com.notesapp.base.BaseTest" name="@BeforeSuite cleanUpExistingNotes" time="0.0">
    <ignored/>
  </testcase> <!-- @BeforeSuite cleanUpExistingNotes -->
</testsuite> <!-- E2E Hybrid Tests -->
