<?xml version="1.0" encoding="UTF-8"?>
<!-- Generated by org.testng.reporters.JUnitXMLReporter -->
<testsuite ignored="0" hostname="LAPTOP-7EF9D6A5" failures="0" tests="3" name="E2E Hybrid Tests" time="121.756" errors="0" timestamp="2026-05-25T16:51:05 IST">
  <testcase classname="com.notesapp.tests.e2e.UiApiSyncTest" name="testApiResponseTimeUnder2Seconds" time="0.486"/>
  <testcase classname="com.notesapp.tests.e2e.UiApiSyncTest" name="testUiNoteAppearsInApi" time="20.868"/>
  <testcase classname="com.notesapp.tests.e2e.DeleteSyncTest" name="testApiDeleteReflectedInUI" time="75.643"/>
</testsuite> <!-- E2E Hybrid Tests -->
