<?xml version="1.0" encoding="UTF-8"?>
<!-- Generated by org.testng.reporters.JUnitXMLReporter -->
<testsuite ignored="2" hostname="LAPTOP-7EF9D6A5" failures="0" tests="7" name="UI Tests" time="275.512" errors="0" timestamp="2026-05-26T13:17:15 IST">
  <testcase classname="com.notesapp.tests.ui.LoginTest" name="testLoginEmptyEmail" time="11.267"/>
  <testcase classname="com.notesapp.tests.ui.LoginTest" name="testLoginWrongPassword" time="2.78"/>
  <testcase classname="com.notesapp.tests.ui.LoginTest" name="testValidLogin" time="2.459"/>
  <testcase classname="com.notesapp.tests.ui.NotesCrudTest" name="testCreateNote" time="35.964"/>
  <testcase classname="com.notesapp.tests.ui.NotesCrudTest" name="testCreateNoteBlankTitle" time="28.291"/>
  <testcase classname="com.notesapp.tests.ui.NotesCrudTest" name="testEditNote" time="80.769"/>
  <testcase classname="com.notesapp.tests.ui.CategoryFilterTest" name="testCategoryFilter" time="4.859"/>
  <testcase classname="com.notesapp.base.BaseTest" name="@BeforeSuite cleanUpExistingNotes" time="0.0">
    <ignored/>
  </testcase> <!-- @BeforeSuite cleanUpExistingNotes -->
  <testcase classname="com.notesapp.base.BaseTest" name="@BeforeSuite cleanUpExistingNotes" time="0.0">
    <ignored/>
  </testcase> <!-- @BeforeSuite cleanUpExistingNotes -->
</testsuite> <!-- UI Tests -->
