<?xml version="1.0" encoding="UTF-8"?>
<!-- Generated by org.testng.reporters.JUnitXMLReporter -->
<testsuite ignored="0" hostname="LAPTOP-7EF9D6A5" failures="0" tests="7" name="UI Tests" time="277.048" errors="0" timestamp="2026-05-25T16:48:44 IST">
  <testcase classname="com.notesapp.tests.ui.LoginTest" name="testLoginEmptyEmail" time="11.449"/>
  <testcase classname="com.notesapp.tests.ui.LoginTest" name="testLoginWrongPassword" time="11.51"/>
  <testcase classname="com.notesapp.tests.ui.LoginTest" name="testValidLogin" time="2.284"/>
  <testcase classname="com.notesapp.tests.ui.NotesCrudTest" name="testCreateNote" time="17.263"/>
  <testcase classname="com.notesapp.tests.ui.NotesCrudTest" name="testCreateNoteBlankTitle" time="28.779"/>
  <testcase classname="com.notesapp.tests.ui.NotesCrudTest" name="testEditNote" time="101.617"/>
  <testcase classname="com.notesapp.tests.ui.CategoryFilterTest" name="testCategoryFilter" time="8.174"/>
</testsuite> <!-- UI Tests -->
