<?xml version="1.0" encoding="UTF-8"?>
<testsuite xmlns:xsi="http://www.w3.org/2001/XMLSchema-instance" xsi:noNamespaceSchemaLocation="https://maven.apache.org/surefire/maven-surefire-plugin/xsd/surefire-test-report-3.0.xsd" version="3.0" name="TestSuite" time="423.706" tests="21" errors="0" skipped="0" failures="0">
  <properties>
[...]
</properties>
  <testcase name="testLoginEmptyEmail" classname="com.notesapp.tests.ui.LoginTest" time="11.497">
    <system-out><![CDATA[2026-05-25 16:44:05.421 [main] INFO  org.testng.internal.Utils - [XmlSuite] [WARN] 'parallel' value 'false' is no longer valid, defaulting to 'none'.
2026-05-25 16:44:06.444 [main] WARN  org.testng.TestNG - Ignoring duplicate listener : io.qameta.allure.testng.AllureTestNg
2026-05-25 16:44:06.445 [main] WARN  org.testng.TestNG - Ignoring duplicate listener : io.qameta.allure.testng.AllureTestNg
2026-05-25 16:44:06.446 [main] WARN  org.testng.TestNG - Ignoring duplicate listener : io.qameta.allure.testng.AllureTestNg
2026-05-25 16:44:07.215 [main] INFO  com.notesapp.tests.ui.LoginTest - ====== Setting up driver: browser=chrome, headless=false ======
2026-05-25 16:44:08.352 [main] INFO  io.github.bonigarcia.wdm.WebDriverManager - Using chromedriver 148.0.7778.178 (resolved driver for Chrome 148)
2026-05-25 16:44:08.426 [main] INFO  io.github.bonigarcia.wdm.WebDriverManager - Exporting webdriver.chrome.driver as C:\Users\omdon\.cache\selenium\chromedriver\win64\148.0.7778.178\chromedriver.exe
2026-05-25 16:44:11.635 [main] INFO  com.notesapp.pages.LoginPage - Navigating to: https://practice.expandtesting.com/notes/app/login
2026-05-25 16:44:14.548 [main] INFO  com.notesapp.pages.LoginPage - Opened login page
2026-05-25 16:44:14.761 [main] DEBUG com.notesapp.pages.LoginPage - Typing '' into: By.id: email
2026-05-25 16:44:15.209 [main] DEBUG com.notesapp.pages.LoginPage - Typing '123456' into: By.id: password
2026-05-25 16:44:15.497 [main] DEBUG com.notesapp.pages.LoginPage - Clicking: By.cssSelector: button.btn-primary
2026-05-25 16:44:25.824 [main] WARN  com.notesapp.pages.LoginPage - Error alert did not appear within 8s after failed login
2026-05-25 16:44:26.002 [main] INFO  com.notesapp.utils.AllureUtils - Screenshot attached to Allure: Login Failure — Blank Email
2026-05-25 16:44:26.030 [main] INFO  com.notesapp.tests.ui.LoginTest - TC-NEG-04 PASSED — Blank email correctly rejected (user stayed on /login)
]]></system-out>
    <system-err><![CDATA[May 25, 2026 4:44:10 PM org.openqa.selenium.devtools.CdpVersionFinder findNearestMatch
WARNING: Unable to find CDP implementation matching 148
May 25, 2026 4:44:10 PM org.openqa.selenium.chromium.ChromiumDriver lambda$new$5
WARNING: Unable to find version of CDP to use for 148.0.7778.168. You may need to include a dependency on a specific version of the CDP using something similar to `org.seleniumhq.selenium:selenium-devtools-v86:4.18.1` where the version ("v86") matches the version of the chromium-based browser you're using and the version number of the artifact is the same as Selenium's.
]]></system-err>
  </testcase>
  <testcase name="testLoginWrongPassword" classname="com.notesapp.tests.ui.LoginTest" time="11.514">
    <system-out><![CDATA[2026-05-25 16:44:26.098 [main] INFO  com.notesapp.tests.ui.LoginTest - TEST PASSED: testLoginEmptyEmail
2026-05-25 16:44:26.588 [main] INFO  com.notesapp.tests.ui.LoginTest - ====== Driver quit — thread cleaned up ======
2026-05-25 16:44:26.596 [main] INFO  com.notesapp.tests.ui.LoginTest - ====== Setting up driver: browser=chrome, headless=false ======
2026-05-25 16:44:26.618 [main] INFO  io.github.bonigarcia.wdm.WebDriverManager - Using chromedriver 148.0.7778.178 (resolved driver for Chrome 148)
2026-05-25 16:44:26.636 [main] INFO  io.github.bonigarcia.wdm.WebDriverManager - Exporting webdriver.chrome.driver as C:\Users\omdon\.cache\selenium\chromedriver\win64\148.0.7778.178\chromedriver.exe
2026-05-25 16:44:28.025 [main] INFO  com.notesapp.pages.LoginPage - Navigating to: https://practice.expandtesting.com/notes/app/login
2026-05-25 16:44:30.534 [main] INFO  com.notesapp.pages.LoginPage - Opened login page
2026-05-25 16:44:30.552 [main] DEBUG com.notesapp.pages.LoginPage - Typing 'omgdongare@gmail.com' into: By.id: email
2026-05-25 16:44:31.122 [main] DEBUG com.notesapp.pages.LoginPage - Typing 'wrongpass123' into: By.id: password
2026-05-25 16:44:31.507 [main] DEBUG com.notesapp.pages.LoginPage - Clicking: By.cssSelector: button.btn-primary
2026-05-25 16:44:41.857 [main] WARN  com.notesapp.pages.LoginPage - Error alert did not appear within 8s after failed login
2026-05-25 16:44:42.032 [main] INFO  com.notesapp.utils.AllureUtils - Screenshot attached to Allure: Login Failure — Wrong Password
2026-05-25 16:44:42.049 [main] INFO  com.notesapp.tests.ui.LoginTest - TC-NEG-01 PASSED — Wrong password correctly rejected (user stayed on /login)
]]></system-out>
    <system-err><![CDATA[May 25, 2026 4:44:27 PM org.openqa.selenium.devtools.CdpVersionFinder findNearestMatch
WARNING: Unable to find CDP implementation matching 148
May 25, 2026 4:44:27 PM org.openqa.selenium.chromium.ChromiumDriver lambda$new$5
WARNING: Unable to find version of CDP to use for 148.0.7778.168. You may need to include a dependency on a specific version of the CDP using something similar to `org.seleniumhq.selenium:selenium-devtools-v86:4.18.1` where the version ("v86") matches the version of the chromium-based browser you're using and the version number of the artifact is the same as Selenium's.
]]></system-err>
  </testcase>
  <testcase name="testValidLogin" classname="com.notesapp.tests.ui.LoginTest" time="2.286">
    <system-out><![CDATA[2026-05-25 16:44:42.053 [main] INFO  com.notesapp.tests.ui.LoginTest - TEST PASSED: testLoginWrongPassword
2026-05-25 16:44:42.507 [main] INFO  com.notesapp.tests.ui.LoginTest - ====== Driver quit — thread cleaned up ======
2026-05-25 16:44:42.514 [main] INFO  com.notesapp.tests.ui.LoginTest - ====== Setting up driver: browser=chrome, headless=false ======
2026-05-25 16:44:42.537 [main] INFO  io.github.bonigarcia.wdm.WebDriverManager - Using chromedriver 148.0.7778.178 (resolved driver for Chrome 148)
2026-05-25 16:44:42.550 [main] INFO  io.github.bonigarcia.wdm.WebDriverManager - Exporting webdriver.chrome.driver as C:\Users\omdon\.cache\selenium\chromedriver\win64\148.0.7778.178\chromedriver.exe
2026-05-25 16:44:43.955 [main] INFO  com.notesapp.pages.LoginPage - Navigating to: https://practice.expandtesting.com/notes/app/login
2026-05-25 16:44:46.712 [main] INFO  com.notesapp.pages.LoginPage - Opened login page
2026-05-25 16:44:46.726 [main] DEBUG com.notesapp.pages.LoginPage - Typing 'omgdongare@gmail.com' into: By.id: email
2026-05-25 16:44:47.380 [main] DEBUG com.notesapp.pages.LoginPage - Typing '123456' into: By.id: password
2026-05-25 16:44:47.612 [main] DEBUG com.notesapp.pages.LoginPage - Clicking: By.cssSelector: button.btn-primary
2026-05-25 16:44:48.999 [main] INFO  com.notesapp.tests.ui.LoginTest - TC-UI-01 PASSED — Valid login successful
]]></system-out>
    <system-err><![CDATA[May 25, 2026 4:44:43 PM org.openqa.selenium.devtools.CdpVersionFinder findNearestMatch
WARNING: Unable to find CDP implementation matching 148
May 25, 2026 4:44:43 PM org.openqa.selenium.chromium.ChromiumDriver lambda$new$5
WARNING: Unable to find version of CDP to use for 148.0.7778.168. You may need to include a dependency on a specific version of the CDP using something similar to `org.seleniumhq.selenium:selenium-devtools-v86:4.18.1` where the version ("v86") matches the version of the chromium-based browser you're using and the version number of the artifact is the same as Selenium's.
]]></system-err>
  </testcase>
  <testcase name="testCreateNote" classname="com.notesapp.tests.ui.NotesCrudTest" time="17.265">
    <system-out><![CDATA[2026-05-25 16:44:49.006 [main] INFO  com.notesapp.tests.ui.LoginTest - TEST PASSED: testValidLogin
2026-05-25 16:44:49.382 [main] INFO  com.notesapp.tests.ui.LoginTest - ====== Driver quit — thread cleaned up ======
2026-05-25 16:44:49.388 [main] INFO  com.notesapp.tests.ui.NotesCrudTest - ====== Setting up driver: browser=chrome, headless=false ======
2026-05-25 16:44:49.406 [main] INFO  io.github.bonigarcia.wdm.WebDriverManager - Using chromedriver 148.0.7778.178 (resolved driver for Chrome 148)
2026-05-25 16:44:49.424 [main] INFO  io.github.bonigarcia.wdm.WebDriverManager - Exporting webdriver.chrome.driver as C:\Users\omdon\.cache\selenium\chromedriver\win64\148.0.7778.178\chromedriver.exe
2026-05-25 16:44:50.616 [main] INFO  com.notesapp.pages.LoginPage - Navigating to: https://practice.expandtesting.com/notes/app/login
2026-05-25 16:44:53.896 [main] INFO  com.notesapp.pages.LoginPage - Opened login page
2026-05-25 16:44:53.897 [main] DEBUG com.notesapp.pages.LoginPage - Typing 'omgdongare@gmail.com' into: By.id: email
2026-05-25 16:44:54.433 [main] DEBUG com.notesapp.pages.LoginPage - Typing '123456' into: By.id: password
2026-05-25 16:44:54.666 [main] DEBUG com.notesapp.pages.LoginPage - Clicking: By.cssSelector: button.btn-primary
2026-05-25 16:44:55.962 [main] DEBUG com.notesapp.pages.NotesPage - Clicking: By.xpath: //button[contains(., 'Add Note')]
2026-05-25 16:44:56.385 [main] DEBUG com.notesapp.pages.NotesPage - Typing 'Grocery List 1779707695960' into: By.id: title
2026-05-25 16:44:56.749 [main] DEBUG com.notesapp.pages.NotesPage - Typing 'Buy milk, eggs, and bread' into: By.id: description
2026-05-25 16:44:57.253 [main] DEBUG com.notesapp.pages.NotesPage - Clicking: By.xpath: //button[normalize-space(text())='Create']
2026-05-25 16:45:13.135 [main] INFO  com.notesapp.pages.NotesPage - Created note: 'Grocery List 1779707695960' in category 'Home'
2026-05-25 16:45:13.217 [main] INFO  com.notesapp.tests.ui.NotesCrudTest - TC-UI-02 PASSED — Note created: Grocery List 1779707695960
]]></system-out>
    <system-err><![CDATA[May 25, 2026 4:44:50 PM org.openqa.selenium.devtools.CdpVersionFinder findNearestMatch
WARNING: Unable to find CDP implementation matching 148
May 25, 2026 4:44:50 PM org.openqa.selenium.chromium.ChromiumDriver lambda$new$5
WARNING: Unable to find version of CDP to use for 148.0.7778.168. You may need to include a dependency on a specific version of the CDP using something similar to `org.seleniumhq.selenium:selenium-devtools-v86:4.18.1` where the version ("v86") matches the version of the chromium-based browser you're using and the version number of the artifact is the same as Selenium's.
]]></system-err>
  </testcase>
  <testcase name="testCreateNoteBlankTitle" classname="com.notesapp.tests.ui.NotesCrudTest" time="28.813">
    <system-out><![CDATA[2026-05-25 16:45:13.223 [main] INFO  com.notesapp.tests.ui.NotesCrudTest - TEST PASSED: testCreateNote
2026-05-25 16:45:13.813 [main] INFO  com.notesapp.tests.ui.NotesCrudTest - ====== Driver quit — thread cleaned up ======
2026-05-25 16:45:13.819 [main] INFO  com.notesapp.tests.ui.NotesCrudTest - ====== Setting up driver: browser=chrome, headless=false ======
2026-05-25 16:45:13.846 [main] INFO  io.github.bonigarcia.wdm.WebDriverManager - Using chromedriver 148.0.7778.178 (resolved driver for Chrome 148)
2026-05-25 16:45:13.881 [main] INFO  io.github.bonigarcia.wdm.WebDriverManager - Exporting webdriver.chrome.driver as C:\Users\omdon\.cache\selenium\chromedriver\win64\148.0.7778.178\chromedriver.exe
2026-05-25 16:45:15.073 [main] INFO  com.notesapp.pages.LoginPage - Navigating to: https://practice.expandtesting.com/notes/app/login
2026-05-25 16:45:18.181 [main] INFO  com.notesapp.pages.LoginPage - Opened login page
2026-05-25 16:45:18.182 [main] DEBUG com.notesapp.pages.LoginPage - Typing 'omgdongare@gmail.com' into: By.id: email
2026-05-25 16:45:18.725 [main] DEBUG com.notesapp.pages.LoginPage - Typing '123456' into: By.id: password
2026-05-25 16:45:18.982 [main] DEBUG com.notesapp.pages.LoginPage - Clicking: By.cssSelector: button.btn-primary
2026-05-25 16:45:20.344 [main] DEBUG com.notesapp.pages.NotesPage - Clicking: By.xpath: //button[contains(., 'Add Note')]
2026-05-25 16:45:20.739 [main] DEBUG com.notesapp.pages.NotesPage - Typing '' into: By.id: title
2026-05-25 16:45:20.963 [main] DEBUG com.notesapp.pages.NotesPage - Typing 'This should not be saved' into: By.id: description
2026-05-25 16:45:21.328 [main] DEBUG com.notesapp.pages.NotesPage - Clicking: By.xpath: //button[normalize-space(text())='Create']
2026-05-25 16:45:47.770 [main] INFO  com.notesapp.utils.AllureUtils - Screenshot attached to Allure: Create Note Failure — Blank Title
2026-05-25 16:45:49.062 [main] INFO  com.notesapp.tests.ui.NotesCrudTest - TC-NEG-03 PASSED — Blank title note was not saved
]]></system-out>
    <system-err><![CDATA[May 25, 2026 4:45:15 PM org.openqa.selenium.devtools.CdpVersionFinder findNearestMatch
WARNING: Unable to find CDP implementation matching 148
May 25, 2026 4:45:15 PM org.openqa.selenium.chromium.ChromiumDriver lambda$new$5
WARNING: Unable to find version of CDP to use for 148.0.7778.168. You may need to include a dependency on a specific version of the CDP using something similar to `org.seleniumhq.selenium:selenium-devtools-v86:4.18.1` where the version ("v86") matches the version of the chromium-based browser you're using and the version number of the artifact is the same as Selenium's.
]]></system-err>
  </testcase>
  <testcase name="testEditNote" classname="com.notesapp.tests.ui.NotesCrudTest" time="101.623">
    <system-out><![CDATA[2026-05-25 16:45:49.090 [main] INFO  com.notesapp.tests.ui.NotesCrudTest - TEST PASSED: testCreateNoteBlankTitle
2026-05-25 16:45:49.728 [main] INFO  com.notesapp.tests.ui.NotesCrudTest - ====== Driver quit — thread cleaned up ======
2026-05-25 16:45:49.732 [main] INFO  com.notesapp.tests.ui.NotesCrudTest - ====== Setting up driver: browser=chrome, headless=false ======
2026-05-25 16:45:49.754 [main] INFO  io.github.bonigarcia.wdm.WebDriverManager - Using chromedriver 148.0.7778.178 (resolved driver for Chrome 148)
2026-05-25 16:45:49.768 [main] INFO  io.github.bonigarcia.wdm.WebDriverManager - Exporting webdriver.chrome.driver as C:\Users\omdon\.cache\selenium\chromedriver\win64\148.0.7778.178\chromedriver.exe
2026-05-25 16:45:51.033 [main] INFO  com.notesapp.pages.LoginPage - Navigating to: https://practice.expandtesting.com/notes/app/login
2026-05-25 16:45:54.071 [main] INFO  com.notesapp.pages.LoginPage - Opened login page
2026-05-25 16:45:54.073 [main] DEBUG com.notesapp.pages.LoginPage - Typing 'omgdongare@gmail.com' into: By.id: email
2026-05-25 16:45:54.613 [main] DEBUG com.notesapp.pages.LoginPage - Typing '123456' into: By.id: password
2026-05-25 16:45:54.965 [main] DEBUG com.notesapp.pages.LoginPage - Clicking: By.cssSelector: button.btn-primary
2026-05-25 16:45:56.226 [main] DEBUG com.notesapp.pages.NotesPage - Clicking: By.xpath: //button[contains(., 'Add Note')]
2026-05-25 16:45:56.585 [main] DEBUG com.notesapp.pages.NotesPage - Typing 'Edit Target 1779707756225' into: By.id: title
2026-05-25 16:45:56.954 [main] DEBUG com.notesapp.pages.NotesPage - Typing 'Will be edited' into: By.id: description
2026-05-25 16:45:57.497 [main] DEBUG com.notesapp.pages.NotesPage - Clicking: By.xpath: //button[normalize-space(text())='Create']
2026-05-25 16:46:32.676 [main] INFO  com.notesapp.pages.NotesPage - Created note: 'Edit Target 1779707756225' in category 'Work'
2026-05-25 16:46:32.808 [main] DEBUG com.notesapp.pages.NotesPage - Clicking: By.xpath: //div[contains(@class,'card')][.//div[contains(@class,'card-header') and contains(normalize-space(.),'Edit Target 1779707756225')]]//*[self::a or self::button][contains(normalize-space(text()),'Edit')]
2026-05-25 16:46:34.058 [main] WARN  com.notesapp.pages.NotesPage - Standard click intercepted — retrying with JS: By.xpath: //div[contains(@class,'card')][.//div[contains(@class,'card-header') and contains(normalize-space(.),'Edit Target 1779707756225')]]//*[self::a or self::button][contains(normalize-space(text()),'Edit')]
2026-05-25 16:46:35.031 [main] DEBUG com.notesapp.pages.NotesPage - Clicking: By.xpath: //button[normalize-space(text())='Save']
2026-05-25 16:47:36.724 [main] INFO  com.notesapp.pages.NotesPage - Dashboard ready — 'Add Note' button visible
2026-05-25 16:47:36.726 [main] INFO  com.notesapp.pages.NotesPage - Edited note 'Edit Target 1779707756225' → 'Updated Edit Target 1779707756225'
2026-05-25 16:47:37.835 [main] INFO  com.notesapp.tests.ui.NotesCrudTest - TC-UI-04 PASSED — Note renamed from 'Edit Target 1779707756225' to 'Updated Edit Target 1779707756225'
]]></system-out>
    <system-err><![CDATA[May 25, 2026 4:45:50 PM org.openqa.selenium.devtools.CdpVersionFinder findNearestMatch
WARNING: Unable to find CDP implementation matching 148
May 25, 2026 4:45:50 PM org.openqa.selenium.chromium.ChromiumDriver lambda$new$5
WARNING: Unable to find version of CDP to use for 148.0.7778.168. You may need to include a dependency on a specific version of the CDP using something similar to `org.seleniumhq.selenium:selenium-devtools-v86:4.18.1` where the version ("v86") matches the version of the chromium-based browser you're using and the version number of the artifact is the same as Selenium's.
]]></system-err>
  </testcase>
  <testcase name="testCategoryFilter" classname="com.notesapp.tests.ui.CategoryFilterTest" time="8.178">
    <system-out><![CDATA[2026-05-25 16:47:37.844 [main] INFO  com.notesapp.tests.ui.NotesCrudTest - TEST PASSED: testEditNote
2026-05-25 16:47:38.420 [main] INFO  com.notesapp.tests.ui.NotesCrudTest - ====== Driver quit — thread cleaned up ======
2026-05-25 16:47:38.425 [main] INFO  com.notesapp.tests.ui.CategoryFilterTest - ====== Setting up driver: browser=chrome, headless=true ======
2026-05-25 16:47:38.440 [main] INFO  io.github.bonigarcia.wdm.WebDriverManager - Using chromedriver 148.0.7778.178 (resolved driver for Chrome 148)
2026-05-25 16:47:38.457 [main] INFO  io.github.bonigarcia.wdm.WebDriverManager - Exporting webdriver.chrome.driver as C:\Users\omdon\.cache\selenium\chromedriver\win64\148.0.7778.178\chromedriver.exe
2026-05-25 16:47:39.528 [main] INFO  com.notesapp.pages.LoginPage - Navigating to: https://practice.expandtesting.com/notes/app/login
2026-05-25 16:47:42.699 [main] INFO  com.notesapp.pages.LoginPage - Opened login page
2026-05-25 16:47:42.700 [main] DEBUG com.notesapp.pages.LoginPage - Typing 'omgdongare@gmail.com' into: By.id: email
2026-05-25 16:47:43.034 [main] DEBUG com.notesapp.pages.LoginPage - Typing '123456' into: By.id: password
2026-05-25 16:47:43.368 [main] DEBUG com.notesapp.pages.LoginPage - Clicking: By.cssSelector: button.btn-primary
2026-05-25 16:47:44.502 [main] WARN  com.notesapp.pages.LoginPage - Standard click intercepted — retrying with JS: By.cssSelector: button.btn-primary
2026-05-25 16:47:45.617 [main] DEBUG com.notesapp.pages.NotesPage - Clicking: By.xpath: //button[contains(., 'Add Note')]
2026-05-25 16:47:46.784 [main] WARN  com.notesapp.pages.NotesPage - Standard click intercepted — retrying with JS: By.xpath: //button[contains(., 'Add Note')]
2026-05-25 16:47:47.069 [main] DEBUG com.notesapp.pages.NotesPage - Typing 'Home Note 1779707646844' into: By.id: title
2026-05-25 16:47:47.366 [main] DEBUG com.notesapp.pages.NotesPage - Typing 'Home category note' into: By.id: description
2026-05-25 16:47:47.782 [main] DEBUG com.notesapp.pages.NotesPage - Clicking: By.xpath: //button[normalize-space(text())='Create']
2026-05-25 16:48:00.762 [main] INFO  com.notesapp.pages.NotesPage - Created note: 'Home Note 1779707646844' in category 'Home'
2026-05-25 16:48:03.265 [main] DEBUG com.notesapp.pages.NotesPage - Clicking: By.xpath: //button[contains(., 'Add Note')]
2026-05-25 16:48:03.640 [main] DEBUG com.notesapp.pages.NotesPage - Typing 'Work Note 1779707646844' into: By.id: title
2026-05-25 16:48:03.925 [main] DEBUG com.notesapp.pages.NotesPage - Typing 'Work category note' into: By.id: description
2026-05-25 16:48:04.402 [main] DEBUG com.notesapp.pages.NotesPage - Clicking: By.xpath: //button[normalize-space(text())='Create']
2026-05-25 16:48:17.232 [main] INFO  com.notesapp.pages.NotesPage - Created note: 'Work Note 1779707646844' in category 'Work'
2026-05-25 16:48:19.734 [main] DEBUG com.notesapp.pages.NotesPage - Clicking: By.xpath: //button[contains(., 'Add Note')]
2026-05-25 16:48:20.857 [main] WARN  com.notesapp.pages.NotesPage - Standard click intercepted — retrying with JS: By.xpath: //button[contains(., 'Add Note')]
2026-05-25 16:48:21.086 [main] DEBUG com.notesapp.pages.NotesPage - Typing 'Personal Note 1779707646844' into: By.id: title
2026-05-25 16:48:21.360 [main] DEBUG com.notesapp.pages.NotesPage - Typing 'Personal category note' into: By.id: description
2026-05-25 16:48:21.814 [main] DEBUG com.notesapp.pages.NotesPage - Clicking: By.xpath: //button[normalize-space(text())='Create']
2026-05-25 16:48:34.491 [main] INFO  com.notesapp.pages.NotesPage - Created note: 'Personal Note 1779707646844' in category 'Personal'
2026-05-25 16:48:38.510 [main] DEBUG com.notesapp.pages.NotesPage - Clicking: By.xpath: //button[contains(., 'Work')]
2026-05-25 16:48:39.372 [main] INFO  com.notesapp.pages.NotesPage - Applied category filter: Work
2026-05-25 16:48:41.371 [main] DEBUG com.notesapp.pages.NotesPage - Clicking: By.xpath: //button[contains(., 'Home')]
2026-05-25 16:48:42.135 [main] INFO  com.notesapp.pages.NotesPage - Applied category filter: Home
2026-05-25 16:48:43.672 [main] INFO  com.notesapp.tests.ui.CategoryFilterTest - TC-UI-05 PASSED — Category filter working correctly
]]></system-out>
    <system-err><![CDATA[May 25, 2026 4:47:39 PM org.openqa.selenium.devtools.CdpVersionFinder findNearestMatch
WARNING: Unable to find CDP implementation matching 148
May 25, 2026 4:47:39 PM org.openqa.selenium.chromium.ChromiumDriver lambda$new$5
WARNING: Unable to find version of CDP to use for 148.0.7778.168. You may need to include a dependency on a specific version of the CDP using something similar to `org.seleniumhq.selenium:selenium-devtools-v86:4.18.1` where the version ("v86") matches the version of the chromium-based browser you're using and the version number of the artifact is the same as Selenium's.
]]></system-err>
  </testcase>
  <testcase name="testGetProfile" classname="com.notesapp.tests.api.AuthApiTest" time="9.723">
    <system-out><![CDATA[2026-05-25 16:48:43.677 [main] INFO  com.notesapp.tests.ui.CategoryFilterTest - TEST PASSED: testCategoryFilter
2026-05-25 16:48:44.044 [main] INFO  com.notesapp.tests.ui.CategoryFilterTest - ====== Driver quit — thread cleaned up ======
2026-05-25 16:48:44.143 [main] INFO  com.notesapp.api.AuthApi - API Login: omgdongare@gmail.com
Request method:	POST
Request URI:	https://practice.expandtesting.com/notes/api/users/login
Proxy:			<none>
Request params:	<none>
Query params:	<none>
Form params:	<none>
Path params:	<none>
Headers:		Accept=application/json, application/javascript, text/javascript, text/json
				Content-Type=application/json
Cookies:		<none>
Multiparts:		<none>
Body:
{
    "password": "123456",
    "email": "omgdongare@gmail.com"
}
HTTP/1.1 200 OK
access-control-allow-origin: *
access-control-allow-credentials: true
access-control-allow-methods: GET, POST, PUT, DELETE, PATCH
access-control-allow-headers: Origin, X-Requested-With, Authorization, Content-Type, Accept, X-Auth-Token
content-type: application/json; charset=utf-8
content-encoding: gzip
etag: W/"db-R/aX+b1prAJfk4Vakv2CfA2Kcsw"
set-cookie: express:sess=eyJmbGFzaCI6e319; path=/; httponly
set-cookie: express:sess.sig=tdt42nQZiQvICqmrvHQ1_16fHk0; path=/; httponly
date: Mon, 25 May 2026 11:18:50 GMT
connection: keep-alive
keep-alive: timeout=5
transfer-encoding: chunked

{
    "success": true,
    "status": 200,
    "message": "Login successful",
    "data": {
        "id": "6a13093f0389350296640430",
        "name": "omga",
        "email": "omgdongare@gmail.com",
        "token": "28c2d533740b4ebdb650de8445edb1134a761d834667466ab05aec5436ac0589"
    }
}
2026-05-25 16:48:53.029 [main] INFO  com.notesapp.api.AuthApi - Token obtained: 28c2d533...0589
Request method:	GET
Request URI:	https://practice.expandtesting.com/notes/api/users/profile
Proxy:			<none>
Request params:	<none>
Query params:	<none>
Form params:	<none>
Path params:	<none>
Headers:		Accept=application/json, application/javascript, text/javascript, text/json
				x-auth-token=28c2d533740b4ebdb650de8445edb1134a761d834667466ab05aec5436ac0589
				Content-Type=application/json
Cookies:		<none>
Multiparts:		<none>
Body:			<none>
HTTP/1.1 200 OK
access-control-allow-origin: *
access-control-allow-credentials: true
access-control-allow-methods: GET, POST, PUT, DELETE, PATCH
access-control-allow-headers: Origin, X-Requested-With, Authorization, Content-Type, Accept, X-Auth-Token
content-type: application/json; charset=utf-8
content-encoding: gzip
etag: W/"92-0qFEiffoBTDC60nIQNp8nnbb9Yc"
set-cookie: express:sess=eyJmbGFzaCI6e319; path=/; httponly
set-cookie: express:sess.sig=tdt42nQZiQvICqmrvHQ1_16fHk0; path=/; httponly
date: Mon, 25 May 2026 11:18:53 GMT
connection: keep-alive
keep-alive: timeout=5
transfer-encoding: chunked

{
    "success": true,
    "status": 200,
    "message": "Profile successful",
    "data": {
        "id": "6a13093f0389350296640430",
        "name": "omga",
        "email": "omgdongare@gmail.com"
    }
}
]]></system-out>
  </testcase>
  <testcase name="testLoginReturnsToken" classname="com.notesapp.tests.api.AuthApiTest" time="0.598">
    <system-out><![CDATA[2026-05-25 16:48:53.824 [main] INFO  com.notesapp.api.AuthApi - API Login: omgdongare@gmail.com
Request method:	POST
Request URI:	https://practice.expandtesting.com/notes/api/users/login
Proxy:			<none>
Request params:	<none>
Query params:	<none>
Form params:	<none>
Path params:	<none>
Headers:		Accept=application/json, application/javascript, text/javascript, text/json
				Content-Type=application/json
Cookies:		<none>
Multiparts:		<none>
Body:
{
    "password": "123456",
    "email": "omgdongare@gmail.com"
}
HTTP/1.1 200 OK
access-control-allow-origin: *
access-control-allow-credentials: true
access-control-allow-methods: GET, POST, PUT, DELETE, PATCH
access-control-allow-headers: Origin, X-Requested-With, Authorization, Content-Type, Accept, X-Auth-Token
content-type: application/json; charset=utf-8
content-encoding: gzip
etag: W/"db-R/aX+b1prAJfk4Vakv2CfA2Kcsw"
set-cookie: express:sess=eyJmbGFzaCI6e319; path=/; httponly
set-cookie: express:sess.sig=tdt42nQZiQvICqmrvHQ1_16fHk0; path=/; httponly
date: Mon, 25 May 2026 11:18:54 GMT
connection: keep-alive
keep-alive: timeout=5
transfer-encoding: chunked

{
    "success": true,
    "status": 200,
    "message": "Login successful",
    "data": {
        "id": "6a13093f0389350296640430",
        "name": "omga",
        "email": "omgdongare@gmail.com",
        "token": "28c2d533740b4ebdb650de8445edb1134a761d834667466ab05aec5436ac0589"
    }
}
]]></system-out>
  </testcase>
  <testcase name="testLoginUnknownEmail" classname="com.notesapp.tests.api.AuthApiTest" time="0.417">
    <system-out><![CDATA[2026-05-25 16:48:54.421 [main] INFO  com.notesapp.api.AuthApi - API Login: nobody@unknown.com
Request method:	POST
Request URI:	https://practice.expandtesting.com/notes/api/users/login
Proxy:			<none>
Request params:	<none>
Query params:	<none>
Form params:	<none>
Path params:	<none>
Headers:		Accept=application/json, application/javascript, text/javascript, text/json
				Content-Type=application/json
Cookies:		<none>
Multiparts:		<none>
Body:
{
    "password": "Test@1234",
    "email": "nobody@unknown.com"
}
HTTP/1.1 401 Unauthorized
access-control-allow-origin: *
access-control-allow-credentials: true
access-control-allow-methods: GET, POST, PUT, DELETE, PATCH
access-control-allow-headers: Origin, X-Requested-With, Authorization, Content-Type, Accept, X-Auth-Token
content-type: application/json; charset=utf-8
content-encoding: gzip
etag: W/"4e-wFVQo8i7laSDLBCYzUhef+OME+4"
set-cookie: express:sess=eyJmbGFzaCI6e319; path=/; httponly
set-cookie: express:sess.sig=tdt42nQZiQvICqmrvHQ1_16fHk0; path=/; httponly
date: Mon, 25 May 2026 11:18:54 GMT
connection: keep-alive
keep-alive: timeout=5
transfer-encoding: chunked

{
    "success": false,
    "status": 401,
    "message": "Incorrect email address or password"
}
]]></system-out>
  </testcase>
  <testcase name="testLoginWrongPassword" classname="com.notesapp.tests.api.AuthApiTest" time="0.752">
    <system-out><![CDATA[2026-05-25 16:48:54.815 [main] INFO  com.notesapp.api.AuthApi - API Login: omgdongare@gmail.com
Request method:	POST
Request URI:	https://practice.expandtesting.com/notes/api/users/login
Proxy:			<none>
Request params:	<none>
Query params:	<none>
Form params:	<none>
Path params:	<none>
Headers:		Accept=application/json, application/javascript, text/javascript, text/json
				Content-Type=application/json
Cookies:		<none>
Multiparts:		<none>
Body:
{
    "password": "badpassword",
    "email": "omgdongare@gmail.com"
}
HTTP/1.1 401 Unauthorized
access-control-allow-origin: *
access-control-allow-credentials: true
access-control-allow-methods: GET, POST, PUT, DELETE, PATCH
access-control-allow-headers: Origin, X-Requested-With, Authorization, Content-Type, Accept, X-Auth-Token
content-type: application/json; charset=utf-8
content-encoding: gzip
etag: W/"4e-wFVQo8i7laSDLBCYzUhef+OME+4"
set-cookie: express:sess=eyJmbGFzaCI6e319; path=/; httponly
set-cookie: express:sess.sig=tdt42nQZiQvICqmrvHQ1_16fHk0; path=/; httponly
date: Mon, 25 May 2026 11:18:55 GMT
connection: keep-alive
keep-alive: timeout=5
transfer-encoding: chunked

{
    "success": false,
    "status": 401,
    "message": "Incorrect email address or password"
}
]]></system-out>
  </testcase>
  <testcase name="testCreateNote" classname="com.notesapp.tests.api.NotesApiTest" time="1.382">
    <system-out><![CDATA[2026-05-25 16:48:55.589 [main] INFO  com.notesapp.api.AuthApi - API Login: omgdongare@gmail.com
Request method:	POST
Request URI:	https://practice.expandtesting.com/notes/api/users/login
Proxy:			<none>
Request params:	<none>
Query params:	<none>
Form params:	<none>
Path params:	<none>
Headers:		Accept=application/json, application/javascript, text/javascript, text/json
				Content-Type=application/json
Cookies:		<none>
Multiparts:		<none>
Body:
{
    "password": "123456",
    "email": "omgdongare@gmail.com"
}
HTTP/1.1 200 OK
access-control-allow-origin: *
access-control-allow-credentials: true
access-control-allow-methods: GET, POST, PUT, DELETE, PATCH
access-control-allow-headers: Origin, X-Requested-With, Authorization, Content-Type, Accept, X-Auth-Token
content-type: application/json; charset=utf-8
content-encoding: gzip
etag: W/"db-R/aX+b1prAJfk4Vakv2CfA2Kcsw"
set-cookie: express:sess=eyJmbGFzaCI6e319; path=/; httponly
set-cookie: express:sess.sig=tdt42nQZiQvICqmrvHQ1_16fHk0; path=/; httponly
date: Mon, 25 May 2026 11:18:56 GMT
connection: keep-alive
keep-alive: timeout=5
transfer-encoding: chunked

{
    "success": true,
    "status": 200,
    "message": "Login successful",
    "data": {
        "id": "6a13093f0389350296640430",
        "name": "omga",
        "email": "omgdongare@gmail.com",
        "token": "28c2d533740b4ebdb650de8445edb1134a761d834667466ab05aec5436ac0589"
    }
}
2026-05-25 16:48:56.177 [main] INFO  com.notesapp.api.AuthApi - Token obtained: 28c2d533...0589
2026-05-25 16:48:56.224 [main] INFO  com.notesapp.api.NotesApi - Creating note: 'API Test Note 1779707936184' in category 'Work'
Request method:	POST
Request URI:	https://practice.expandtesting.com/notes/api/notes
Proxy:			<none>
Request params:	<none>
Query params:	<none>
Form params:	<none>
Path params:	<none>
Headers:		Accept=application/json, application/javascript, text/javascript, text/json
				x-auth-token=28c2d533740b4ebdb650de8445edb1134a761d834667466ab05aec5436ac0589
				Content-Type=application/json
Cookies:		<none>
Multiparts:		<none>
Body:
{
    "description": "Created via API",
    "title": "API Test Note 1779707936184",
    "category": "Work"
}
HTTP/1.1 200 OK
access-control-allow-origin: *
access-control-allow-credentials: true
access-control-allow-methods: GET, POST, PUT, DELETE, PATCH
access-control-allow-headers: Origin, X-Requested-With, Authorization, Content-Type, Accept, X-Auth-Token
content-type: application/json; charset=utf-8
content-encoding: gzip
etag: W/"14b-AbSOCEpEGBmB03lGN6utlbCLUEM"
set-cookie: express:sess=eyJmbGFzaCI6e319; path=/; httponly
set-cookie: express:sess.sig=tdt42nQZiQvICqmrvHQ1_16fHk0; path=/; httponly
date: Mon, 25 May 2026 11:18:56 GMT
connection: keep-alive
keep-alive: timeout=5
transfer-encoding: chunked

{
    "success": true,
    "status": 200,
    "message": "Note successfully created",
    "data": {
        "id": "6a143020038935029664e810",
        "title": "API Test Note 1779707936184",
        "description": "Created via API",
        "category": "Work",
        "completed": false,
        "created_at": "2026-05-25T11:18:56.487Z",
        "updated_at": "2026-05-25T11:18:56.487Z",
        "user_id": "6a13093f0389350296640430"
    }
}
]]></system-out>
  </testcase>
  <testcase name="testDeleteNote" classname="com.notesapp.tests.api.NotesApiTest" time="2.414">
    <system-out><![CDATA[2026-05-25 16:48:57.569 [main] INFO  com.notesapp.api.NotesApi - Creating note: 'Delete Target 1779707937568' in category 'Personal'
Request method:	POST
Request URI:	https://practice.expandtesting.com/notes/api/notes
Proxy:			<none>
Request params:	<none>
Query params:	<none>
Form params:	<none>
Path params:	<none>
Headers:		Accept=application/json, application/javascript, text/javascript, text/json
				x-auth-token=28c2d533740b4ebdb650de8445edb1134a761d834667466ab05aec5436ac0589
				Content-Type=application/json
Cookies:		<none>
Multiparts:		<none>
Body:
{
    "description": "to be deleted",
    "title": "Delete Target 1779707937568",
    "category": "Personal"
}
HTTP/1.1 200 OK
access-control-allow-origin: *
access-control-allow-credentials: true
access-control-allow-methods: GET, POST, PUT, DELETE, PATCH
access-control-allow-headers: Origin, X-Requested-With, Authorization, Content-Type, Accept, X-Auth-Token
content-type: application/json; charset=utf-8
content-encoding: gzip
etag: W/"14d-GkF2hqo6hOZB4n9vJ6jOKEsjkjI"
set-cookie: express:sess=eyJmbGFzaCI6e319; path=/; httponly
set-cookie: express:sess.sig=tdt42nQZiQvICqmrvHQ1_16fHk0; path=/; httponly
date: Mon, 25 May 2026 11:18:59 GMT
connection: keep-alive
keep-alive: timeout=5
transfer-encoding: chunked

{
    "success": true,
    "status": 200,
    "message": "Note successfully created",
    "data": {
        "id": "6a143023038935029664e814",
        "title": "Delete Target 1779707937568",
        "description": "to be deleted",
        "category": "Personal",
        "completed": false,
        "created_at": "2026-05-25T11:18:59.073Z",
        "updated_at": "2026-05-25T11:18:59.073Z",
        "user_id": "6a13093f0389350296640430"
    }
}
2026-05-25 16:48:59.219 [main] INFO  com.notesapp.api.NotesApi - Created note id: 6a143023038935029664e814
2026-05-25 16:48:59.220 [main] ERROR io.qameta.allure.util.NamingUtils - Could not find parameter id
2026-05-25 16:48:59.220 [main] INFO  com.notesapp.api.NotesApi - Deleting note id: 6a143023038935029664e814
Request method:	DELETE
Request URI:	https://practice.expandtesting.com/notes/api/notes/6a143023038935029664e814
Proxy:			<none>
Request params:	<none>
Query params:	<none>
Form params:	<none>
Path params:	<none>
Headers:		Accept=application/json, application/javascript, text/javascript, text/json
				x-auth-token=28c2d533740b4ebdb650de8445edb1134a761d834667466ab05aec5436ac0589
				Content-Type=application/json
Cookies:		<none>
Multiparts:		<none>
Body:			<none>
HTTP/1.1 200 OK
access-control-allow-origin: *
access-control-allow-credentials: true
access-control-allow-methods: GET, POST, PUT, DELETE, PATCH
access-control-allow-headers: Origin, X-Requested-With, Authorization, Content-Type, Accept, X-Auth-Token
content-type: application/json; charset=utf-8
content-encoding: gzip
etag: W/"43-NRjYUraIosLt+x2lOOhDKG8vqCU"
set-cookie: express:sess=eyJmbGFzaCI6e319; path=/; httponly
set-cookie: express:sess.sig=tdt42nQZiQvICqmrvHQ1_16fHk0; path=/; httponly
date: Mon, 25 May 2026 11:18:59 GMT
connection: keep-alive
keep-alive: timeout=5
transfer-encoding: chunked

{
    "success": true,
    "status": 200,
    "message": "Note successfully deleted"
}
2026-05-25 16:48:59.608 [main] ERROR io.qameta.allure.util.NamingUtils - Could not find parameter id
Request method:	GET
Request URI:	https://practice.expandtesting.com/notes/api/notes/6a143023038935029664e814
Proxy:			<none>
Request params:	<none>
Query params:	<none>
Form params:	<none>
Path params:	<none>
Headers:		Accept=application/json, application/javascript, text/javascript, text/json
				x-auth-token=28c2d533740b4ebdb650de8445edb1134a761d834667466ab05aec5436ac0589
				Content-Type=application/json
Cookies:		<none>
Multiparts:		<none>
Body:			<none>
HTTP/1.1 404 Not Found
access-control-allow-origin: *
access-control-allow-credentials: true
access-control-allow-methods: GET, POST, PUT, DELETE, PATCH
access-control-allow-headers: Origin, X-Requested-With, Authorization, Content-Type, Accept, X-Auth-Token
content-type: application/json; charset=utf-8
content-encoding: gzip
etag: W/"67-NpoY+d/hy3dgko3A0Pj/DtJedd4"
set-cookie: express:sess=eyJmbGFzaCI6e319; path=/; httponly
set-cookie: express:sess.sig=tdt42nQZiQvICqmrvHQ1_16fHk0; path=/; httponly
date: Mon, 25 May 2026 11:18:59 GMT
connection: keep-alive
keep-alive: timeout=5
transfer-encoding: chunked

{
    "success": false,
    "status": 404,
    "message": "No note was found with the provided ID, Maybe it was deleted"
}
]]></system-out>
  </testcase>
  <testcase name="testGetAllNotes" classname="com.notesapp.tests.api.NotesApiTest" time="0.961">
    <system-out><![CDATA[2026-05-25 16:48:59.981 [main] INFO  com.notesapp.api.NotesApi - Fetching all notes via API
Request method:	GET
Request URI:	https://practice.expandtesting.com/notes/api/notes
Proxy:			<none>
Request params:	<none>
Query params:	<none>
Form params:	<none>
Path params:	<none>
Headers:		Accept=application/json, application/javascript, text/javascript, text/json
				x-auth-token=28c2d533740b4ebdb650de8445edb1134a761d834667466ab05aec5436ac0589
				Content-Type=application/json
Cookies:		<none>
Multiparts:		<none>
Body:			<none>
HTTP/1.1 200 OK
access-control-allow-origin: *
access-control-allow-credentials: true
access-control-allow-methods: GET, POST, PUT, DELETE, PATCH
access-control-allow-headers: Origin, X-Requested-With, Authorization, Content-Type, Accept, X-Auth-Token
content-type: application/json; charset=utf-8
content-encoding: gzip
etag: W/"8964-TCVPuCZydNATuGb+NIB7Xu9ND+o"
set-cookie: express:sess=eyJmbGFzaCI6e319; path=/; httponly
set-cookie: express:sess.sig=tdt42nQZiQvICqmrvHQ1_16fHk0; path=/; httponly
date: Mon, 25 May 2026 11:19:00 GMT
connection: keep-alive
keep-alive: timeout=5
transfer-encoding: chunked

{
    "success": true,
    "status": 200,
    "message": "Notes successfully retrieved",
    "data": [
        {
            "id": "6a143020038935029664e810",
            "title": "API Test Note 1779707936184",
            "description": "Created via API",
            "category": "Work",
            "completed": false,
            "created_at": "2026-05-25T11:18:56.487Z",
            "updated_at": "2026-05-25T11:18:56.487Z",
            "user_id": "6a13093f0389350296640430"
        },
        {
            "id": "6a142ffe038935029664e7f1",
            "title": "Personal Note 1779707646844",
            "description": "Personal category note",
            "category": "Personal",
            "completed": false,
            "created_at": "2026-05-25T11:18:22.140Z",
            "updated_at": "2026-05-25T11:18:22.140Z",
            "user_id": "6a13093f0389350296640430"
        },
        {
            "id": "6a142fec038935029664e7e9",
            "title": "Work Note 1779707646844",
            "description": "Work category note",
            "category": "Work",
            "completed": false,
            "created_at": "2026-05-25T11:18:04.748Z",
            "updated_at": "2026-05-25T11:18:04.748Z",
            "user_id": "6a13093f0389350296640430"
        },
        {
            "id": "6a142fdc038935029664e7d3",
            "title": "Home Note 1779707646844",
            "description": "Home category note",
            "category": "Home",
            "completed": false,
            "created_at": "2026-05-25T11:17:48.149Z",
            "updated_at": "2026-05-25T11:17:48.149Z",
            "user_id": "6a13093f0389350296640430"
        },
        {
            "id": "6a142f6d038935029664e75b",
            "title": "Updated Edit Target 1779707756225",
            "description": "Will be edited",
            "category": "Work",
            "completed": false,
            "created_at": "2026-05-25T11:15:57.909Z",
            "updated_at": "2026-05-25T11:16:35.424Z",
            "user_id": "6a13093f0389350296640430"
        },
        {
            "id": "6a142f31038935029664e70f",
            "title": "Grocery List 1779707695960",
            "description": "Buy milk, eggs, and bread",
            "category": "Home",
            "completed": false,
            "created_at": "2026-05-25T11:14:57.600Z",
            "updated_at": "2026-05-25T11:14:57.600Z",
            "user_id": "6a13093f0389350296640430"
        },
        {
            "id": "6a142e4f038935029664e642",
            "title": "Sprint Planning 1779707469165",
            "description": "Define Q3 OKRs and deliverables",
            "category": "Work",
            "completed": false,
            "created_at": "2026-05-25T11:11:11.150Z",
            "updated_at": "2026-05-25T11:11:11.150Z",
            "user_id": "6a13093f0389350296640430"
        },
        {
            "id": "6a142e39038935029664e617",
            "title": "After Update",
            "description": "updated description",
            "category": "Work",
            "completed": false,
            "created_at": "2026-05-25T11:10:49.582Z",
            "updated_at": "2026-05-25T11:10:49.982Z",
            "user_id": "6a13093f0389350296640430"
        },
        {
            "id": "6a142e35038935029664e5fe",
            "title": "API Test Note 1779707445353",
            "description": "Created via API",
            "category": "Work",
            "completed": false,
            "created_at": "2026-05-25T11:10:45.668Z",
            "updated_at": "2026-05-25T11:10:45.668Z",
            "user_id": "6a13093f0389350296640430"
        },
        {
            "id": "6a142e10038935029664e570",
            "title": "Personal Note 1779707157559",
            "description": "Personal category note",
            "category": "Personal",
            "completed": false,
            "created_at": "2026-05-25T11:10:08.914Z",
            "updated_at": "2026-05-25T11:10:08.914Z",
            "user_id": "6a13093f0389350296640430"
        },
        {
            "id": "6a142e00038935029664e513",
            "title": "Work Note 1779707157559",
            "description": "Work category note",
            "category": "Work",
            "completed": false,
            "created_at": "2026-05-25T11:09:52.194Z",
            "updated_at": "2026-05-25T11:09:52.194Z",
            "user_id": "6a13093f0389350296640430"
        },
        {
            "id": "6a142def038935029664e4e4",
            "title": "Home Note 1779707157559",
            "description": "Home category note",
            "category": "Home",
            "completed": false,
            "created_at": "2026-05-25T11:09:35.276Z",
            "updated_at": "2026-05-25T11:09:35.276Z",
            "user_id": "6a13093f0389350296640430"
        },
        {
            "id": "6a142d91038935029664e38c",
            "title": "Updated Edit Target 1779707278620",
            "description": "Will be edited",
            "category": "Work",
            "completed": false,
            "created_at": "2026-05-25T11:08:01.016Z",
            "updated_at": "2026-05-25T11:08:25.490Z",
            "user_id": "6a13093f0389350296640430"
        },
        {
            "id": "6a142d53038935029664e2a9",
            "title": "Grocery List 1779707216634",
            "description": "Buy milk, eggs, and bread",
            "category": "Home",
            "completed": false,
            "created_at": "2026-05-25T11:06:59.244Z",
            "updated_at": "2026-05-25T11:06:59.244Z",
            "user_id": "6a13093f0389350296640430"
        },
        {
            "id": "6a142bbb038935029664e081",
            "title": "Sprint Planning 1779706809978",
            "description": "Define Q3 OKRs and deliverables",
            "category": "Work",
            "completed": false,
            "created_at": "2026-05-25T11:00:11.622Z",
            "updated_at": "2026-05-25T11:00:11.622Z",
            "user_id": "6a13093f0389350296640430"
        },
        {
            "id": "6a142ba8038935029664e04d",
            "title": "After Update",
            "description": "updated description",
            "category": "Work",
            "completed": false,
            "created_at": "2026-05-25T10:59:52.249Z",
            "updated_at": "2026-05-25T10:59:52.679Z",
            "user_id": "6a13093f0389350296640430"
        },
        {
            "id": "6a142ba4038935029664e032",
            "title": "API Test Note 1779706788415",
            "description": "Created via API",
            "category": "Work",
            "completed": false,
            "created_at": "2026-05-25T10:59:48.691Z",
            "updated_at": "2026-05-25T10:59:48.691Z",
            "user_id": "6a13093f0389350296640430"
        },
        {
            "id": "6a142b82038935029664e022",
            "title": "Personal Note 1779706507449",
            "description": "Personal category note",
            "category": "Personal",
            "completed": false,
            "created_at": "2026-05-25T10:59:14.142Z",
            "updated_at": "2026-05-25T10:59:14.142Z",
            "user_id": "6a13093f0389350296640430"
        },
        {
            "id": "6a142b70038935029664e019",
            "title": "Work Note 1779706507449",
            "description": "Work category note",
            "category": "Work",
            "completed": false,
            "created_at": "2026-05-25T10:58:56.906Z",
            "updated_at": "2026-05-25T10:58:56.906Z",
            "user_id": "6a13093f0389350296640430"
        },
        {
            "id": "6a142b5f038935029664e004",
            "title": "Home Note 1779706507449",
            "description": "Home category note",
            "category": "Home",
            "completed": false,
            "created_at": "2026-05-25T10:58:39.126Z",
            "updated_at": "2026-05-25T10:58:39.126Z",
            "user_id": "6a13093f0389350296640430"
        },
        {
            "id": "6a142b05038935029664df55",
            "title": "Updated Edit Target 1779706627337",
            "description": "Will be edited",
            "category": "Work",
            "completed": false,
            "created_at": "2026-05-25T10:57:09.314Z",
            "updated_at": "2026-05-25T10:57:29.191Z",
            "user_id": "6a13093f0389350296640430"
        },
        {
            "id": "6a142ac7038935029664def3",
            "title": "Grocery List 1779706565730",
            "description": "Buy milk, eggs, and bread",
            "category": "Home",
            "completed": false,
            "created_at": "2026-05-25T10:56:07.339Z",
            "updated_at": "2026-05-25T10:56:07.339Z",
            "user_id": "6a13093f0389350296640430"
        },
        {
            "id": "6a1429f2038935029664ddfe",
            "title": "Sprint Planning 1779706351934",
            "description": "Define Q3 OKRs and deliverables",
            "category": "Work",
            "completed": false,
            "created_at": "2026-05-25T10:52:34.817Z",
            "updated_at": "2026-05-25T10:52:34.817Z",
            "user_id": "6a13093f0389350296640430"
        },
        {
            "id": "6a1429d5038935029664ddb2",
            "title": "After Update",
            "description": "updated description",
            "category": "Work",
            "completed": false,
            "created_at": "2026-05-25T10:52:05.710Z",
            "updated_at": "2026-05-25T10:52:06.179Z",
            "user_id": "6a13093f0389350296640430"
        },
        {
            "id": "6a1429d1038935029664dda3",
            "title": "API Test Note 1779706320956",
            "description": "Created via API",
            "category": "Work",
            "completed": false,
            "created_at": "2026-05-25T10:52:01.252Z",
            "updated_at": "2026-05-25T10:52:01.252Z",
            "user_id": "6a13093f0389350296640430"
        },
        {
            "id": "6a1429a7038935029664dd67",
            "title": "Personal Note 1779706026300",
            "description": "Personal category note",
            "category": "Personal",
            "completed": false,
            "created_at": "2026-05-25T10:51:19.384Z",
            "updated_at": "2026-05-25T10:51:19.384Z",
            "user_id": "6a13093f0389350296640430"
        },
        {
            "id": "6a142997038935029664dd5d",
            "title": "Work Note 1779706026300",
            "description": "Work category note",
            "category": "Work",
            "completed": false,
            "created_at": "2026-05-25T10:51:03.598Z",
            "updated_at": "2026-05-25T10:51:03.598Z",
            "user_id": "6a13093f0389350296640430"
        },
        {
            "id": "6a142986038935029664dd53",
            "title": "Home Note 1779706026300",
            "description": "Home category note",
            "category": "Home",
            "completed": false,
            "created_at": "2026-05-25T10:50:46.676Z",
            "updated_at": "2026-05-25T10:50:46.676Z",
            "user_id": "6a13093f0389350296640430"
        },
        {
            "id": "6a142933038935029664dccd",
            "title": "Updated Edit Target 1779706161284",
            "description": "Will be edited",
            "category": "Work",
            "completed": false,
            "created_at": "2026-05-25T10:49:23.388Z",
            "updated_at": "2026-05-25T10:49:44.882Z",
            "user_id": "6a13093f0389350296640430"
        },
        {
            "id": "6a1428ee038935029664dca5",
            "title": "Grocery List 1779706089160",
            "description": "Buy milk, eggs, and bread",
            "category": "Home",
            "completed": false,
            "created_at": "2026-05-25T10:48:14.518Z",
            "updated_at": "2026-05-25T10:48:14.518Z",
            "user_id": "6a13093f0389350296640430"
        },
        {
            "id": "6a1427df038935029664dc11",
            "title": "Updated Edit Target 1779705821859",
            "description": "Will be edited",
            "category": "Work",
            "completed": false,
            "created_at": "2026-05-25T10:43:43.755Z",
            "updated_at": "2026-05-25T10:43:53.803Z",
            "user_id": "6a13093f0389350296640430"
        },
        {
            "id": "6a1427c0038935029664dbf4",
            "title": "Grocery List 1779705790640",
            "description": "Buy milk, eggs, and bread",
            "category": "Home",
            "completed": false,
            "created_at": "2026-05-25T10:43:12.480Z",
            "updated_at": "2026-05-25T10:43:12.480Z",
            "user_id": "6a13093f0389350296640430"
        },
        {
            "id": "6a14248c038935029664da0c",
            "title": "Sprint Planning 1779704970435",
            "description": "Define Q3 OKRs and deliverables",
            "category": "Work",
            "completed": false,
            "created_at": "2026-05-25T10:29:32.204Z",
            "updated_at": "2026-05-25T10:29:32.204Z",
            "user_id": "6a13093f0389350296640430"
        },
        {
            "id": "6a142476038935029664d9f7",
            "title": "After Update",
            "description": "updated description",
            "category": "Work",
            "completed": false,
            "created_at": "2026-05-25T10:29:10.910Z",
            "updated_at": "2026-05-25T10:29:11.317Z",
            "user_id": "6a13093f0389350296640430"
        },
        {
            "id": "6a142471038935029664d9de",
            "title": "API Test Note 1779704945126",
            "description": "Created via API",
            "category": "Work",
            "completed": false,
            "created_at": "2026-05-25T10:29:05.400Z",
            "updated_at": "2026-05-25T10:29:05.400Z",
            "user_id": "6a13093f0389350296640430"
        },
        {
            "id": "6a142427038935029664d9a7",
            "title": "Updated Edit Target 1779704869824",
            "description": "Will be edited",
            "category": "Work",
            "completed": false,
            "created_at": "2026-05-25T10:27:51.378Z",
            "updated_at": "2026-05-25T10:28:00.396Z",
            "user_id": "6a13093f0389350296640430"
        },
        {
            "id": "6a1423b2038935029664d91b",
            "title": "Personal Note 1779704679730",
            "description": "Personal category note",
            "category": "Personal",
            "completed": false,
            "created_at": "2026-05-25T10:25:54.404Z",
            "updated_at": "2026-05-25T10:25:54.404Z",
            "user_id": "6a13093f0389350296640430"
        },
        {
            "id": "6a1423a6038935029664d8ff",
            "title": "Work Note 1779704679730",
            "description": "Work category note",
            "category": "Work",
            "completed": false,
            "created_at": "2026-05-25T10:25:42.025Z",
            "updated_at": "2026-05-25T10:25:42.025Z",
            "user_id": "6a13093f0389350296640430"
        },
        {
            "id": "6a14239b038935029664d8f6",
            "title": "Grocery List 1779704718288",
            "description": "Buy milk, eggs, and bread",
            "category": "Home",
            "completed": false,
            "created_at": "2026-05-25T10:25:31.066Z",
            "updated_at": "2026-05-25T10:25:31.066Z",
            "user_id": "6a13093f0389350296640430"
        },
        {
            "id": "6a142399038935029664d8f2",
            "title": "Home Note 1779704679730",
            "description": "Home category note",
            "category": "Home",
            "completed": false,
            "created_at": "2026-05-25T10:25:29.850Z",
            "updated_at": "2026-05-25T10:25:29.850Z",
            "user_id": "6a13093f0389350296640430"
        },
        {
            "id": "6a142310038935029664d861",
            "title": "Sprint Planning 1779704586555",
            "description": "Define Q3 OKRs and deliverables",
            "category": "Work",
            "completed": false,
            "created_at": "2026-05-25T10:23:12.076Z",
            "updated_at": "2026-05-25T10:23:12.076Z",
            "user_id": "6a13093f0389350296640430"
        },
        {
            "id": "6a140e70038935029664cff0",
            "title": "Sprint Planning 1779699304873",
            "description": "Define Q3 OKRs and deliverables",
            "category": "Work",
            "completed": false,
            "created_at": "2026-05-25T08:55:12.015Z",
            "updated_at": "2026-05-25T08:55:12.015Z",
            "user_id": "6a13093f0389350296640430"
        },
        {
            "id": "6a140e54038935029664cfc8",
            "title": "After Update",
            "description": "updated description",
            "category": "Work",
            "completed": false,
            "created_at": "2026-05-25T08:54:44.262Z",
            "updated_at": "2026-05-25T08:54:44.646Z",
            "user_id": "6a13093f0389350296640430"
        },
        {
            "id": "6a140e51038935029664cfb1",
            "title": "API Test Note 1779699277374",
            "description": "Created via API",
            "category": "Work",
            "completed": false,
            "created_at": "2026-05-25T08:54:41.265Z",
            "updated_at": "2026-05-25T08:54:41.265Z",
            "user_id": "6a13093f0389350296640430"
        },
        {
            "id": "6a140e20038935029664cf81",
            "title": "Updated Edit Target 1779699227276",
            "description": "Will be edited",
            "category": "Work",
            "completed": false,
            "created_at": "2026-05-25T08:53:52.477Z",
            "updated_at": "2026-05-25T08:54:00.645Z",
            "user_id": "6a13093f0389350296640430"
        },
        {
            "id": "6a140e07038935029664cf53",
            "title": "Personal Note 1779699165091",
            "description": "Personal category note",
            "category": "Personal",
            "completed": false,
            "created_at": "2026-05-25T08:53:27.298Z",
            "updated_at": "2026-05-25T08:53:27.298Z",
            "user_id": "6a13093f0389350296640430"
        },
        {
            "id": "6a140dfd038935029664cf4d",
            "title": "Work Note 1779699165091",
            "description": "Work category note",
            "category": "Work",
            "completed": false,
            "created_at": "2026-05-25T08:53:17.530Z",
            "updated_at": "2026-05-25T08:53:17.530Z",
            "user_id": "6a13093f0389350296640430"
        },
        {
            "id": "6a140dfa038935029664cf31",
            "title": "Grocery List 1779699188352",
            "description": "Buy milk, eggs, and bread",
            "category": "Home",
            "completed": false,
            "created_at": "2026-05-25T08:53:14.162Z",
            "updated_at": "2026-05-25T08:53:14.162Z",
            "user_id": "6a13093f0389350296640430"
        },
        {
            "id": "6a140df5038935029664cf25",
            "title": "Home Note 1779699165091",
            "description": "Home category note",
            "category": "Home",
            "completed": false,
            "created_at": "2026-05-25T08:53:09.418Z",
            "updated_at": "2026-05-25T08:53:09.418Z",
            "user_id": "6a13093f0389350296640430"
        },
        {
            "id": "6a140d39038935029664ce22",
            "title": "Sprint Planning 1779698995066",
            "description": "Define Q3 OKRs and deliverables",
            "category": "Work",
            "completed": false,
            "created_at": "2026-05-25T08:50:01.229Z",
            "updated_at": "2026-05-25T08:50:01.229Z",
            "user_id": "6a13093f0389350296640430"
        },
        {
            "id": "6a140c85038935029664cd56",
            "title": "Sprint Planning 1779698813943",
            "description": "Define Q3 OKRs and deliverables",
            "category": "Work",
            "completed": false,
            "created_at": "2026-05-25T08:47:01.628Z",
            "updated_at": "2026-05-25T08:47:01.628Z",
            "user_id": "6a13093f0389350296640430"
        },
        {
            "id": "6a140ba4038935029664ccb8",
            "title": "Sprint Planning 1779698590868",
            "description": "Define Q3 OKRs and deliverables",
            "category": "Work",
            "completed": false,
            "created_at": "2026-05-25T08:43:16.764Z",
            "updated_at": "2026-05-25T08:43:16.764Z",
            "user_id": "6a13093f0389350296640430"
        },
        {
            "id": "6a140b8c038935029664cc97",
            "title": "After Update",
            "description": "updated description",
            "category": "Work",
            "completed": false,
            "created_at": "2026-05-25T08:42:52.832Z",
            "updated_at": "2026-05-25T08:42:53.209Z",
            "user_id": "6a13093f0389350296640430"
        },
        {
            "id": "6a140b89038935029664cc80",
            "title": "API Test Note 1779698565761",
            "description": "Created via API",
            "category": "Work",
            "completed": false,
            "created_at": "2026-05-25T08:42:49.630Z",
            "updated_at": "2026-05-25T08:42:49.630Z",
            "user_id": "6a13093f0389350296640430"
        },
        {
            "id": "6a140b69038935029664cc53",
            "title": "Updated Edit Target 1779698531803",
            "description": "Will be edited",
            "category": "Work",
            "completed": false,
            "created_at": "2026-05-25T08:42:17.969Z",
            "updated_at": "2026-05-25T08:42:25.987Z",
            "user_id": "6a13093f0389350296640430"
        },
        {
            "id": "6a140b56038935029664cc44",
            "title": "Personal Note 1779698477663",
            "description": "Personal category note",
            "category": "Personal",
            "completed": false,
            "created_at": "2026-05-25T08:41:58.459Z",
            "updated_at": "2026-05-25T08:41:58.459Z",
            "user_id": "6a13093f0389350296640430"
        },
        {
            "id": "6a140b4c038935029664cc3a",
            "title": "Work Note 1779698477663",
            "description": "Work category note",
            "category": "Work",
            "completed": false,
            "created_at": "2026-05-25T08:41:48.297Z",
            "updated_at": "2026-05-25T08:41:48.297Z",
            "user_id": "6a13093f0389350296640430"
        },
        {
            "id": "6a140b46038935029664cc34",
            "title": "Grocery List 1779698495954",
            "description": "Buy milk, eggs, and bread",
            "category": "Home",
            "completed": false,
            "created_at": "2026-05-25T08:41:42.438Z",
            "updated_at": "2026-05-25T08:41:42.438Z",
            "user_id": "6a13093f0389350296640430"
        },
        {
            "id": "6a140b44038935029664cc2e",
            "title": "Home Note 1779698477663",
            "description": "Home category note",
            "category": "Home",
            "completed": false,
            "created_at": "2026-05-25T08:41:40.622Z",
            "updated_at": "2026-05-25T08:41:40.622Z",
            "user_id": "6a13093f0389350296640430"
        },
        {
            "id": "6a140aee038935029664cbfb",
            "title": "Sprint Planning 1779698408291",
            "description": "Define Q3 OKRs and deliverables",
            "category": "Work",
            "completed": false,
            "created_at": "2026-05-25T08:40:14.929Z",
            "updated_at": "2026-05-25T08:40:14.929Z",
            "user_id": "6a13093f0389350296640430"
        },
        {
            "id": "6a140ad8038935029664cbc5",
            "title": "After Update",
            "description": "updated description",
            "category": "Work",
            "completed": false,
            "created_at": "2026-05-25T08:39:52.630Z",
            "updated_at": "2026-05-25T08:39:52.994Z",
            "user_id": "6a13093f0389350296640430"
        },
        {
            "id": "6a140ad5038935029664cbae",
            "title": "API Test Note 1779698385711",
            "description": "Created via API",
            "category": "Work",
            "completed": false,
            "created_at": "2026-05-25T08:39:49.587Z",
            "updated_at": "2026-05-25T08:39:49.587Z",
            "user_id": "6a13093f0389350296640430"
        },
        {
            "id": "6a140abc038935029664cb83",
            "title": "Updated Edit Target 1779698357943",
            "description": "Will be edited",
            "category": "Work",
            "completed": false,
            "created_at": "2026-05-25T08:39:24.178Z",
            "updated_at": "2026-05-25T08:39:31.678Z",
            "user_id": "6a13093f0389350296640430"
        },
        {
            "id": "6a140aa1038935029664cb57",
            "title": "Personal Note 1779698295152",
            "description": "Personal category note",
            "category": "Personal",
            "completed": false,
            "created_at": "2026-05-25T08:38:57.375Z",
            "updated_at": "2026-05-25T08:38:57.375Z",
            "user_id": "6a13093f0389350296640430"
        },
        {
            "id": "6a140a97038935029664cb49",
            "title": "Work Note 1779698295152",
            "description": "Work category note",
            "category": "Work",
            "completed": false,
            "created_at": "2026-05-25T08:38:47.697Z",
            "updated_at": "2026-05-25T08:38:47.697Z",
            "user_id": "6a13093f0389350296640430"
        },
        {
            "id": "6a140a91038935029664cb41",
            "title": "Grocery List 1779698315249",
            "description": "Buy milk, eggs, and bread",
            "category": "Home",
            "completed": false,
            "created_at": "2026-05-25T08:38:41.412Z",
            "updated_at": "2026-05-25T08:38:41.412Z",
            "user_id": "6a13093f0389350296640430"
        },
        {
            "id": "6a140a90038935029664cb3d",
            "title": "Home Note 1779698295152",
            "description": "Home category note",
            "category": "Home",
            "completed": false,
            "created_at": "2026-05-25T08:38:40.237Z",
            "updated_at": "2026-05-25T08:38:40.237Z",
            "user_id": "6a13093f0389350296640430"
        },
        {
            "id": "6a1409ec038935029664ca95",
            "title": "Personal Note 1779698012099",
            "description": "Personal category note",
            "category": "Personal",
            "completed": false,
            "created_at": "2026-05-25T08:35:56.008Z",
            "updated_at": "2026-05-25T08:35:56.008Z",
            "user_id": "6a13093f0389350296640430"
        },
        {
            "id": "6a1409e7038935029664ca89",
            "title": "Work Note 1779698012099",
            "description": "Work category note",
            "category": "Work",
            "completed": false,
            "created_at": "2026-05-25T08:35:51.089Z",
            "updated_at": "2026-05-25T08:35:51.089Z",
            "user_id": "6a13093f0389350296640430"
        },
        {
            "id": "6a1409e2038935029664ca78",
            "title": "Home Note 1779698012099",
            "description": "Home category note",
            "category": "Home",
            "completed": false,
            "created_at": "2026-05-25T08:35:46.297Z",
            "updated_at": "2026-05-25T08:35:46.297Z",
            "user_id": "6a13093f0389350296640430"
        },
        {
            "id": "6a1409b0038935029664ca3c",
            "title": "Updated Edit Target 1779698090900",
            "description": "Will be edited",
            "category": "Work",
            "completed": false,
            "created_at": "2026-05-25T08:34:56.578Z",
            "updated_at": "2026-05-25T08:35:04.070Z",
            "user_id": "6a13093f0389350296640430"
        },
        {
            "id": "6a140997038935029664ca15",
            "title": "Grocery List 1779698065593",
            "description": "Buy milk, eggs, and bread",
            "category": "Home",
            "completed": false,
            "created_at": "2026-05-25T08:34:31.234Z",
            "updated_at": "2026-05-25T08:34:31.234Z",
            "user_id": "6a13093f0389350296640430"
        },
        {
            "id": "6a140917038935029664c9a5",
            "title": "Personal Note 1779697795551",
            "description": "Personal category note",
            "category": "Personal",
            "completed": false,
            "created_at": "2026-05-25T08:32:23.475Z",
            "updated_at": "2026-05-25T08:32:23.475Z",
            "user_id": "6a13093f0389350296640430"
        },
        {
            "id": "6a140912038935029664c99f",
            "title": "Work Note 1779697795551",
            "description": "Work category note",
            "category": "Work",
            "completed": false,
            "created_at": "2026-05-25T08:32:18.441Z",
            "updated_at": "2026-05-25T08:32:18.441Z",
            "user_id": "6a13093f0389350296640430"
        },
        {
            "id": "6a14090d038935029664c992",
            "title": "Home Note 1779697795551",
            "description": "Home category note",
            "category": "Home",
            "completed": false,
            "created_at": "2026-05-25T08:32:13.397Z",
            "updated_at": "2026-05-25T08:32:13.397Z",
            "user_id": "6a13093f0389350296640430"
        },
        {
            "id": "6a1408dd038935029664c95f",
            "title": "Updated Edit Target 1779697879658",
            "description": "Will be edited",
            "category": "Work",
            "completed": false,
            "created_at": "2026-05-25T08:31:25.107Z",
            "updated_at": "2026-05-25T08:31:32.529Z",
            "user_id": "6a13093f0389350296640430"
        },
        {
            "id": "6a1408c4038935029664c94d",
            "title": "Grocery List 1779697854538",
            "description": "Buy milk, eggs, and bread",
            "category": "Home",
            "completed": false,
            "created_at": "2026-05-25T08:31:00.971Z",
            "updated_at": "2026-05-25T08:31:00.971Z",
            "user_id": "6a13093f0389350296640430"
        },
        {
            "id": "6a140843038935029664c933",
            "title": "Personal Note 1779697556992",
            "description": "Personal category note",
            "category": "Personal",
            "completed": false,
            "created_at": "2026-05-25T08:28:51.348Z",
            "updated_at": "2026-05-25T08:28:51.348Z",
            "user_id": "6a13093f0389350296640430"
        },
        {
            "id": "6a14083d038935029664c92d",
            "title": "Work Note 1779697556992",
            "description": "Work category note",
            "category": "Work",
            "completed": false,
            "created_at": "2026-05-25T08:28:45.805Z",
            "updated_at": "2026-05-25T08:28:45.805Z",
            "user_id": "6a13093f0389350296640430"
        },
        {
            "id": "6a140838038935029664c927",
            "title": "Home Note 1779697556992",
            "description": "Home category note",
            "category": "Home",
            "completed": false,
            "created_at": "2026-05-25T08:28:40.883Z",
            "updated_at": "2026-05-25T08:28:40.883Z",
            "user_id": "6a13093f0389350296640430"
        },
        {
            "id": "6a140804038935029664c918",
            "title": "Updated Edit Target 1779697662925",
            "description": "Will be edited",
            "category": "Work",
            "completed": false,
            "created_at": "2026-05-25T08:27:48.539Z",
            "updated_at": "2026-05-25T08:27:57.482Z",
            "user_id": "6a13093f0389350296640430"
        },
        {
            "id": "6a1407e2038935029664c904",
            "title": "Grocery List 1779697628186",
            "description": "Buy milk, eggs, and bread",
            "category": "Home",
            "completed": false,
            "created_at": "2026-05-25T08:27:14.625Z",
            "updated_at": "2026-05-25T08:27:14.625Z",
            "user_id": "6a13093f0389350296640430"
        },
        {
            "id": "6a14061d038935029664c6ac",
            "title": "Personal Note 1779697035597",
            "description": "Personal category note",
            "category": "Personal",
            "completed": false,
            "created_at": "2026-05-25T08:19:41.697Z",
            "updated_at": "2026-05-25T08:19:41.697Z",
            "user_id": "6a13093f0389350296640430"
        },
        {
            "id": "6a140618038935029664c69c",
            "title": "Work Note 1779697035597",
            "description": "Work category note",
            "category": "Work",
            "completed": false,
            "created_at": "2026-05-25T08:19:36.639Z",
            "updated_at": "2026-05-25T08:19:36.639Z",
            "user_id": "6a13093f0389350296640430"
        },
        {
            "id": "6a140613038935029664c696",
            "title": "Home Note 1779697035597",
            "description": "Home category note",
            "category": "Home",
            "completed": false,
            "created_at": "2026-05-25T08:19:31.640Z",
            "updated_at": "2026-05-25T08:19:31.640Z",
            "user_id": "6a13093f0389350296640430"
        },
        {
            "id": "6a1405fa038935029664c673",
            "title": "Updated Edit Target 1779697140790",
            "description": "Will be edited",
            "category": "Work",
            "completed": false,
            "created_at": "2026-05-25T08:19:06.611Z",
            "updated_at": "2026-05-25T08:19:19.429Z",
            "user_id": "6a13093f0389350296640430"
        },
        {
            "id": "6a1405d5038935029664c63c",
            "title": "Grocery List 1779697103164",
            "description": "Buy milk, eggs, and bread",
            "category": "Home",
            "completed": false,
            "created_at": "2026-05-25T08:18:29.429Z",
            "updated_at": "2026-05-25T08:18:29.429Z",
            "user_id": "6a13093f0389350296640430"
        },
        {
            "id": "6a1404f3038935029664c548",
            "title": "Personal Note 1779696722134",
            "description": "Personal category note",
            "category": "Personal",
            "completed": false,
            "created_at": "2026-05-25T08:14:43.531Z",
            "updated_at": "2026-05-25T08:14:43.531Z",
            "user_id": "6a13093f0389350296640430"
        },
        {
            "id": "6a1404ee038935029664c540",
            "title": "Work Note 1779696722134",
            "description": "Work category note",
            "category": "Work",
            "completed": false,
            "created_at": "2026-05-25T08:14:38.370Z",
            "updated_at": "2026-05-25T08:14:38.370Z",
            "user_id": "6a13093f0389350296640430"
        },
        {
            "id": "6a1404e9038935029664c532",
            "title": "Home Note 1779696722134",
            "description": "Home category note",
            "category": "Home",
            "completed": false,
            "created_at": "2026-05-25T08:14:33.046Z",
            "updated_at": "2026-05-25T08:14:33.046Z",
            "user_id": "6a13093f0389350296640430"
        },
        {
            "id": "6a1404b6038935029664c4e7",
            "title": "Updated Edit Target 1779696816907",
            "description": "Will be edited",
            "category": "Work",
            "completed": false,
            "created_at": "2026-05-25T08:13:42.768Z",
            "updated_at": "2026-05-25T08:13:50.113Z",
            "user_id": "6a13093f0389350296640430"
        },
        {
            "id": "6a140499038935029664c498",
            "title": "Grocery List 1779696787271",
            "description": "Buy milk, eggs, and bread",
            "category": "Home",
            "completed": false,
            "created_at": "2026-05-25T08:13:13.318Z",
            "updated_at": "2026-05-25T08:13:13.318Z",
            "user_id": "6a13093f0389350296640430"
        },
        {
            "id": "6a1403cc038935029664c31e",
            "title": "Work Note 1779696446056",
            "description": "Work category note",
            "category": "Work",
            "completed": false,
            "created_at": "2026-05-25T08:09:48.982Z",
            "updated_at": "2026-05-25T08:09:48.982Z",
            "user_id": "6a13093f0389350296640430"
        },
        {
            "id": "6a1403c3038935029664c2d9",
            "title": "Home Note 1779696446056",
            "description": "Home category note",
            "category": "Home",
            "completed": false,
            "created_at": "2026-05-25T08:09:39.671Z",
            "updated_at": "2026-05-25T08:09:39.671Z",
            "user_id": "6a13093f0389350296640430"
        },
        {
            "id": "6a1403ad038935029664c295",
            "title": "Updated Edit Target 1779696552089",
            "description": "Will be edited",
            "category": "Work",
            "completed": false,
            "created_at": "2026-05-25T08:09:17.671Z",
            "updated_at": "2026-05-25T08:09:26.083Z",
            "user_id": "6a13093f0389350296640430"
        },
        {
            "id": "6a140393038935029664c284",
            "title": "Grocery List 1779696524826",
            "description": "Buy milk, eggs, and bread",
            "category": "Home",
            "completed": false,
            "created_at": "2026-05-25T08:08:51.131Z",
            "updated_at": "2026-05-25T08:08:51.131Z",
            "user_id": "6a13093f0389350296640430"
        },
        {
            "id": "6a1402c9038935029664c17c",
            "title": "Personal Note 1779696178885",
            "description": "Personal category note",
            "category": "Personal",
            "completed": false,
            "created_at": "2026-05-25T08:05:29.795Z",
            "updated_at": "2026-05-25T08:05:29.795Z",
            "user_id": "6a13093f0389350296640430"
        },
        {
            "id": "6a1402c3038935029664c172",
            "title": "Work Note 1779696178885",
            "description": "Work category note",
            "category": "Work",
            "completed": false,
            "created_at": "2026-05-25T08:05:23.733Z",
            "updated_at": "2026-05-25T08:05:23.733Z",
            "user_id": "6a13093f0389350296640430"
        },
        {
            "id": "6a1402bb038935029664c168",
            "title": "Home Note 1779696178885",
            "description": "Home category note",
            "category": "Home",
            "completed": false,
            "created_at": "2026-05-25T08:05:15.739Z",
            "updated_at": "2026-05-25T08:05:15.739Z",
            "user_id": "6a13093f0389350296640430"
        },
        {
            "id": "6a14029e038935029664c129",
            "title": "Updated Edit Target 1779696279957",
            "description": "Will be edited",
            "category": "Work",
            "completed": false,
            "created_at": "2026-05-25T08:04:46.299Z",
            "updated_at": "2026-05-25T08:04:57.633Z",
            "user_id": "6a13093f0389350296640430"
        },
        {
            "id": "6a140280038935029664c10d",
            "title": "Grocery List 1779696250897",
            "description": "Buy milk, eggs, and bread",
            "category": "Home",
            "completed": false,
            "created_at": "2026-05-25T08:04:16.757Z",
            "updated_at": "2026-05-25T08:04:16.757Z",
            "user_id": "6a13093f0389350296640430"
        },
        {
            "id": "6a1401d5038935029664bf9e",
            "title": "Personal Note 1779695925275",
            "description": "Personal category note",
            "category": "Personal",
            "completed": false,
            "created_at": "2026-05-25T08:01:25.114Z",
            "updated_at": "2026-05-25T08:01:25.114Z",
            "user_id": "6a13093f0389350296640430"
        },
        {
            "id": "6a1401ce038935029664bf93",
            "title": "Work Note 1779695925275",
            "description": "Work category note",
            "category": "Work",
            "completed": false,
            "created_at": "2026-05-25T08:01:18.719Z",
            "updated_at": "2026-05-25T08:01:18.719Z",
            "user_id": "6a13093f0389350296640430"
        },
        {
            "id": "6a1401c4038935029664bf89",
            "title": "Home Note 1779695925275",
            "description": "Home category note",
            "category": "Home",
            "completed": false,
            "created_at": "2026-05-25T08:01:08.046Z",
            "updated_at": "2026-05-25T08:01:08.046Z",
            "user_id": "6a13093f0389350296640430"
        },
        {
            "id": "6a1401a7038935029664bf4e",
            "title": "Updated Edit Target 1779696034009",
            "description": "Will be edited",
            "category": "Work",
[...]
            "category": "Home",
            "completed": false,
            "created_at": "2026-05-25T08:14:33.046Z",
            "updated_at": "2026-05-25T08:14:33.046Z",
            "user_id": "6a13093f0389350296640430"
        },
        {
            "id": "6a1404b6038935029664c4e7",
            "title": "Updated Edit Target 1779696816907",
            "description": "Will be edited",
            "category": "Work",
            "completed": false,
            "created_at": "2026-05-25T08:13:42.768Z",
            "updated_at": "2026-05-25T08:13:50.113Z",
            "user_id": "6a13093f0389350296640430"
        },
        {
            "id": "6a140499038935029664c498",
            "title": "Grocery List 1779696787271",
            "description": "Buy milk, eggs, and bread",
            "category": "Home",
            "completed": false,
            "created_at": "2026-05-25T08:13:13.318Z",
            "updated_at": "2026-05-25T08:13:13.318Z",
            "user_id": "6a13093f0389350296640430"
        },
        {
            "id": "6a1403cc038935029664c31e",
            "title": "Work Note 1779696446056",
            "description": "Work category note",
            "category": "Work",
            "completed": false,
            "created_at": "2026-05-25T08:09:48.982Z",
            "updated_at": "2026-05-25T08:09:48.982Z",
            "user_id": "6a13093f0389350296640430"
        },
        {
            "id": "6a1403c3038935029664c2d9",
            "title": "Home Note 1779696446056",
            "description": "Home category note",
            "category": "Home",
            "completed": false,
            "created_at": "2026-05-25T08:09:39.671Z",
            "updated_at": "2026-05-25T08:09:39.671Z",
            "user_id": "6a13093f0389350296640430"
        },
        {
            "id": "6a1403ad038935029664c295",
            "title": "Updated Edit Target 1779696552089",
            "description": "Will be edited",
            "category": "Work",
            "completed": false,
            "created_at": "2026-05-25T08:09:17.671Z",
            "updated_at": "2026-05-25T08:09:26.083Z",
            "user_id": "6a13093f0389350296640430"
        },
        {
            "id": "6a140393038935029664c284",
            "title": "Grocery List 1779696524826",
            "description": "Buy milk, eggs, and bread",
            "category": "Home",
            "completed": false,
            "created_at": "2026-05-25T08:08:51.131Z",
            "updated_at": "2026-05-25T08:08:51.131Z",
            "user_id": "6a13093f0389350296640430"
        },
        {
            "id": "6a1402c9038935029664c17c",
            "title": "Personal Note 1779696178885",
            "description": "Personal category note",
            "category": "Personal",
            "completed": false,
            "created_at": "2026-05-25T08:05:29.795Z",
            "updated_at": "2026-05-25T08:05:29.795Z",
            "user_id": "6a13093f0389350296640430"
        },
        {
            "id": "6a1402c3038935029664c172",
            "title": "Work Note 1779696178885",
            "description": "Work category note",
            "category": "Work",
            "completed": false,
            "created_at": "2026-05-25T08:05:23.733Z",
            "updated_at": "2026-05-25T08:05:23.733Z",
            "user_id": "6a13093f0389350296640430"
        },
        {
            "id": "6a1402bb038935029664c168",
            "title": "Home Note 1779696178885",
            "description": "Home category note",
            "category": "Home",
            "completed": false,
            "created_at": "2026-05-25T08:05:15.739Z",
            "updated_at": "2026-05-25T08:05:15.739Z",
            "user_id": "6a13093f0389350296640430"
        },
        {
            "id": "6a14029e038935029664c129",
            "title": "Updated Edit Target 1779696279957",
            "description": "Will be edited",
            "category": "Work",
            "completed": false,
            "created_at": "2026-05-25T08:04:46.299Z",
            "updated_at": "2026-05-25T08:04:57.633Z",
            "user_id": "6a13093f0389350296640430"
        },
        {
            "id": "6a140280038935029664c10d",
            "title": "Grocery List 1779696250897",
            "description": "Buy milk, eggs, and bread",
            "category": "Home",
            "completed": false,
            "created_at": "2026-05-25T08:04:16.757Z",
            "updated_at": "2026-05-25T08:04:16.757Z",
            "user_id": "6a13093f0389350296640430"
        },
        {
            "id": "6a1401d5038935029664bf9e",
            "title": "Personal Note 1779695925275",
            "description": "Personal category note",
            "category": "Personal",
            "completed": false,
            "created_at": "2026-05-25T08:01:25.114Z",
            "updated_at": "2026-05-25T08:01:25.114Z",
            "user_id": "6a13093f0389350296640430"
        },
        {
            "id": "6a1401ce038935029664bf93",
            "title": "Work Note 1779695925275",
            "description": "Work category note",
            "category": "Work",
            "completed": false,
            "created_at": "2026-05-25T08:01:18.719Z",
            "updated_at": "2026-05-25T08:01:18.719Z",
            "user_id": "6a13093f0389350296640430"
        },
        {
            "id": "6a1401c4038935029664bf89",
            "title": "Home Note 1779695925275",
            "description": "Home category note",
            "category": "Home",
            "completed": false,
            "created_at": "2026-05-25T08:01:08.046Z",
            "updated_at": "2026-05-25T08:01:08.046Z",
            "user_id": "6a13093f0389350296640430"
        },
        {
            "id": "6a1401a7038935029664bf4e",
            "title": "Updated Edit Target 1779696034009",
            "description": "Will be edited",
            "category": "Work",
            "completed": false,
            "created_at": "2026-05-25T08:00:39.580Z",
            "updated_at": "2026-05-25T08:00:46.831Z",
            "user_id": "6a13093f0389350296640430"
        },
        {
            "id": "6a140183038935029664bea4",
            "title": "Grocery List 1779695997103",
            "description": "Buy milk, eggs, and bread",
            "category": "Home",
            "completed": false,
            "created_at": "2026-05-25T08:00:03.049Z",
            "updated_at": "2026-05-25T08:00:03.049Z",
            "user_id": "6a13093f0389350296640430"
        },
        {
            "id": "6a1400a5038935029664bc1e",
            "title": "Work Note 1779695583924",
            "description": "Work category note",
            "category": "Work",
            "completed": false,
            "created_at": "2026-05-25T07:56:21.692Z",
            "updated_at": "2026-05-25T07:56:21.692Z",
            "user_id": "6a13093f0389350296640430"
        },
        {
            "id": "6a14009a038935029664bbf5",
            "title": "Home Note 1779695583924",
            "description": "Home category note",
            "category": "Home",
            "completed": false,
            "created_at": "2026-05-25T07:56:10.276Z",
            "updated_at": "2026-05-25T07:56:10.276Z",
            "user_id": "6a13093f0389350296640430"
        },
        {
            "id": "6a140074038935029664bba9",
            "title": "Updated Edit Target 1779695726522",
            "description": "Will be edited",
            "category": "Work",
            "completed": false,
            "created_at": "2026-05-25T07:55:32.348Z",
            "updated_at": "2026-05-25T07:55:39.448Z",
            "user_id": "6a13093f0389350296640430"
        },
        {
            "id": "6a14004b038935029664bb79",
            "title": "Grocery List 1779695684776",
            "description": "Buy milk, eggs, and bread",
            "category": "Home",
            "completed": false,
            "created_at": "2026-05-25T07:54:51.025Z",
            "updated_at": "2026-05-25T07:54:51.025Z",
            "user_id": "6a13093f0389350296640430"
        },
        {
            "id": "6a13ffd4038935029664baff",
            "title": "Work Note 1779695324612",
            "description": "Work category note",
            "category": "Work",
            "completed": false,
            "created_at": "2026-05-25T07:52:52.709Z",
            "updated_at": "2026-05-25T07:52:52.709Z",
            "user_id": "6a13093f0389350296640430"
        },
        {
            "id": "6a13ffc6038935029664baf6",
            "title": "Home Note 1779695324612",
            "description": "Home category note",
            "category": "Home",
            "completed": false,
            "created_at": "2026-05-25T07:52:38.606Z",
            "updated_at": "2026-05-25T07:52:38.606Z",
            "user_id": "6a13093f0389350296640430"
        },
        {
            "id": "6a13ff93038935029664bada",
            "title": "Updated Edit Target 1779695500637",
            "description": "Will be edited",
            "category": "Work",
            "completed": false,
            "created_at": "2026-05-25T07:51:47.344Z",
            "updated_at": "2026-05-25T07:51:57.265Z",
            "user_id": "6a13093f0389350296640430"
        },
        {
            "id": "6a13ff5d038935029664bac5",
            "title": "Grocery List 1779695446783",
            "description": "Buy milk, eggs, and bread",
            "category": "Home",
            "completed": false,
            "created_at": "2026-05-25T07:50:53.084Z",
            "updated_at": "2026-05-25T07:50:53.084Z",
            "user_id": "6a13093f0389350296640430"
        },
        {
            "id": "6a13fdcd038935029664b800",
            "title": "Work Note 1779694800648",
            "description": "Work category note",
            "category": "Work",
            "completed": false,
            "created_at": "2026-05-25T07:44:13.545Z",
            "updated_at": "2026-05-25T07:44:13.545Z",
            "user_id": "6a13093f0389350296640430"
        },
        {
            "id": "6a13fdbc038935029664b790",
            "title": "Home Note 1779694800648",
            "description": "Home category note",
            "category": "Home",
            "completed": false,
            "created_at": "2026-05-25T07:43:56.374Z",
            "updated_at": "2026-05-25T07:43:56.374Z",
            "user_id": "6a13093f0389350296640430"
        },
        {
            "id": "6a13fd8b038935029664b6f5",
            "title": "Edit Target 1779694981478",
            "description": "Will be edited",
            "category": "Work",
            "completed": false,
            "created_at": "2026-05-25T07:43:07.957Z",
            "updated_at": "2026-05-25T07:43:07.957Z",
            "user_id": "6a13093f0389350296640430"
        },
        {
            "id": "6a13fd5c038935029664b623",
            "title": "Grocery List 1779694931590",
            "description": "Buy milk, eggs, and bread",
            "category": "Home",
            "completed": false,
            "created_at": "2026-05-25T07:42:20.065Z",
            "updated_at": "2026-05-25T07:42:20.065Z",
            "user_id": "6a13093f0389350296640430"
        },
        {
            "id": "6a13fc35038935029664b3e2",
            "title": "My Test Note 12345",
            "description": "My test note description 12345",
            "category": "Home",
            "completed": false,
            "created_at": "2026-05-25T07:37:25.957Z",
            "updated_at": "2026-05-25T07:37:25.957Z",
            "user_id": "6a13093f0389350296640430"
        },
        {
            "id": "6a13fab1038935029664b1be",
            "title": "Personal Note 1779694039040",
            "description": "Personal category note",
            "category": "Personal",
            "completed": false,
            "created_at": "2026-05-25T07:30:57.346Z",
            "updated_at": "2026-05-25T07:30:57.346Z",
            "user_id": "6a13093f0389350296640430"
        },
        {
            "id": "6a13faab038935029664b1a9",
            "title": "Work Note 1779694039040",
            "description": "Work category note",
            "category": "Work",
            "completed": false,
            "created_at": "2026-05-25T07:30:51.460Z",
            "updated_at": "2026-05-25T07:30:51.460Z",
            "user_id": "6a13093f0389350296640430"
        },
        {
            "id": "6a13faa3038935029664b18e",
            "title": "Home Note 1779694039040",
            "description": "Home category note",
            "category": "Home",
            "completed": false,
            "created_at": "2026-05-25T07:30:43.968Z",
            "updated_at": "2026-05-25T07:30:43.968Z",
            "user_id": "6a13093f0389350296640430"
        },
        {
            "id": "6a13fa83038935029664b152",
            "title": "Edit Target 1779694204516",
            "description": "Will be edited",
            "category": "Work",
            "completed": false,
            "created_at": "2026-05-25T07:30:11.182Z",
            "updated_at": "2026-05-25T07:30:11.182Z",
            "user_id": "6a13093f0389350296640430"
        },
        {
            "id": "6a13fa47038935029664b11d",
            "title": "Grocery List 1779694145147",
            "description": "Buy milk, eggs, and bread",
            "category": "Home",
            "completed": false,
            "created_at": "2026-05-25T07:29:11.252Z",
            "updated_at": "2026-05-25T07:29:11.252Z",
            "user_id": "6a13093f0389350296640430"
        },
        {
            "id": "6a13f925038935029664aef1",
            "title": "Home Note 1779693757303",
            "description": "Home category note",
            "category": "Home",
            "completed": false,
            "created_at": "2026-05-25T07:24:21.628Z",
            "updated_at": "2026-05-25T07:24:21.628Z",
            "user_id": "6a13093f0389350296640430"
        },
        {
            "id": "6a13f62c038935029664ab98",
            "title": "After Update",
            "description": "updated description",
            "category": "Work",
            "completed": false,
            "created_at": "2026-05-25T07:11:40.945Z",
            "updated_at": "2026-05-25T07:11:41.435Z",
            "user_id": "6a13093f0389350296640430"
        },
        {
            "id": "6a13f62b038935029664ab8f",
            "title": "API Test Note 1779693095918",
            "description": "Created via API",
            "category": "Work",
            "completed": false,
            "created_at": "2026-05-25T07:11:39.744Z",
            "updated_at": "2026-05-25T07:11:39.744Z",
            "user_id": "6a13093f0389350296640430"
        },
        {
            "id": "6a13f5e4038935029664ab3c",
            "title": "AfterPUT",
            "description": "new desc",
            "category": "Work",
            "completed": false,
            "created_at": "2026-05-25T07:10:28.174Z",
            "updated_at": "2026-05-25T07:10:28.474Z",
            "user_id": "6a13093f0389350296640430"
        },
        {
            "id": "6a13f5b3038935029664ab1e",
            "title": "TestPatch",
            "description": "orig",
            "category": "Home",
            "completed": false,
            "created_at": "2026-05-25T07:09:39.930Z",
            "updated_at": "2026-05-25T07:09:39.930Z",
            "user_id": "6a13093f0389350296640430"
        },
        {
            "id": "6a13f53b038935029664aa8f",
            "title": "PatchTestB",
            "description": "original desc",
            "category": "Home",
            "completed": false,
            "created_at": "2026-05-25T07:07:39.148Z",
            "updated_at": "2026-05-25T07:07:39.148Z",
            "user_id": "6a13093f0389350296640430"
        },
        {
            "id": "6a13f4cf038935029664a9bb",
            "title": "Before Update 1779692747529",
            "description": "original",
            "category": "Home",
            "completed": false,
            "created_at": "2026-05-25T07:05:51.351Z",
            "updated_at": "2026-05-25T07:05:51.351Z",
            "user_id": "6a13093f0389350296640430"
        },
        {
            "id": "6a13f4ce038935029664a9b2",
            "title": "API Test Note 1779692746295",
            "description": "Created via API",
            "category": "Work",
            "completed": false,
            "created_at": "2026-05-25T07:05:50.110Z",
            "updated_at": "2026-05-25T07:05:50.110Z",
            "user_id": "6a13093f0389350296640430"
        },
        {
            "id": "6a13f471038935029664a902",
            "title": "PatchTest",
            "description": "original",
            "category": "Home",
            "completed": false,
            "created_at": "2026-05-25T07:04:17.845Z",
            "updated_at": "2026-05-25T07:04:17.845Z",
            "user_id": "6a13093f0389350296640430"
        },
        {
            "id": "6a13f459038935029664a8d0",
            "title": "Before Update 1779692629196",
            "description": "original",
            "category": "Home",
            "completed": false,
            "created_at": "2026-05-25T07:03:53.002Z",
            "updated_at": "2026-05-25T07:03:53.002Z",
            "user_id": "6a13093f0389350296640430"
        },
        {
            "id": "6a13f457038935029664a8c2",
            "title": "API Test Note 1779692627954",
            "description": "Created via API",
            "category": "Work",
            "completed": false,
            "created_at": "2026-05-25T07:03:51.766Z",
            "updated_at": "2026-05-25T07:03:51.766Z",
            "user_id": "6a13093f0389350296640430"
        }
    ]
}
2026-05-25 16:50:08.669 [main] ERROR io.qameta.allure.util.NamingUtils - Could not find parameter id
2026-05-25 16:50:08.669 [main] INFO  com.notesapp.api.NotesApi - Deleting note id: 6a143056038935029664e867
Request method:	DELETE
Request URI:	https://practice.expandtesting.com/notes/api/notes/6a143056038935029664e867
Proxy:			<none>
Request params:	<none>
Query params:	<none>
Form params:	<none>
Path params:	<none>
Headers:		Accept=application/json, application/javascript, text/javascript, text/json
				x-auth-token=28c2d533740b4ebdb650de8445edb1134a761d834667466ab05aec5436ac0589
				Content-Type=application/json
Cookies:		<none>
Multiparts:		<none>
Body:			<none>
HTTP/1.1 200 OK
access-control-allow-origin: *
access-control-allow-credentials: true
access-control-allow-methods: GET, POST, PUT, DELETE, PATCH
access-control-allow-headers: Origin, X-Requested-With, Authorization, Content-Type, Accept, X-Auth-Token
content-type: application/json; charset=utf-8
content-encoding: gzip
etag: W/"43-NRjYUraIosLt+x2lOOhDKG8vqCU"
set-cookie: express:sess=eyJmbGFzaCI6e319; path=/; httponly
set-cookie: express:sess.sig=tdt42nQZiQvICqmrvHQ1_16fHk0; path=/; httponly
date: Mon, 25 May 2026 11:20:08 GMT
connection: keep-alive
keep-alive: timeout=5
transfer-encoding: chunked

{
    "success": true,
    "status": 200,
    "message": "Note successfully deleted"
}
2026-05-25 16:50:54.585 [main] INFO  com.notesapp.pages.NotesPage - Dashboard ready — 'Add Note' button visible
2026-05-25 16:51:04.670 [main] INFO  com.notesapp.tests.e2e.DeleteSyncTest - TC-E2E-02 PASSED — API deletion reflected in UI for: 'Delete Sync Test 1779707989035'
]]></system-out>
    <system-err><![CDATA[May 25, 2026 4:49:43 PM org.openqa.selenium.devtools.CdpVersionFinder findNearestMatch
WARNING: Unable to find CDP implementation matching 148
May 25, 2026 4:49:43 PM org.openqa.selenium.chromium.ChromiumDriver lambda$new$5
WARNING: Unable to find version of CDP to use for 148.0.7778.168. You may need to include a dependency on a specific version of the CDP using something similar to `org.seleniumhq.selenium:selenium-devtools-v86:4.18.1` where the version ("v86") matches the version of the chromium-based browser you're using and the version number of the artifact is the same as Selenium's.
]]></system-err>
  </testcase>
</testsuite>