<?xml version="1.0" encoding="UTF-8"?>
<testsuite xmlns:xsi="http://www.w3.org/2001/XMLSchema-instance" xsi:noNamespaceSchemaLocation="https://maven.apache.org/surefire/maven-surefire-plugin/xsd/surefire-test-report-3.0.xsd" version="3.0" name="TestSuite" time="468.448" tests="21" errors="0" skipped="0" failures="0">
  <properties>
[...]
</properties>
  <testcase name="testLoginEmptyEmail" classname="com.notesapp.tests.ui.LoginTest" time="11.311">
    <system-out><![CDATA[2026-05-26 13:12:25.904 [main] INFO  org.testng.internal.Utils - [XmlSuite] [WARN] 'parallel' value 'false' is no longer valid, defaulting to 'none'.
2026-05-26 13:12:27.023 [main] WARN  org.testng.TestNG - Ignoring duplicate listener : io.qameta.allure.testng.AllureTestNg
2026-05-26 13:12:27.025 [main] WARN  org.testng.TestNG - Ignoring duplicate listener : io.qameta.allure.testng.AllureTestNg
2026-05-26 13:12:27.025 [main] WARN  org.testng.TestNG - Ignoring duplicate listener : io.qameta.allure.testng.AllureTestNg
2026-05-26 13:12:27.653 [main] INFO  com.notesapp.tests.e2e.UiApiSyncTest - Suite setup: Cleaning up all existing notes for the test user...
2026-05-26 13:12:28.238 [main] INFO  com.notesapp.api.AuthApi - API Login: omgdongare@gmail.com
Request method:	POST
Request URI:	https://practice.expandtesting.com/notes/api/users/login
Proxy:			<none>
Request params:	<none>
Query params:	<none>
Form params:	<none>
Path params:	<none>
Headers:		Accept=application/json, application/javascript, text/javascript, text/json
				Content-Type=application/json
Cookies:		<none>
Multiparts:		<none>
Body:
{
    "password": "123456",
    "email": "omgdongare@gmail.com"
}
HTTP/1.1 200 OK
access-control-allow-origin: *
access-control-allow-credentials: true
access-control-allow-methods: GET, POST, PUT, DELETE, PATCH
access-control-allow-headers: Origin, X-Requested-With, Authorization, Content-Type, Accept, X-Auth-Token
content-type: application/json; charset=utf-8
content-encoding: gzip
etag: W/"db-R/aX+b1prAJfk4Vakv2CfA2Kcsw"
set-cookie: express:sess=eyJmbGFzaCI6e319; path=/; httponly
set-cookie: express:sess.sig=tdt42nQZiQvICqmrvHQ1_16fHk0; path=/; httponly
date: Tue, 26 May 2026 07:42:36 GMT
connection: keep-alive
keep-alive: timeout=5
transfer-encoding: chunked

{
    "success": true,
    "status": 200,
    "message": "Login successful",
    "data": {
        "id": "6a13093f0389350296640430",
        "name": "omga",
        "email": "omgdongare@gmail.com",
        "token": "28c2d533740b4ebdb650de8445edb1134a761d834667466ab05aec5436ac0589"
    }
}
2026-05-26 13:12:37.710 [main] INFO  com.notesapp.api.AuthApi - Token obtained: 28c2d533...0589
2026-05-26 13:12:37.747 [main] INFO  com.notesapp.api.NotesApi - Cleaning up all notes via API...
2026-05-26 13:12:37.748 [main] INFO  com.notesapp.api.NotesApi - Fetching all notes via API
Request method:	GET
Request URI:	https://practice.expandtesting.com/notes/api/notes
Proxy:			<none>
Request params:	<none>
Query params:	<none>
Form params:	<none>
Path params:	<none>
Headers:		Accept=application/json, application/javascript, text/javascript, text/json
				x-auth-token=28c2d533740b4ebdb650de8445edb1134a761d834667466ab05aec5436ac0589
				Content-Type=application/json
Cookies:		<none>
Multiparts:		<none>
Body:			<none>
HTTP/1.1 200 OK
access-control-allow-origin: *
access-control-allow-credentials: true
access-control-allow-methods: GET, POST, PUT, DELETE, PATCH
access-control-allow-headers: Origin, X-Requested-With, Authorization, Content-Type, Accept, X-Auth-Token
content-type: application/json; charset=utf-8
content-encoding: gzip
etag: W/"359-UZ4Bbtw8RPp2eZ30i0JAxLg7DeQ"
set-cookie: express:sess=eyJmbGFzaCI6e319; path=/; httponly
set-cookie: express:sess.sig=tdt42nQZiQvICqmrvHQ1_16fHk0; path=/; httponly
date: Tue, 26 May 2026 07:42:39 GMT
connection: keep-alive
keep-alive: timeout=5
transfer-encoding: chunked

{
    "success": true,
    "status": 200,
    "message": "Notes successfully retrieved",
    "data": [
        {
            "id": "6a154d5753916b0295cce081",
            "title": "Sprint Planning 1779780948688",
            "description": "Define Q3 OKRs and deliverables",
            "category": "Work",
            "completed": false,
            "created_at": "2026-05-26T07:35:51.389Z",
            "updated_at": "2026-05-26T07:35:51.389Z",
            "user_id": "6a13093f0389350296640430"
        },
        {
            "id": "6a154d3f53916b0295cce059",
            "title": "After Update",
            "description": "updated description",
            "category": "Work",
            "completed": false,
            "created_at": "2026-05-26T07:35:27.148Z",
            "updated_at": "2026-05-26T07:35:27.888Z",
            "user_id": "6a13093f0389350296640430"
        },
        {
            "id": "6a154d3a53916b0295cce04a",
            "title": "API Test Note 1779780921531",
            "description": "Created via API",
            "category": "Work",
            "completed": false,
            "created_at": "2026-05-26T07:35:22.931Z",
            "updated_at": "2026-05-26T07:35:22.931Z",
            "user_id": "6a13093f0389350296640430"
        }
    ]
}
2026-05-26 13:12:38.317 [main] INFO  com.notesapp.api.NotesApi - Found 3 notes to delete.
2026-05-26 13:12:38.318 [main] ERROR io.qameta.allure.util.NamingUtils - Could not find parameter id
2026-05-26 13:12:38.319 [main] INFO  com.notesapp.api.NotesApi - Deleting note id: 6a154d5753916b0295cce081
Request method:	DELETE
Request URI:	https://practice.expandtesting.com/notes/api/notes/6a154d5753916b0295cce081
Proxy:			<none>
Request params:	<none>
Query params:	<none>
Form params:	<none>
Path params:	<none>
Headers:		Accept=application/json, application/javascript, text/javascript, text/json
				x-auth-token=28c2d533740b4ebdb650de8445edb1134a761d834667466ab05aec5436ac0589
				Content-Type=application/json
Cookies:		<none>
Multiparts:		<none>
Body:			<none>
HTTP/1.1 200 OK
access-control-allow-origin: *
access-control-allow-credentials: true
access-control-allow-methods: GET, POST, PUT, DELETE, PATCH
access-control-allow-headers: Origin, X-Requested-With, Authorization, Content-Type, Accept, X-Auth-Token
content-type: application/json; charset=utf-8
content-encoding: gzip
etag: W/"43-NRjYUraIosLt+x2lOOhDKG8vqCU"
set-cookie: express:sess=eyJmbGFzaCI6e319; path=/; httponly
set-cookie: express:sess.sig=tdt42nQZiQvICqmrvHQ1_16fHk0; path=/; httponly
date: Tue, 26 May 2026 07:42:39 GMT
connection: keep-alive
keep-alive: timeout=5
transfer-encoding: chunked

{
    "success": true,
    "status": 200,
    "message": "Note successfully deleted"
}
2026-05-26 13:12:38.783 [main] ERROR io.qameta.allure.util.NamingUtils - Could not find parameter id
2026-05-26 13:12:38.785 [main] INFO  com.notesapp.api.NotesApi - Deleting note id: 6a154d3f53916b0295cce059
Request method:	DELETE
Request URI:	https://practice.expandtesting.com/notes/api/notes/6a154d3f53916b0295cce059
Proxy:			<none>
Request params:	<none>
Query params:	<none>
Form params:	<none>
Path params:	<none>
Headers:		Accept=application/json, application/javascript, text/javascript, text/json
				x-auth-token=28c2d533740b4ebdb650de8445edb1134a761d834667466ab05aec5436ac0589
				Content-Type=application/json
Cookies:		<none>
Multiparts:		<none>
Body:			<none>
HTTP/1.1 200 OK
access-control-allow-origin: *
access-control-allow-credentials: true
access-control-allow-methods: GET, POST, PUT, DELETE, PATCH
access-control-allow-headers: Origin, X-Requested-With, Authorization, Content-Type, Accept, X-Auth-Token
content-type: application/json; charset=utf-8
content-encoding: gzip
etag: W/"43-NRjYUraIosLt+x2lOOhDKG8vqCU"
set-cookie: express:sess=eyJmbGFzaCI6e319; path=/; httponly
set-cookie: express:sess.sig=tdt42nQZiQvICqmrvHQ1_16fHk0; path=/; httponly
date: Tue, 26 May 2026 07:42:40 GMT
connection: keep-alive
keep-alive: timeout=5
transfer-encoding: chunked

{
    "success": true,
    "status": 200,
    "message": "Note successfully deleted"
}
2026-05-26 13:12:39.197 [main] ERROR io.qameta.allure.util.NamingUtils - Could not find parameter id
2026-05-26 13:12:39.198 [main] INFO  com.notesapp.api.NotesApi - Deleting note id: 6a154d3a53916b0295cce04a
Request method:	DELETE
Request URI:	https://practice.expandtesting.com/notes/api/notes/6a154d3a53916b0295cce04a
Proxy:			<none>
Request params:	<none>
Query params:	<none>
Form params:	<none>
Path params:	<none>
Headers:		Accept=application/json, application/javascript, text/javascript, text/json
				x-auth-token=28c2d533740b4ebdb650de8445edb1134a761d834667466ab05aec5436ac0589
				Content-Type=application/json
Cookies:		<none>
Multiparts:		<none>
Body:			<none>
HTTP/1.1 200 OK
access-control-allow-origin: *
access-control-allow-credentials: true
access-control-allow-methods: GET, POST, PUT, DELETE, PATCH
access-control-allow-headers: Origin, X-Requested-With, Authorization, Content-Type, Accept, X-Auth-Token
content-type: application/json; charset=utf-8
content-encoding: gzip
etag: W/"43-NRjYUraIosLt+x2lOOhDKG8vqCU"
set-cookie: express:sess=eyJmbGFzaCI6e319; path=/; httponly
set-cookie: express:sess.sig=tdt42nQZiQvICqmrvHQ1_16fHk0; path=/; httponly
date: Tue, 26 May 2026 07:42:40 GMT
connection: keep-alive
keep-alive: timeout=5
transfer-encoding: chunked

{
    "success": true,
    "status": 200,
    "message": "Note successfully deleted"
}
2026-05-26 13:12:39.654 [main] INFO  com.notesapp.api.NotesApi - Successfully deleted all 3 notes.
2026-05-26 13:12:39.654 [main] INFO  com.notesapp.tests.e2e.UiApiSyncTest - Suite setup: Note cleanup finished successfully.
2026-05-26 13:12:39.778 [main] INFO  com.notesapp.tests.ui.LoginTest - ====== Setting up driver: browser=chrome, headless=false ======
2026-05-26 13:12:40.185 [main] INFO  io.github.bonigarcia.wdm.WebDriverManager - Using chromedriver 148.0.7778.178 (resolved driver for Chrome 148)
2026-05-26 13:12:40.258 [main] INFO  io.github.bonigarcia.wdm.WebDriverManager - Exporting webdriver.chrome.driver as C:\Users\omdon\.cache\selenium\chromedriver\win64\148.0.7778.178\chromedriver.exe
2026-05-26 13:12:43.033 [main] INFO  com.notesapp.pages.LoginPage - Navigating to: https://practice.expandtesting.com/notes/app/login
2026-05-26 13:12:48.622 [main] INFO  com.notesapp.pages.LoginPage - Opened login page
2026-05-26 13:12:48.762 [main] DEBUG com.notesapp.pages.LoginPage - Typing '' into: By.id: email
2026-05-26 13:12:49.118 [main] DEBUG com.notesapp.pages.LoginPage - Typing '123456' into: By.id: password
2026-05-26 13:12:49.432 [main] DEBUG com.notesapp.pages.LoginPage - Clicking: By.cssSelector: button.btn-primary
2026-05-26 13:12:59.719 [main] WARN  com.notesapp.pages.LoginPage - Error alert did not appear within 8s after failed login
2026-05-26 13:12:59.886 [main] INFO  com.notesapp.utils.AllureUtils - Screenshot attached to Allure: Login Failure — Blank Email
2026-05-26 13:12:59.910 [main] INFO  com.notesapp.tests.ui.LoginTest - TC-NEG-04 PASSED — Blank email correctly rejected (user stayed on /login)
]]></system-out>
    <system-err><![CDATA[May 26, 2026 1:12:42 PM org.openqa.selenium.devtools.CdpVersionFinder findNearestMatch
WARNING: Unable to find CDP implementation matching 148
May 26, 2026 1:12:42 PM org.openqa.selenium.chromium.ChromiumDriver lambda$new$5
WARNING: Unable to find version of CDP to use for 148.0.7778.168. You may need to include a dependency on a specific version of the CDP using something similar to `org.seleniumhq.selenium:selenium-devtools-v86:4.18.1` where the version ("v86") matches the version of the chromium-based browser you're using and the version number of the artifact is the same as Selenium's.
]]></system-err>
  </testcase>
  <testcase name="testLoginWrongPassword" classname="com.notesapp.tests.ui.LoginTest" time="2.782">
    <system-out><![CDATA[2026-05-26 13:12:59.966 [main] INFO  com.notesapp.tests.ui.LoginTest - TEST PASSED: testLoginEmptyEmail
2026-05-26 13:13:00.583 [main] INFO  com.notesapp.tests.ui.LoginTest - ====== Driver quit — thread cleaned up ======
2026-05-26 13:13:00.594 [main] INFO  com.notesapp.tests.ui.LoginTest - ====== Setting up driver: browser=chrome, headless=false ======
2026-05-26 13:13:00.619 [main] INFO  io.github.bonigarcia.wdm.WebDriverManager - Using chromedriver 148.0.7778.178 (resolved driver for Chrome 148)
2026-05-26 13:13:00.644 [main] INFO  io.github.bonigarcia.wdm.WebDriverManager - Exporting webdriver.chrome.driver as C:\Users\omdon\.cache\selenium\chromedriver\win64\148.0.7778.178\chromedriver.exe
2026-05-26 13:13:01.948 [main] INFO  com.notesapp.pages.LoginPage - Navigating to: https://practice.expandtesting.com/notes/app/login
2026-05-26 13:13:05.941 [main] INFO  com.notesapp.pages.LoginPage - Opened login page
2026-05-26 13:13:05.959 [main] DEBUG com.notesapp.pages.LoginPage - Typing 'omgdongare@gmail.com' into: By.id: email
2026-05-26 13:13:06.486 [main] DEBUG com.notesapp.pages.LoginPage - Typing 'wrongpass123' into: By.id: password
2026-05-26 13:13:06.768 [main] DEBUG com.notesapp.pages.LoginPage - Clicking: By.cssSelector: button.btn-primary
2026-05-26 13:13:07.963 [main] WARN  com.notesapp.pages.LoginPage - Standard click intercepted — retrying with JS: By.cssSelector: button.btn-primary
2026-05-26 13:13:08.709 [main] INFO  com.notesapp.utils.AllureUtils - Screenshot attached to Allure: Login Failure — Wrong Password
2026-05-26 13:13:08.727 [main] INFO  com.notesapp.tests.ui.LoginTest - TC-NEG-01 PASSED — Wrong password correctly rejected (user stayed on /login)
]]></system-out>
    <system-err><![CDATA[May 26, 2026 1:13:01 PM org.openqa.selenium.devtools.CdpVersionFinder findNearestMatch
WARNING: Unable to find CDP implementation matching 148
May 26, 2026 1:13:01 PM org.openqa.selenium.chromium.ChromiumDriver lambda$new$5
WARNING: Unable to find version of CDP to use for 148.0.7778.168. You may need to include a dependency on a specific version of the CDP using something similar to `org.seleniumhq.selenium:selenium-devtools-v86:4.18.1` where the version ("v86") matches the version of the chromium-based browser you're using and the version number of the artifact is the same as Selenium's.
]]></system-err>
  </testcase>
  <testcase name="testValidLogin" classname="com.notesapp.tests.ui.LoginTest" time="2.465">
    <system-out><![CDATA[2026-05-26 13:13:08.733 [main] INFO  com.notesapp.tests.ui.LoginTest - TEST PASSED: testLoginWrongPassword
2026-05-26 13:13:09.187 [main] INFO  com.notesapp.tests.ui.LoginTest - ====== Driver quit — thread cleaned up ======
2026-05-26 13:13:09.193 [main] INFO  com.notesapp.tests.ui.LoginTest - ====== Setting up driver: browser=chrome, headless=false ======
2026-05-26 13:13:09.217 [main] INFO  io.github.bonigarcia.wdm.WebDriverManager - Using chromedriver 148.0.7778.178 (resolved driver for Chrome 148)
2026-05-26 13:13:09.231 [main] INFO  io.github.bonigarcia.wdm.WebDriverManager - Exporting webdriver.chrome.driver as C:\Users\omdon\.cache\selenium\chromedriver\win64\148.0.7778.178\chromedriver.exe
2026-05-26 13:13:10.549 [main] INFO  com.notesapp.pages.LoginPage - Navigating to: https://practice.expandtesting.com/notes/app/login
2026-05-26 13:13:16.160 [main] INFO  com.notesapp.pages.LoginPage - Opened login page
2026-05-26 13:13:16.172 [main] DEBUG com.notesapp.pages.LoginPage - Typing 'omgdongare@gmail.com' into: By.id: email
2026-05-26 13:13:16.692 [main] DEBUG com.notesapp.pages.LoginPage - Typing '123456' into: By.id: password
2026-05-26 13:13:16.999 [main] DEBUG com.notesapp.pages.LoginPage - Clicking: By.cssSelector: button.btn-primary
2026-05-26 13:13:18.623 [main] INFO  com.notesapp.tests.ui.LoginTest - TC-UI-01 PASSED — Valid login successful
]]></system-out>
    <system-err><![CDATA[May 26, 2026 1:13:10 PM org.openqa.selenium.devtools.CdpVersionFinder findNearestMatch
WARNING: Unable to find CDP implementation matching 148
May 26, 2026 1:13:10 PM org.openqa.selenium.chromium.ChromiumDriver lambda$new$5
WARNING: Unable to find version of CDP to use for 148.0.7778.168. You may need to include a dependency on a specific version of the CDP using something similar to `org.seleniumhq.selenium:selenium-devtools-v86:4.18.1` where the version ("v86") matches the version of the chromium-based browser you're using and the version number of the artifact is the same as Selenium's.
]]></system-err>
  </testcase>
  <testcase name="testCreateNote" classname="com.notesapp.tests.ui.NotesCrudTest" time="35.968">
    <system-out><![CDATA[2026-05-26 13:13:18.633 [main] INFO  com.notesapp.tests.ui.LoginTest - TEST PASSED: testValidLogin
2026-05-26 13:13:19.200 [main] INFO  com.notesapp.tests.ui.LoginTest - ====== Driver quit — thread cleaned up ======
2026-05-26 13:13:19.207 [main] INFO  com.notesapp.tests.ui.NotesCrudTest - ====== Setting up driver: browser=chrome, headless=false ======
2026-05-26 13:13:19.228 [main] INFO  io.github.bonigarcia.wdm.WebDriverManager - Using chromedriver 148.0.7778.178 (resolved driver for Chrome 148)
2026-05-26 13:13:19.269 [main] INFO  io.github.bonigarcia.wdm.WebDriverManager - Exporting webdriver.chrome.driver as C:\Users\omdon\.cache\selenium\chromedriver\win64\148.0.7778.178\chromedriver.exe
2026-05-26 13:13:20.680 [main] INFO  com.notesapp.pages.LoginPage - Navigating to: https://practice.expandtesting.com/notes/app/login
2026-05-26 13:13:24.030 [main] INFO  com.notesapp.pages.LoginPage - Opened login page
2026-05-26 13:13:24.031 [main] DEBUG com.notesapp.pages.LoginPage - Typing 'omgdongare@gmail.com' into: By.id: email
2026-05-26 13:13:24.490 [main] DEBUG com.notesapp.pages.LoginPage - Typing '123456' into: By.id: password
2026-05-26 13:13:24.908 [main] DEBUG com.notesapp.pages.LoginPage - Clicking: By.cssSelector: button.btn-primary
2026-05-26 13:13:26.273 [main] DEBUG com.notesapp.pages.NotesPage - Clicking: By.xpath: //button[contains(., 'Add Note')]
2026-05-26 13:13:26.511 [main] DEBUG com.notesapp.pages.NotesPage - Typing 'Grocery List 1779781406272' into: By.id: title
2026-05-26 13:13:26.866 [main] DEBUG com.notesapp.pages.NotesPage - Typing 'Buy milk, eggs, and bread' into: By.id: description
2026-05-26 13:13:27.305 [main] DEBUG com.notesapp.pages.NotesPage - Clicking: By.xpath: //button[normalize-space(text())='Create']
2026-05-26 13:14:02.152 [main] INFO  com.notesapp.pages.NotesPage - Created note: 'Grocery List 1779781406272' in category 'Home'
2026-05-26 13:14:02.229 [main] INFO  com.notesapp.tests.ui.NotesCrudTest - TC-UI-02 PASSED — Note created: Grocery List 1779781406272
]]></system-out>
    <system-err><![CDATA[May 26, 2026 1:13:20 PM org.openqa.selenium.devtools.CdpVersionFinder findNearestMatch
WARNING: Unable to find CDP implementation matching 148
May 26, 2026 1:13:20 PM org.openqa.selenium.chromium.ChromiumDriver lambda$new$5
WARNING: Unable to find version of CDP to use for 148.0.7778.168. You may need to include a dependency on a specific version of the CDP using something similar to `org.seleniumhq.selenium:selenium-devtools-v86:4.18.1` where the version ("v86") matches the version of the chromium-based browser you're using and the version number of the artifact is the same as Selenium's.
]]></system-err>
  </testcase>
  <testcase name="testCreateNoteBlankTitle" classname="com.notesapp.tests.ui.NotesCrudTest" time="28.3">
    <system-out><![CDATA[2026-05-26 13:14:02.236 [main] INFO  com.notesapp.tests.ui.NotesCrudTest - TEST PASSED: testCreateNote
2026-05-26 13:14:02.867 [main] INFO  com.notesapp.tests.ui.NotesCrudTest - ====== Driver quit — thread cleaned up ======
2026-05-26 13:14:02.871 [main] INFO  com.notesapp.tests.ui.NotesCrudTest - ====== Setting up driver: browser=chrome, headless=false ======
2026-05-26 13:14:02.900 [main] INFO  io.github.bonigarcia.wdm.WebDriverManager - Using chromedriver 148.0.7778.178 (resolved driver for Chrome 148)
2026-05-26 13:14:02.916 [main] INFO  io.github.bonigarcia.wdm.WebDriverManager - Exporting webdriver.chrome.driver as C:\Users\omdon\.cache\selenium\chromedriver\win64\148.0.7778.178\chromedriver.exe
2026-05-26 13:14:04.271 [main] INFO  com.notesapp.pages.LoginPage - Navigating to: https://practice.expandtesting.com/notes/app/login
2026-05-26 13:14:08.398 [main] INFO  com.notesapp.pages.LoginPage - Opened login page
2026-05-26 13:14:08.399 [main] DEBUG com.notesapp.pages.LoginPage - Typing 'omgdongare@gmail.com' into: By.id: email
2026-05-26 13:14:08.992 [main] DEBUG com.notesapp.pages.LoginPage - Typing '123456' into: By.id: password
2026-05-26 13:14:09.301 [main] DEBUG com.notesapp.pages.LoginPage - Clicking: By.cssSelector: button.btn-primary
2026-05-26 13:14:10.551 [main] WARN  com.notesapp.pages.LoginPage - Standard click intercepted — retrying with JS: By.cssSelector: button.btn-primary
2026-05-26 13:14:11.764 [main] DEBUG com.notesapp.pages.NotesPage - Clicking: By.xpath: //button[contains(., 'Add Note')]
2026-05-26 13:14:12.067 [main] DEBUG com.notesapp.pages.NotesPage - Typing '' into: By.id: title
2026-05-26 13:14:12.272 [main] DEBUG com.notesapp.pages.NotesPage - Typing 'This should not be saved' into: By.id: description
2026-05-26 13:14:12.560 [main] DEBUG com.notesapp.pages.NotesPage - Clicking: By.xpath: //button[normalize-space(text())='Create']
2026-05-26 13:14:38.785 [main] INFO  com.notesapp.utils.AllureUtils - Screenshot attached to Allure: Create Note Failure — Blank Title
2026-05-26 13:14:40.022 [main] INFO  com.notesapp.tests.ui.NotesCrudTest - TC-NEG-03 PASSED — Blank title note was not saved
]]></system-out>
    <system-err><![CDATA[May 26, 2026 1:14:04 PM org.openqa.selenium.devtools.CdpVersionFinder findNearestMatch
WARNING: Unable to find CDP implementation matching 148
May 26, 2026 1:14:04 PM org.openqa.selenium.chromium.ChromiumDriver lambda$new$5
WARNING: Unable to find version of CDP to use for 148.0.7778.168. You may need to include a dependency on a specific version of the CDP using something similar to `org.seleniumhq.selenium:selenium-devtools-v86:4.18.1` where the version ("v86") matches the version of the chromium-based browser you're using and the version number of the artifact is the same as Selenium's.
]]></system-err>
  </testcase>
  <testcase name="testEditNote" classname="com.notesapp.tests.ui.NotesCrudTest" time="80.778">
    <system-out><![CDATA[2026-05-26 13:14:40.034 [main] INFO  com.notesapp.tests.ui.NotesCrudTest - TEST PASSED: testCreateNoteBlankTitle
2026-05-26 13:14:40.877 [main] INFO  com.notesapp.tests.ui.NotesCrudTest - ====== Driver quit — thread cleaned up ======
2026-05-26 13:14:40.881 [main] INFO  com.notesapp.tests.ui.NotesCrudTest - ====== Setting up driver: browser=chrome, headless=false ======
2026-05-26 13:14:40.895 [main] INFO  io.github.bonigarcia.wdm.WebDriverManager - Using chromedriver 148.0.7778.178 (resolved driver for Chrome 148)
2026-05-26 13:14:40.913 [main] INFO  io.github.bonigarcia.wdm.WebDriverManager - Exporting webdriver.chrome.driver as C:\Users\omdon\.cache\selenium\chromedriver\win64\148.0.7778.178\chromedriver.exe
2026-05-26 13:14:42.327 [main] INFO  com.notesapp.pages.LoginPage - Navigating to: https://practice.expandtesting.com/notes/app/login
2026-05-26 13:14:46.363 [main] INFO  com.notesapp.pages.LoginPage - Opened login page
2026-05-26 13:14:46.364 [main] DEBUG com.notesapp.pages.LoginPage - Typing 'omgdongare@gmail.com' into: By.id: email
2026-05-26 13:14:46.792 [main] DEBUG com.notesapp.pages.LoginPage - Typing '123456' into: By.id: password
2026-05-26 13:14:47.063 [main] DEBUG com.notesapp.pages.LoginPage - Clicking: By.cssSelector: button.btn-primary
2026-05-26 13:14:48.462 [main] DEBUG com.notesapp.pages.NotesPage - Clicking: By.xpath: //button[contains(., 'Add Note')]
2026-05-26 13:14:48.765 [main] DEBUG com.notesapp.pages.NotesPage - Typing 'Edit Target 1779781488461' into: By.id: title
2026-05-26 13:14:49.180 [main] DEBUG com.notesapp.pages.NotesPage - Typing 'Will be edited' into: By.id: description
2026-05-26 13:14:49.705 [main] DEBUG com.notesapp.pages.NotesPage - Clicking: By.xpath: //button[normalize-space(text())='Create']
2026-05-26 13:15:06.322 [main] INFO  com.notesapp.pages.NotesPage - Created note: 'Edit Target 1779781488461' in category 'Work'
2026-05-26 13:15:06.406 [main] DEBUG com.notesapp.pages.NotesPage - Clicking: By.xpath: //div[contains(@class,'card')][.//div[contains(@class,'card-header') and contains(normalize-space(.),'Edit Target 1779781488461')]]//*[self::a or self::button][contains(normalize-space(text()),'Edit')]
2026-05-26 13:15:07.574 [main] WARN  com.notesapp.pages.NotesPage - Standard click intercepted — retrying with JS: By.xpath: //div[contains(@class,'card')][.//div[contains(@class,'card-header') and contains(normalize-space(.),'Edit Target 1779781488461')]]//*[self::a or self::button][contains(normalize-space(text()),'Edit')]
2026-05-26 13:15:08.170 [main] DEBUG com.notesapp.pages.NotesPage - Clicking: By.xpath: //button[normalize-space(text())='Save']
2026-05-26 13:16:08.105 [main] INFO  com.notesapp.pages.NotesPage - Dashboard ready — 'Add Note' button visible
2026-05-26 13:16:08.106 [main] INFO  com.notesapp.pages.NotesPage - Edited note 'Edit Target 1779781488461' → 'Updated Edit Target 1779781488461'
2026-05-26 13:16:09.222 [main] INFO  com.notesapp.tests.ui.NotesCrudTest - TC-UI-04 PASSED — Note renamed from 'Edit Target 1779781488461' to 'Updated Edit Target 1779781488461'
]]></system-out>
    <system-err><![CDATA[May 26, 2026 1:14:42 PM org.openqa.selenium.devtools.CdpVersionFinder findNearestMatch
WARNING: Unable to find CDP implementation matching 148
May 26, 2026 1:14:42 PM org.openqa.selenium.chromium.ChromiumDriver lambda$new$5
WARNING: Unable to find version of CDP to use for 148.0.7778.168. You may need to include a dependency on a specific version of the CDP using something similar to `org.seleniumhq.selenium:selenium-devtools-v86:4.18.1` where the version ("v86") matches the version of the chromium-based browser you're using and the version number of the artifact is the same as Selenium's.
]]></system-err>
  </testcase>
  <testcase name="testCategoryFilter" classname="com.notesapp.tests.ui.CategoryFilterTest" time="4.865">
    <system-out><![CDATA[2026-05-26 13:16:09.236 [main] INFO  com.notesapp.tests.ui.NotesCrudTest - TEST PASSED: testEditNote
2026-05-26 13:16:10.097 [main] INFO  com.notesapp.tests.ui.NotesCrudTest - ====== Driver quit — thread cleaned up ======
2026-05-26 13:16:10.103 [main] INFO  com.notesapp.tests.ui.CategoryFilterTest - ====== Setting up driver: browser=chrome, headless=true ======
2026-05-26 13:16:10.146 [main] INFO  io.github.bonigarcia.wdm.WebDriverManager - Using chromedriver 148.0.7778.178 (resolved driver for Chrome 148)
2026-05-26 13:16:10.165 [main] INFO  io.github.bonigarcia.wdm.WebDriverManager - Exporting webdriver.chrome.driver as C:\Users\omdon\.cache\selenium\chromedriver\win64\148.0.7778.178\chromedriver.exe
2026-05-26 13:16:11.347 [main] INFO  com.notesapp.pages.LoginPage - Navigating to: https://practice.expandtesting.com/notes/app/login
2026-05-26 13:16:15.421 [main] INFO  com.notesapp.pages.LoginPage - Opened login page
2026-05-26 13:16:15.423 [main] DEBUG com.notesapp.pages.LoginPage - Typing 'omgdongare@gmail.com' into: By.id: email
2026-05-26 13:16:15.807 [main] DEBUG com.notesapp.pages.LoginPage - Typing '123456' into: By.id: password
2026-05-26 13:16:16.178 [main] DEBUG com.notesapp.pages.LoginPage - Clicking: By.cssSelector: button.btn-primary
2026-05-26 13:16:17.358 [main] WARN  com.notesapp.pages.LoginPage - Standard click intercepted — retrying with JS: By.cssSelector: button.btn-primary
2026-05-26 13:16:19.017 [main] DEBUG com.notesapp.pages.NotesPage - Clicking: By.xpath: //button[contains(., 'Add Note')]
2026-05-26 13:16:20.196 [main] WARN  com.notesapp.pages.NotesPage - Standard click intercepted — retrying with JS: By.xpath: //button[contains(., 'Add Note')]
2026-05-26 13:16:20.333 [main] DEBUG com.notesapp.pages.NotesPage - Typing 'Home Note 1779781347428' into: By.id: title
2026-05-26 13:16:20.623 [main] DEBUG com.notesapp.pages.NotesPage - Typing 'Home category note' into: By.id: description
2026-05-26 13:16:21.073 [main] DEBUG com.notesapp.pages.NotesPage - Clicking: By.xpath: //button[normalize-space(text())='Create']
2026-05-26 13:16:34.190 [main] INFO  com.notesapp.pages.NotesPage - Created note: 'Home Note 1779781347428' in category 'Home'
2026-05-26 13:16:36.692 [main] DEBUG com.notesapp.pages.NotesPage - Clicking: By.xpath: //button[contains(., 'Add Note')]
2026-05-26 13:16:36.942 [main] DEBUG com.notesapp.pages.NotesPage - Typing 'Work Note 1779781347428' into: By.id: title
2026-05-26 13:16:37.226 [main] DEBUG com.notesapp.pages.NotesPage - Typing 'Work category note' into: By.id: description
2026-05-26 13:16:37.734 [main] DEBUG com.notesapp.pages.NotesPage - Clicking: By.xpath: //button[normalize-space(text())='Create']
2026-05-26 13:16:51.856 [main] INFO  com.notesapp.pages.NotesPage - Created note: 'Work Note 1779781347428' in category 'Work'
2026-05-26 13:16:54.359 [main] DEBUG com.notesapp.pages.NotesPage - Clicking: By.xpath: //button[contains(., 'Add Note')]
2026-05-26 13:16:54.619 [main] DEBUG com.notesapp.pages.NotesPage - Typing 'Personal Note 1779781347428' into: By.id: title
2026-05-26 13:16:54.890 [main] DEBUG com.notesapp.pages.NotesPage - Typing 'Personal category note' into: By.id: description
2026-05-26 13:16:55.255 [main] DEBUG com.notesapp.pages.NotesPage - Clicking: By.xpath: //button[normalize-space(text())='Create']
2026-05-26 13:17:08.796 [main] INFO  com.notesapp.pages.NotesPage - Created note: 'Personal Note 1779781347428' in category 'Personal'
2026-05-26 13:17:12.811 [main] DEBUG com.notesapp.pages.NotesPage - Clicking: By.xpath: //button[contains(., 'Work')]
2026-05-26 13:17:13.519 [main] INFO  com.notesapp.pages.NotesPage - Applied category filter: Work
2026-05-26 13:17:13.675 [main] DEBUG com.notesapp.pages.NotesPage - Clicking: By.xpath: //button[contains(., 'Home')]
2026-05-26 13:17:14.496 [main] INFO  com.notesapp.pages.NotesPage - Applied category filter: Home
2026-05-26 13:17:14.661 [main] INFO  com.notesapp.tests.ui.CategoryFilterTest - TC-UI-05 PASSED — Category filter working correctly
]]></system-out>
    <system-err><![CDATA[May 26, 2026 1:16:11 PM org.openqa.selenium.devtools.CdpVersionFinder findNearestMatch
WARNING: Unable to find CDP implementation matching 148
May 26, 2026 1:16:11 PM org.openqa.selenium.chromium.ChromiumDriver lambda$new$5
WARNING: Unable to find version of CDP to use for 148.0.7778.168. You may need to include a dependency on a specific version of the CDP using something similar to `org.seleniumhq.selenium:selenium-devtools-v86:4.18.1` where the version ("v86") matches the version of the chromium-based browser you're using and the version number of the artifact is the same as Selenium's.
]]></system-err>
  </testcase>
  <testcase name="testGetProfile" classname="com.notesapp.tests.api.AuthApiTest" time="1.432">
    <system-out><![CDATA[2026-05-26 13:17:14.668 [main] INFO  com.notesapp.tests.ui.CategoryFilterTest - TEST PASSED: testCategoryFilter
2026-05-26 13:17:15.167 [main] INFO  com.notesapp.tests.ui.CategoryFilterTest - ====== Driver quit — thread cleaned up ======
2026-05-26 13:17:15.278 [main] INFO  com.notesapp.api.AuthApi - API Login: omgdongare@gmail.com
Request method:	POST
Request URI:	https://practice.expandtesting.com/notes/api/users/login
Proxy:			<none>
Request params:	<none>
Query params:	<none>
Form params:	<none>
Path params:	<none>
Headers:		Accept=application/json, application/javascript, text/javascript, text/json
				Content-Type=application/json
Cookies:		<none>
Multiparts:		<none>
Body:
{
    "password": "123456",
    "email": "omgdongare@gmail.com"
}
HTTP/1.1 200 OK
access-control-allow-origin: *
access-control-allow-credentials: true
access-control-allow-methods: GET, POST, PUT, DELETE, PATCH
access-control-allow-headers: Origin, X-Requested-With, Authorization, Content-Type, Accept, X-Auth-Token
content-type: application/json; charset=utf-8
content-encoding: gzip
etag: W/"db-R/aX+b1prAJfk4Vakv2CfA2Kcsw"
set-cookie: express:sess=eyJmbGFzaCI6e319; path=/; httponly
set-cookie: express:sess.sig=tdt42nQZiQvICqmrvHQ1_16fHk0; path=/; httponly
date: Tue, 26 May 2026 07:47:16 GMT
connection: keep-alive
keep-alive: timeout=5
transfer-encoding: chunked

{
    "success": true,
    "status": 200,
    "message": "Login successful",
    "data": {
        "id": "6a13093f0389350296640430",
        "name": "omga",
        "email": "omgdongare@gmail.com",
        "token": "28c2d533740b4ebdb650de8445edb1134a761d834667466ab05aec5436ac0589"
    }
}
2026-05-26 13:17:16.063 [main] INFO  com.notesapp.api.AuthApi - Token obtained: 28c2d533...0589
Request method:	GET
Request URI:	https://practice.expandtesting.com/notes/api/users/profile
Proxy:			<none>
Request params:	<none>
Query params:	<none>
Form params:	<none>
Path params:	<none>
Headers:		Accept=application/json, application/javascript, text/javascript, text/json
				x-auth-token=28c2d533740b4ebdb650de8445edb1134a761d834667466ab05aec5436ac0589
				Content-Type=application/json
Cookies:		<none>
Multiparts:		<none>
Body:			<none>
HTTP/1.1 200 OK
access-control-allow-origin: *
access-control-allow-credentials: true
access-control-allow-methods: GET, POST, PUT, DELETE, PATCH
access-control-allow-headers: Origin, X-Requested-With, Authorization, Content-Type, Accept, X-Auth-Token
content-type: application/json; charset=utf-8
content-encoding: gzip
etag: W/"92-0qFEiffoBTDC60nIQNp8nnbb9Yc"
set-cookie: express:sess=eyJmbGFzaCI6e319; path=/; httponly
set-cookie: express:sess.sig=tdt42nQZiQvICqmrvHQ1_16fHk0; path=/; httponly
date: Tue, 26 May 2026 07:47:17 GMT
connection: keep-alive
keep-alive: timeout=5
transfer-encoding: chunked

{
    "success": true,
    "status": 200,
    "message": "Profile successful",
    "data": {
        "id": "6a13093f0389350296640430",
        "name": "omga",
        "email": "omgdongare@gmail.com"
    }
}
]]></system-out>
  </testcase>
  <testcase name="testLoginReturnsToken" classname="com.notesapp.tests.api.AuthApiTest" time="0.867">
    <system-out><![CDATA[2026-05-26 13:17:16.710 [main] INFO  com.notesapp.api.AuthApi - API Login: omgdongare@gmail.com
Request method:	POST
Request URI:	https://practice.expandtesting.com/notes/api/users/login
Proxy:			<none>
Request params:	<none>
Query params:	<none>
Form params:	<none>
Path params:	<none>
Headers:		Accept=application/json, application/javascript, text/javascript, text/json
				Content-Type=application/json
Cookies:		<none>
Multiparts:		<none>
Body:
{
    "password": "123456",
    "email": "omgdongare@gmail.com"
}
HTTP/1.1 200 OK
access-control-allow-origin: *
access-control-allow-credentials: true
access-control-allow-methods: GET, POST, PUT, DELETE, PATCH
access-control-allow-headers: Origin, X-Requested-With, Authorization, Content-Type, Accept, X-Auth-Token
content-type: application/json; charset=utf-8
content-encoding: gzip
etag: W/"db-R/aX+b1prAJfk4Vakv2CfA2Kcsw"
set-cookie: express:sess=eyJmbGFzaCI6e319; path=/; httponly
set-cookie: express:sess.sig=tdt42nQZiQvICqmrvHQ1_16fHk0; path=/; httponly
date: Tue, 26 May 2026 07:47:18 GMT
connection: keep-alive
keep-alive: timeout=5
transfer-encoding: chunked

{
    "success": true,
    "status": 200,
    "message": "Login successful",
    "data": {
        "id": "6a13093f0389350296640430",
        "name": "omga",
        "email": "omgdongare@gmail.com",
        "token": "28c2d533740b4ebdb650de8445edb1134a761d834667466ab05aec5436ac0589"
    }
}
]]></system-out>
  </testcase>
  <testcase name="testLoginUnknownEmail" classname="com.notesapp.tests.api.AuthApiTest" time="1.145">
    <system-out><![CDATA[2026-05-26 13:17:17.578 [main] INFO  com.notesapp.api.AuthApi - API Login: nobody@unknown.com
Request method:	POST
Request URI:	https://practice.expandtesting.com/notes/api/users/login
Proxy:			<none>
Request params:	<none>
Query params:	<none>
Form params:	<none>
Path params:	<none>
Headers:		Accept=application/json, application/javascript, text/javascript, text/json
				Content-Type=application/json
Cookies:		<none>
Multiparts:		<none>
Body:
{
    "password": "Test@1234",
    "email": "nobody@unknown.com"
}
HTTP/1.1 401 Unauthorized
access-control-allow-origin: *
access-control-allow-credentials: true
access-control-allow-methods: GET, POST, PUT, DELETE, PATCH
access-control-allow-headers: Origin, X-Requested-With, Authorization, Content-Type, Accept, X-Auth-Token
content-type: application/json; charset=utf-8
content-encoding: gzip
etag: W/"4e-wFVQo8i7laSDLBCYzUhef+OME+4"
set-cookie: express:sess=eyJmbGFzaCI6e319; path=/; httponly
set-cookie: express:sess.sig=tdt42nQZiQvICqmrvHQ1_16fHk0; path=/; httponly
date: Tue, 26 May 2026 07:47:19 GMT
connection: keep-alive
keep-alive: timeout=5
transfer-encoding: chunked

{
    "success": false,
    "status": 401,
    "message": "Incorrect email address or password"
}
]]></system-out>
  </testcase>
  <testcase name="testLoginWrongPassword" classname="com.notesapp.tests.api.AuthApiTest" time="0.694">
    <system-out><![CDATA[2026-05-26 13:17:18.720 [main] INFO  com.notesapp.api.AuthApi - API Login: omgdongare@gmail.com
Request method:	POST
Request URI:	https://practice.expandtesting.com/notes/api/users/login
Proxy:			<none>
Request params:	<none>
Query params:	<none>
Form params:	<none>
Path params:	<none>
Headers:		Accept=application/json, application/javascript, text/javascript, text/json
				Content-Type=application/json
Cookies:		<none>
Multiparts:		<none>
Body:
{
    "password": "badpassword",
    "email": "omgdongare@gmail.com"
}
HTTP/1.1 401 Unauthorized
access-control-allow-origin: *
access-control-allow-credentials: true
access-control-allow-methods: GET, POST, PUT, DELETE, PATCH
access-control-allow-headers: Origin, X-Requested-With, Authorization, Content-Type, Accept, X-Auth-Token
content-type: application/json; charset=utf-8
content-encoding: gzip
etag: W/"4e-wFVQo8i7laSDLBCYzUhef+OME+4"
set-cookie: express:sess=eyJmbGFzaCI6e319; path=/; httponly
set-cookie: express:sess.sig=tdt42nQZiQvICqmrvHQ1_16fHk0; path=/; httponly
date: Tue, 26 May 2026 07:47:20 GMT
connection: keep-alive
keep-alive: timeout=5
transfer-encoding: chunked

{
    "success": false,
    "status": 401,
    "message": "Incorrect email address or password"
}
]]></system-out>
  </testcase>
  <testcase name="testCreateNote" classname="com.notesapp.tests.api.NotesApiTest" time="1.569">
    <system-out><![CDATA[2026-05-26 13:17:19.418 [main] INFO  com.notesapp.api.AuthApi - API Login: omgdongare@gmail.com
Request method:	POST
Request URI:	https://practice.expandtesting.com/notes/api/users/login
Proxy:			<none>
Request params:	<none>
Query params:	<none>
Form params:	<none>
Path params:	<none>
Headers:		Accept=application/json, application/javascript, text/javascript, text/json
				Content-Type=application/json
Cookies:		<none>
Multiparts:		<none>
Body:
{
    "password": "123456",
    "email": "omgdongare@gmail.com"
}
HTTP/1.1 200 OK
access-control-allow-origin: *
access-control-allow-credentials: true
access-control-allow-methods: GET, POST, PUT, DELETE, PATCH
access-control-allow-headers: Origin, X-Requested-With, Authorization, Content-Type, Accept, X-Auth-Token
content-type: application/json; charset=utf-8
content-encoding: gzip
etag: W/"db-R/aX+b1prAJfk4Vakv2CfA2Kcsw"
set-cookie: express:sess=eyJmbGFzaCI6e319; path=/; httponly
set-cookie: express:sess.sig=tdt42nQZiQvICqmrvHQ1_16fHk0; path=/; httponly
date: Tue, 26 May 2026 07:47:21 GMT
connection: keep-alive
keep-alive: timeout=5
transfer-encoding: chunked

{
    "success": true,
    "status": 200,
    "message": "Login successful",
    "data": {
        "id": "6a13093f0389350296640430",
        "name": "omga",
        "email": "omgdongare@gmail.com",
        "token": "28c2d533740b4ebdb650de8445edb1134a761d834667466ab05aec5436ac0589"
    }
}
2026-05-26 13:17:20.206 [main] INFO  com.notesapp.api.AuthApi - Token obtained: 28c2d533...0589
2026-05-26 13:17:20.208 [main] INFO  com.notesapp.api.NotesApi - Cleaning up all notes via API...
2026-05-26 13:17:20.208 [main] INFO  com.notesapp.api.NotesApi - Fetching all notes via API
Request method:	GET
Request URI:	https://practice.expandtesting.com/notes/api/notes
Proxy:			<none>
Request params:	<none>
Query params:	<none>
Form params:	<none>
Path params:	<none>
Headers:		Accept=application/json, application/javascript, text/javascript, text/json
				x-auth-token=28c2d533740b4ebdb650de8445edb1134a761d834667466ab05aec5436ac0589
				Content-Type=application/json
Cookies:		<none>
Multiparts:		<none>
Body:			<none>
HTTP/1.1 200 OK
access-control-allow-origin: *
access-control-allow-credentials: true
access-control-allow-methods: GET, POST, PUT, DELETE, PATCH
access-control-allow-headers: Origin, X-Requested-With, Authorization, Content-Type, Accept, X-Auth-Token
content-type: application/json; charset=utf-8
content-encoding: gzip
etag: W/"56b-P7E939ch2gz03491P6HIOL+muwk"
set-cookie: express:sess=eyJmbGFzaCI6e319; path=/; httponly
set-cookie: express:sess.sig=tdt42nQZiQvICqmrvHQ1_16fHk0; path=/; httponly
date: Tue, 26 May 2026 07:47:21 GMT
connection: keep-alive
keep-alive: timeout=5
transfer-encoding: chunked

{
    "success": true,
    "status": 200,
    "message": "Notes successfully retrieved",
    "data": [
        {
            "id": "6a154ff053916b0295cce401",
            "title": "Personal Note 1779781347428",
            "description": "Personal category note",
            "category": "Personal",
            "completed": false,
            "created_at": "2026-05-26T07:46:56.700Z",
            "updated_at": "2026-05-26T07:46:56.700Z",
            "user_id": "6a13093f0389350296640430"
        },
        {
            "id": "6a154fdf53916b0295cce3ad",
            "title": "Work Note 1779781347428",
            "description": "Work category note",
            "category": "Work",
            "completed": false,
            "created_at": "2026-05-26T07:46:39.199Z",
            "updated_at": "2026-05-26T07:46:39.199Z",
            "user_id": "6a13093f0389350296640430"
        },
        {
            "id": "6a154fce53916b0295cce346",
            "title": "Home Note 1779781347428",
            "description": "Home category note",
            "category": "Home",
            "completed": false,
            "created_at": "2026-05-26T07:46:22.550Z",
            "updated_at": "2026-05-26T07:46:22.550Z",
            "user_id": "6a13093f0389350296640430"
        },
        {
            "id": "6a154f7353916b0295cce282",
            "title": "Updated Edit Target 1779781488461",
            "description": "Will be edited",
            "category": "Work",
            "completed": false,
            "created_at": "2026-05-26T07:44:51.240Z",
            "updated_at": "2026-05-26T07:45:09.664Z",
            "user_id": "6a13093f0389350296640430"
        },
        {
            "id": "6a154f2053916b0295cce218",
            "title": "Grocery List 1779781406272",
            "description": "Buy milk, eggs, and bread",
            "category": "Home",
            "completed": false,
            "created_at": "2026-05-26T07:43:28.851Z",
            "updated_at": "2026-05-26T07:43:28.851Z",
            "user_id": "6a13093f0389350296640430"
        }
    ]
}
2026-05-26 13:17:20.716 [main] INFO  com.notesapp.api.NotesApi - Found 5 notes to delete.
2026-05-26 13:17:20.716 [main] ERROR io.qameta.allure.util.NamingUtils - Could not find parameter id
2026-05-26 13:17:20.717 [main] INFO  com.notesapp.api.NotesApi - Deleting note id: 6a154ff053916b0295cce401
Request method:	DELETE
Request URI:	https://practice.expandtesting.com/notes/api/notes/6a154ff053916b0295cce401
Proxy:			<none>
Request params:	<none>
Query params:	<none>
Form params:	<none>
Path params:	<none>
Headers:		Accept=application/json, application/javascript, text/javascript, text/json
				x-auth-token=28c2d533740b4ebdb650de8445edb1134a761d834667466ab05aec5436ac0589
				Content-Type=application/json
Cookies:		<none>
Multiparts:		<none>
Body:			<none>
HTTP/1.1 200 OK
access-control-allow-origin: *
access-control-allow-credentials: true
access-control-allow-methods: GET, POST, PUT, DELETE, PATCH
access-control-allow-headers: Origin, X-Requested-With, Authorization, Content-Type, Accept, X-Auth-Token
content-type: application/json; charset=utf-8
content-encoding: gzip
etag: W/"43-NRjYUraIosLt+x2lOOhDKG8vqCU"
set-cookie: express:sess=eyJmbGFzaCI6e319; path=/; httponly
set-cookie: express:sess.sig=tdt42nQZiQvICqmrvHQ1_16fHk0; path=/; httponly
date: Tue, 26 May 2026 07:47:22 GMT
connection: keep-alive
keep-alive: timeout=5
transfer-encoding: chunked

{
    "success": true,
    "status": 200,
    "message": "Note successfully deleted"
}
2026-05-26 13:17:21.167 [main] ERROR io.qameta.allure.util.NamingUtils - Could not find parameter id
2026-05-26 13:17:21.167 [main] INFO  com.notesapp.api.NotesApi - Deleting note id: 6a154fdf53916b0295cce3ad
Request method:	DELETE
Request URI:	https://practice.expandtesting.com/notes/api/notes/6a154fdf53916b0295cce3ad
Proxy:			<none>
Request params:	<none>
Query params:	<none>
Form params:	<none>
Path params:	<none>
Headers:		Accept=application/json, application/javascript, text/javascript, text/json
				x-auth-token=28c2d533740b4ebdb650de8445edb1134a761d834667466ab05aec5436ac0589
				Content-Type=application/json
Cookies:		<none>
Multiparts:		<none>
Body:			<none>
HTTP/1.1 200 OK
access-control-allow-origin: *
access-control-allow-credentials: true
access-control-allow-methods: GET, POST, PUT, DELETE, PATCH
access-control-allow-headers: Origin, X-Requested-With, Authorization, Content-Type, Accept, X-Auth-Token
content-type: application/json; charset=utf-8
content-encoding: gzip
etag: W/"43-NRjYUraIosLt+x2lOOhDKG8vqCU"
set-cookie: express:sess=eyJmbGFzaCI6e319; path=/; httponly
set-cookie: express:sess.sig=tdt42nQZiQvICqmrvHQ1_16fHk0; path=/; httponly
date: Tue, 26 May 2026 07:47:22 GMT
connection: keep-alive
keep-alive: timeout=5
transfer-encoding: chunked

{
    "success": true,
    "status": 200,
    "message": "Note successfully deleted"
}
2026-05-26 13:17:21.703 [main] ERROR io.qameta.allure.util.NamingUtils - Could not find parameter id
2026-05-26 13:17:21.704 [main] INFO  com.notesapp.api.NotesApi - Deleting note id: 6a154fce53916b0295cce346
Request method:	DELETE
Request URI:	https://practice.expandtesting.com/notes/api/notes/6a154fce53916b0295cce346
Proxy:			<none>
Request params:	<none>
Query params:	<none>
Form params:	<none>
Path params:	<none>
Headers:		Accept=application/json, application/javascript, text/javascript, text/json
				x-auth-token=28c2d533740b4ebdb650de8445edb1134a761d834667466ab05aec5436ac0589
				Content-Type=application/json
Cookies:		<none>
Multiparts:		<none>
Body:			<none>
HTTP/1.1 200 OK
access-control-allow-origin: *
access-control-allow-credentials: true
access-control-allow-methods: GET, POST, PUT, DELETE, PATCH
access-control-allow-headers: Origin, X-Requested-With, Authorization, Content-Type, Accept, X-Auth-Token
content-type: application/json; charset=utf-8
content-encoding: gzip
etag: W/"43-NRjYUraIosLt+x2lOOhDKG8vqCU"
set-cookie: express:sess=eyJmbGFzaCI6e319; path=/; httponly
set-cookie: express:sess.sig=tdt42nQZiQvICqmrvHQ1_16fHk0; path=/; httponly
date: Tue, 26 May 2026 07:47:23 GMT
connection: keep-alive
keep-alive: timeout=5
transfer-encoding: chunked

{
    "success": true,
    "status": 200,
    "message": "Note successfully deleted"
}
2026-05-26 13:17:22.723 [main] ERROR io.qameta.allure.util.NamingUtils - Could not find parameter id
2026-05-26 13:17:22.724 [main] INFO  com.notesapp.api.NotesApi - Deleting note id: 6a154f7353916b0295cce282
Request method:	DELETE
Request URI:	https://practice.expandtesting.com/notes/api/notes/6a154f7353916b0295cce282
Proxy:			<none>
Request params:	<none>
Query params:	<none>
Form params:	<none>
Path params:	<none>
Headers:		Accept=application/json, application/javascript, text/javascript, text/json
				x-auth-token=28c2d533740b4ebdb650de8445edb1134a761d834667466ab05aec5436ac0589
				Content-Type=application/json
Cookies:		<none>
Multiparts:		<none>
Body:			<none>
HTTP/1.1 200 OK
access-control-allow-origin: *
access-control-allow-credentials: true
access-control-allow-methods: GET, POST, PUT, DELETE, PATCH
access-control-allow-headers: Origin, X-Requested-With, Authorization, Content-Type, Accept, X-Auth-Token
content-type: application/json; charset=utf-8
content-encoding: gzip
etag: W/"43-NRjYUraIosLt+x2lOOhDKG8vqCU"
set-cookie: express:sess=eyJmbGFzaCI6e319; path=/; httponly
set-cookie: express:sess.sig=tdt42nQZiQvICqmrvHQ1_16fHk0; path=/; httponly
date: Tue, 26 May 2026 07:47:25 GMT
connection: keep-alive
keep-alive: timeout=5
transfer-encoding: chunked

{
    "success": true,
    "status": 200,
    "message": "Note successfully deleted"
}
2026-05-26 13:17:24.680 [main] ERROR io.qameta.allure.util.NamingUtils - Could not find parameter id
2026-05-26 13:17:24.682 [main] INFO  com.notesapp.api.NotesApi - Deleting note id: 6a154f2053916b0295cce218
Request method:	DELETE
Request URI:	https://practice.expandtesting.com/notes/api/notes/6a154f2053916b0295cce218
Proxy:			<none>
Request params:	<none>
Query params:	<none>
Form params:	<none>
Path params:	<none>
Headers:		Accept=application/json, application/javascript, text/javascript, text/json
				x-auth-token=28c2d533740b4ebdb650de8445edb1134a761d834667466ab05aec5436ac0589
				Content-Type=application/json
Cookies:		<none>
Multiparts:		<none>
Body:			<none>
HTTP/1.1 200 OK
access-control-allow-origin: *
access-control-allow-credentials: true
access-control-allow-methods: GET, POST, PUT, DELETE, PATCH
access-control-allow-headers: Origin, X-Requested-With, Authorization, Content-Type, Accept, X-Auth-Token
content-type: application/json; charset=utf-8
content-encoding: gzip
etag: W/"43-NRjYUraIosLt+x2lOOhDKG8vqCU"
set-cookie: express:sess=eyJmbGFzaCI6e319; path=/; httponly
set-cookie: express:sess.sig=tdt42nQZiQvICqmrvHQ1_16fHk0; path=/; httponly
date: Tue, 26 May 2026 07:47:26 GMT
connection: keep-alive
keep-alive: timeout=5
transfer-encoding: chunked

{
    "success": true,
    "status": 200,
    "message": "Note successfully deleted"
}
2026-05-26 13:17:25.178 [main] INFO  com.notesapp.api.NotesApi - Successfully deleted all 5 notes.
2026-05-26 13:17:25.186 [main] INFO  com.notesapp.api.NotesApi - Creating note: 'API Test Note 1779781645185' in category 'Work'
Request method:	POST
Request URI:	https://practice.expandtesting.com/notes/api/notes
Proxy:			<none>
Request params:	<none>
Query params:	<none>
Form params:	<none>
Path params:	<none>
Headers:		Accept=application/json, application/javascript, text/javascript, text/json
				x-auth-token=28c2d533740b4ebdb650de8445edb1134a761d834667466ab05aec5436ac0589
				Content-Type=application/json
Cookies:		<none>
Multiparts:		<none>
Body:
{
    "description": "Created via API",
    "title": "API Test Note 1779781645185",
    "category": "Work"
}
HTTP/1.1 200 OK
access-control-allow-origin: *
access-control-allow-credentials: true
access-control-allow-methods: GET, POST, PUT, DELETE, PATCH
access-control-allow-headers: Origin, X-Requested-With, Authorization, Content-Type, Accept, X-Auth-Token
content-type: application/json; charset=utf-8
content-encoding: gzip
etag: W/"14b-4xLXPc2//UkgFWmxwRiD15cYRu4"
set-cookie: express:sess=eyJmbGFzaCI6e319; path=/; httponly
set-cookie: express:sess.sig=tdt42nQZiQvICqmrvHQ1_16fHk0; path=/; httponly
date: Tue, 26 May 2026 07:47:26 GMT
connection: keep-alive
keep-alive: timeout=5
transfer-encoding: chunked

{
    "success": true,
    "status": 200,
    "message": "Note successfully created",
    "data": {
        "id": "6a15500e53916b0295cce4a2",
        "title": "API Test Note 1779781645185",
        "description": "Created via API",
        "category": "Work",
        "completed": false,
        "created_at": "2026-05-26T07:47:26.819Z",
        "updated_at": "2026-05-26T07:47:26.819Z",
        "user_id": "6a13093f0389350296640430"
    }
}
]]></system-out>
  </testcase>
  <testcase name="testDeleteNote" classname="com.notesapp.tests.api.NotesApiTest" time="2.224">
    <system-out><![CDATA[2026-05-26 13:17:26.755 [main] INFO  com.notesapp.api.NotesApi - Creating note: 'Delete Target 1779781646754' in category 'Personal'
Request method:	POST
Request URI:	https://practice.expandtesting.com/notes/api/notes
Proxy:			<none>
Request params:	<none>
Query params:	<none>
Form params:	<none>
Path params:	<none>
Headers:		Accept=application/json, application/javascript, text/javascript, text/json
				x-auth-token=28c2d533740b4ebdb650de8445edb1134a761d834667466ab05aec5436ac0589
				Content-Type=application/json
Cookies:		<none>
Multiparts:		<none>
Body:
{
    "description": "to be deleted",
    "title": "Delete Target 1779781646754",
    "category": "Personal"
}
HTTP/1.1 200 OK
access-control-allow-origin: *
access-control-allow-credentials: true
access-control-allow-methods: GET, POST, PUT, DELETE, PATCH
access-control-allow-headers: Origin, X-Requested-With, Authorization, Content-Type, Accept, X-Auth-Token
content-type: application/json; charset=utf-8
content-encoding: gzip
etag: W/"14d-Ssjr6/QzUKbCJm7zzYR9nRNBw5M"
set-cookie: express:sess=eyJmbGFzaCI6e319; path=/; httponly
set-cookie: express:sess.sig=tdt42nQZiQvICqmrvHQ1_16fHk0; path=/; httponly
date: Tue, 26 May 2026 07:47:28 GMT
connection: keep-alive
keep-alive: timeout=5
transfer-encoding: chunked

{
    "success": true,
    "status": 200,
    "message": "Note successfully created",
    "data": {
        "id": "6a15501053916b0295cce4aa",
        "title": "Delete Target 1779781646754",
        "description": "to be deleted",
        "category": "Personal",
        "completed": false,
        "created_at": "2026-05-26T07:47:28.225Z",
        "updated_at": "2026-05-26T07:47:28.225Z",
        "user_id": "6a13093f0389350296640430"
    }
}
2026-05-26 13:17:27.255 [main] INFO  com.notesapp.api.NotesApi - Created note id: 6a15501053916b0295cce4aa
2026-05-26 13:17:27.255 [main] ERROR io.qameta.allure.util.NamingUtils - Could not find parameter id
2026-05-26 13:17:27.256 [main] INFO  com.notesapp.api.NotesApi - Deleting note id: 6a15501053916b0295cce4aa
Request method:	DELETE
Request URI:	https://practice.expandtesting.com/notes/api/notes/6a15501053916b0295cce4aa
Proxy:			<none>
Request params:	<none>
Query params:	<none>
Form params:	<none>
Path params:	<none>
Headers:		Accept=application/json, application/javascript, text/javascript, text/json
				x-auth-token=28c2d533740b4ebdb650de8445edb1134a761d834667466ab05aec5436ac0589
				Content-Type=application/json
Cookies:		<none>
Multiparts:		<none>
Body:			<none>
HTTP/1.1 200 OK
access-control-allow-origin: *
access-control-allow-credentials: true
access-control-allow-methods: GET, POST, PUT, DELETE, PATCH
access-control-allow-headers: Origin, X-Requested-With, Authorization, Content-Type, Accept, X-Auth-Token
content-type: application/json; charset=utf-8
content-encoding: gzip
etag: W/"43-NRjYUraIosLt+x2lOOhDKG8vqCU"
set-cookie: express:sess=eyJmbGFzaCI6e319; path=/; httponly
set-cookie: express:sess.sig=tdt42nQZiQvICqmrvHQ1_16fHk0; path=/; httponly
date: Tue, 26 May 2026 07:47:29 GMT
connection: keep-alive
keep-alive: timeout=5
transfer-encoding: chunked

{
    "success": true,
    "status": 200,
    "message": "Note successfully deleted"
}
2026-05-26 13:17:28.462 [main] ERROR io.qameta.allure.util.NamingUtils - Could not find parameter id
Request method:	GET
Request URI:	https://practice.expandtesting.com/notes/api/notes/6a15501053916b0295cce4aa
Proxy:			<none>
Request params:	<none>
Query params:	<none>
Form params:	<none>
Path params:	<none>
Headers:		Accept=application/json, application/javascript, text/javascript, text/json
				x-auth-token=28c2d533740b4ebdb650de8445edb1134a761d834667466ab05aec5436ac0589
				Content-Type=application/json
Cookies:		<none>
Multiparts:		<none>
Body:			<none>
HTTP/1.1 404 Not Found
access-control-allow-origin: *
access-control-allow-credentials: true
access-control-allow-methods: GET, POST, PUT, DELETE, PATCH
access-control-allow-headers: Origin, X-Requested-With, Authorization, Content-Type, Accept, X-Auth-Token
content-type: application/json; charset=utf-8
content-encoding: gzip
etag: W/"67-NpoY+d/hy3dgko3A0Pj/DtJedd4"
set-cookie: express:sess=eyJmbGFzaCI6e319; path=/; httponly
set-cookie: express:sess.sig=tdt42nQZiQvICqmrvHQ1_16fHk0; path=/; httponly
date: Tue, 26 May 2026 07:47:29 GMT
connection: keep-alive
keep-alive: timeout=5
transfer-encoding: chunked

{
    "success": false,
    "status": 404,
    "message": "No note was found with the provided ID, Maybe it was deleted"
}
]]></system-out>
  </testcase>
  <testcase name="testGetAllNotes" classname="com.notesapp.tests.api.NotesApiTest" time="0.511">
    <system-out><![CDATA[2026-05-26 13:17:28.978 [main] INFO  com.notesapp.api.NotesApi - Fetching all notes via API
Request method:	GET
Request URI:	https://practice.expandtesting.com/notes/api/notes
Proxy:			<none>
Request params:	<none>
Query params:	<none>
Form params:	<none>
Path params:	<none>
Headers:		Accept=application/json, application/javascript, text/javascript, text/json
				x-auth-token=28c2d533740b4ebdb650de8445edb1134a761d834667466ab05aec5436ac0589
				Content-Type=application/json
Cookies:		<none>
Multiparts:		<none>
Body:			<none>
HTTP/1.1 200 OK
access-control-allow-origin: *
access-control-allow-credentials: true
access-control-allow-methods: GET, POST, PUT, DELETE, PATCH
access-control-allow-headers: Origin, X-Requested-With, Authorization, Content-Type, Accept, X-Auth-Token
content-type: application/json; charset=utf-8
content-encoding: gzip
etag: W/"150-rPj+FIuATTd24bZ1PRbMyQsxrws"
set-cookie: express:sess=eyJmbGFzaCI6e319; path=/; httponly
set-cookie: express:sess.sig=tdt42nQZiQvICqmrvHQ1_16fHk0; path=/; httponly
date: Tue, 26 May 2026 07:47:30 GMT
connection: keep-alive
keep-alive: timeout=5
transfer-encoding: chunked

{
    "success": true,
    "status": 200,
    "message": "Notes successfully retrieved",
    "data": [
        {
            "id": "6a15500e53916b0295cce4a2",
            "title": "API Test Note 1779781645185",
            "description": "Created via API",
            "category": "Work",
            "completed": false,
            "created_at": "2026-05-26T07:47:26.819Z",
            "updated_at": "2026-05-26T07:47:26.819Z",
            "user_id": "6a13093f0389350296640430"
        }
    ]
}
]]></system-out>
  </testcase>
  <testcase name="testUpdateNote" classname="com.notesapp.tests.api.NotesApiTest" time="1.324">
    <system-out><![CDATA[2026-05-26 13:17:29.493 [main] INFO  com.notesapp.api.NotesApi - Creating note: 'Before Update 1779781649492' in category 'Home'
Request method:	POST
Request URI:	https://practice.expandtesting.com/notes/api/notes
Proxy:			<none>
Request params:	<none>
Query params:	<none>
Form params:	<none>
Path params:	<none>
Headers:		Accept=application/json, application/javascript, text/javascript, text/json
				x-auth-token=28c2d533740b4ebdb650de8445edb1134a761d834667466ab05aec5436ac0589
				Content-Type=application/json
Cookies:		<none>
Multiparts:		<none>
Body:
{
    "description": "original",
    "title": "Before Update 1779781649492",
    "category": "Home"
}
HTTP/1.1 200 OK
access-control-allow-origin: *
access-control-allow-credentials: true
access-control-allow-methods: GET, POST, PUT, DELETE, PATCH
access-control-allow-headers: Origin, X-Requested-With, Authorization, Content-Type, Accept, X-Auth-Token
content-type: application/json; charset=utf-8
content-encoding: gzip
etag: W/"144-2X1C1nRRIbqPZNzcqJ7wmqkyTlw"
set-cookie: express:sess=eyJmbGFzaCI6e319; path=/; httponly
set-cookie: express:sess.sig=tdt42nQZiQvICqmrvHQ1_16fHk0; path=/; httponly
date: Tue, 26 May 2026 07:47:31 GMT
connection: keep-alive
keep-alive: timeout=5
transfer-encoding: chunked

{
    "success": true,
    "status": 200,
    "message": "Note successfully created",
    "data": {
        "id": "6a15501353916b0295cce4b5",
        "title": "Before Update 1779781649492",
        "description": "original",
        "category": "Home",
        "completed": false,
        "created_at": "2026-05-26T07:47:31.119Z",
        "updated_at": "2026-05-26T07:47:31.119Z",
        "user_id": "6a13093f0389350296640430"
    }
}
2026-05-26 13:17:30.155 [main] INFO  com.notesapp.api.NotesApi - Created note id: 6a15501353916b0295cce4b5
2026-05-26 13:17:30.157 [main] ERROR io.qameta.allure.util.NamingUtils - Could not find parameter id
2026-05-26 13:17:30.158 [main] INFO  com.notesapp.api.NotesApi - Updating (PUT) note id: 6a15501353916b0295cce4b5
Request method:	PUT
Request URI:	https://practice.expandtesting.com/notes/api/notes/6a15501353916b0295cce4b5
Proxy:			<none>
Request params:	<none>
Query params:	<none>
Form params:	<none>
Path params:	<none>
Headers:		Accept=application/json, application/javascript, text/javascript, text/json
				x-auth-token=28c2d533740b4ebdb650de8445edb1134a761d834667466ab05aec5436ac0589
				Content-Type=application/json
Cookies:		<none>
Multiparts:		<none>
Body:
{
    "description": "updated description",
    "completed": false,
    "title": "After Update",
    "category": "Work"
}
HTTP/1.1 200 OK
access-control-allow-origin: *
access-control-allow-credentials: true
access-control-allow-methods: GET, POST, PUT, DELETE, PATCH
access-control-allow-headers: Origin, X-Requested-With, Authorization, Content-Type, Accept, X-Auth-Token
content-type: application/json; charset=utf-8
content-encoding: gzip
etag: W/"140-YfmNW5K2teWNHqdHr6UociiWPso"
set-cookie: express:sess=eyJmbGFzaCI6e319; path=/; httponly
set-cookie: express:sess.sig=tdt42nQZiQvICqmrvHQ1_16fHk0; path=/; httponly
date: Tue, 26 May 2026 07:47:31 GMT
connection: keep-alive
keep-alive: timeout=5
transfer-encoding: chunked

{
    "success": true,
    "status": 200,
    "message": "Note successfully Updated",
    "data": {
        "id": "6a15501353916b0295cce4b5",
        "title": "After Update",
        "description": "updated description",
        "category": "Work",
        "completed": false,
        "created_at": "2026-05-26T07:47:31.119Z",
        "updated_at": "2026-05-26T07:47:31.700Z",
        "user_id": "6a13093f0389350296640430"
    }
}
]]></system-out>
  </testcase>
  <testcase name="testCreateNoteWithBadToken" classname="com.notesapp.tests.api.NegativeApiTest" time="4.342">
    <system-out><![CDATA[2026-05-26 13:17:30.820 [main] INFO  com.notesapp.api.NotesApi - Creating note: 'Should fail' in category 'Home'
Request method:	POST
Request URI:	https://practice.expandtesting.com/notes/api/notes
Proxy:			<none>
Request params:	<none>
Query params:	<none>
Form params:	<none>
Path params:	<none>
Headers:		Accept=application/json, application/javascript, text/javascript, text/json
				x-auth-token=fake-token-xyz
				Content-Type=application/json
Cookies:		<none>
Multiparts:		<none>
Body:
{
    "description": "This should not be created",
    "title": "Should fail",
    "category": "Home"
}
HTTP/1.1 401 Unauthorized
access-control-allow-origin: *
access-control-allow-credentials: true
access-control-allow-methods: GET, POST, PUT, DELETE, PATCH
access-control-allow-headers: Origin, X-Requested-With, Authorization, Content-Type, Accept, X-Auth-Token
content-type: application/json; charset=utf-8
content-encoding: gzip
etag: W/"6b-Bu649VEbyJ683UumMjacZa/tuc8"
set-cookie: express:sess=eyJmbGFzaCI6e319; path=/; httponly
set-cookie: express:sess.sig=tdt42nQZiQvICqmrvHQ1_16fHk0; path=/; httponly
date: Tue, 26 May 2026 07:47:35 GMT
connection: keep-alive
keep-alive: timeout=5
transfer-encoding: chunked

{
    "success": false,
    "status": 401,
    "message": "Access token is not valid or has expired, you will need to login"
}
]]></system-out>
  </testcase>
  <testcase name="testDeleteNonExistentNote" classname="com.notesapp.tests.api.NegativeApiTest" time="1.092">
    <system-out><![CDATA[2026-05-26 13:17:35.125 [main] INFO  com.notesapp.api.AuthApi - API Login: omgdongare@gmail.com
Request method:	POST
Request URI:	https://practice.expandtesting.com/notes/api/users/login
Proxy:			<none>
Request params:	<none>
Query params:	<none>
Form params:	<none>
Path params:	<none>
Headers:		Accept=application/json, application/javascript, text/javascript, text/json
				Content-Type=application/json
Cookies:		<none>
Multiparts:		<none>
Body:
{
    "password": "123456",
    "email": "omgdongare@gmail.com"
}
HTTP/1.1 200 OK
access-control-allow-origin: *
access-control-allow-credentials: true
access-control-allow-methods: GET, POST, PUT, DELETE, PATCH
access-control-allow-headers: Origin, X-Requested-With, Authorization, Content-Type, Accept, X-Auth-Token
content-type: application/json; charset=utf-8
content-encoding: gzip
etag: W/"db-R/aX+b1prAJfk4Vakv2CfA2Kcsw"
set-cookie: express:sess=eyJmbGFzaCI6e319; path=/; httponly
set-cookie: express:sess.sig=tdt42nQZiQvICqmrvHQ1_16fHk0; path=/; httponly
date: Tue, 26 May 2026 07:47:36 GMT
connection: keep-alive
keep-alive: timeout=5
transfer-encoding: chunked

{
    "success": true,
    "status": 200,
    "message": "Login successful",
    "data": {
        "id": "6a13093f0389350296640430",
        "name": "omga",
        "email": "omgdongare@gmail.com",
        "token": "28c2d533740b4ebdb650de8445edb1134a761d834667466ab05aec5436ac0589"
    }
}
2026-05-26 13:17:35.738 [main] INFO  com.notesapp.api.AuthApi - Token obtained: 28c2d533...0589
2026-05-26 13:17:35.739 [main] ERROR io.qameta.allure.util.NamingUtils - Could not find parameter id
2026-05-26 13:17:35.739 [main] INFO  com.notesapp.api.NotesApi - Deleting note id: 000000000000000000000000
Request method:	DELETE
Request URI:	https://practice.expandtesting.com/notes/api/notes/000000000000000000000000
Proxy:			<none>
Request params:	<none>
Query params:	<none>
Form params:	<none>
Path params:	<none>
Headers:		Accept=application/json, application/javascript, text/javascript, text/json
				x-auth-token=28c2d533740b4ebdb650de8445edb1134a761d834667466ab05aec5436ac0589
				Content-Type=application/json
Cookies:		<none>
Multiparts:		<none>
Body:			<none>
HTTP/1.1 404 Not Found
access-control-allow-origin: *
access-control-allow-credentials: true
access-control-allow-methods: GET, POST, PUT, DELETE, PATCH
access-control-allow-headers: Origin, X-Requested-With, Authorization, Content-Type, Accept, X-Auth-Token
content-type: application/json; charset=utf-8
content-encoding: gzip
etag: W/"67-NpoY+d/hy3dgko3A0Pj/DtJedd4"
set-cookie: express:sess=eyJmbGFzaCI6e319; path=/; httponly
set-cookie: express:sess.sig=tdt42nQZiQvICqmrvHQ1_16fHk0; path=/; httponly
date: Tue, 26 May 2026 07:47:37 GMT
connection: keep-alive
keep-alive: timeout=5
transfer-encoding: chunked

{
    "success": false,
    "status": 404,
    "message": "No note was found with the provided ID, Maybe it was deleted"
}
]]></system-out>
  </testcase>
  <testcase name="testGetNotesWithoutToken" classname="com.notesapp.tests.api.NegativeApiTest" time="0.447">
    <system-out><![CDATA[Request method:	GET
Request URI:	https://practice.expandtesting.com/notes/api/notes
Proxy:			<none>
Request params:	<none>
Query params:	<none>
Form params:	<none>
Path params:	<none>
Headers:		Accept=application/json, application/javascript, text/javascript, text/json
				Content-Type=application/json
Cookies:		<none>
Multiparts:		<none>
Body:			<none>
HTTP/1.1 401 Unauthorized
access-control-allow-origin: *
access-control-allow-credentials: true
access-control-allow-methods: GET, POST, PUT, DELETE, PATCH
access-control-allow-headers: Origin, X-Requested-With, Authorization, Content-Type, Accept, X-Auth-Token
content-type: application/json; charset=utf-8
content-encoding: gzip
etag: W/"63-kaKfzTW2quBGOpz1E3SeBltpHeE"
set-cookie: express:sess=eyJmbGFzaCI6e319; path=/; httponly
set-cookie: express:sess.sig=tdt42nQZiQvICqmrvHQ1_16fHk0; path=/; httponly
date: Tue, 26 May 2026 07:47:37 GMT
connection: keep-alive
keep-alive: timeout=5
transfer-encoding: chunked

{
    "success": false,
    "status": 401,
    "message": "No authentication token specified in x-auth-token header"
}
]]></system-out>
  </testcase>
  <testcase name="testApiResponseTimeUnder2Seconds" classname="com.notesapp.tests.e2e.UiApiSyncTest" time="0.804">
    <system-out><![CDATA[2026-05-26 13:17:36.698 [main] INFO  com.notesapp.tests.e2e.UiApiSyncTest - ====== Setting up driver: browser=chrome, headless=false ======
2026-05-26 13:17:36.732 [main] INFO  io.github.bonigarcia.wdm.WebDriverManager - Using chromedriver 148.0.7778.178 (resolved driver for Chrome 148)
2026-05-26 13:17:36.758 [main] INFO  io.github.bonigarcia.wdm.WebDriverManager - Exporting webdriver.chrome.driver as C:\Users\omdon\.cache\selenium\chromedriver\win64\148.0.7778.178\chromedriver.exe
2026-05-26 13:17:38.174 [main] INFO  com.notesapp.pages.LoginPage - Navigating to: https://practice.expandtesting.com/notes/app/login
2026-05-26 13:17:44.598 [main] INFO  com.notesapp.pages.LoginPage - Opened login page
2026-05-26 13:17:44.599 [main] DEBUG com.notesapp.pages.LoginPage - Typing 'omgdongare@gmail.com' into: By.id: email
2026-05-26 13:17:45.158 [main] DEBUG com.notesapp.pages.LoginPage - Typing '123456' into: By.id: password
2026-05-26 13:17:45.404 [main] DEBUG com.notesapp.pages.LoginPage - Clicking: By.cssSelector: button.btn-primary
2026-05-26 13:17:46.606 [main] WARN  com.notesapp.pages.LoginPage - Standard click intercepted — retrying with JS: By.cssSelector: button.btn-primary
2026-05-26 13:17:47.744 [main] INFO  com.notesapp.api.AuthApi - API Login: omgdongare@gmail.com
Request method:	POST
Request URI:	https://practice.expandtesting.com/notes/api/users/login
Proxy:			<none>
Request params:	<none>
Query params:	<none>
Form params:	<none>
Path params:	<none>
Headers:		Accept=application/json, application/javascript, text/javascript, text/json
				Content-Type=application/json
Cookies:		<none>
Multiparts:		<none>
Body:
{
    "password": "123456",
    "email": "omgdongare@gmail.com"
}
HTTP/1.1 200 OK
access-control-allow-origin: *
access-control-allow-credentials: true
access-control-allow-methods: GET, POST, PUT, DELETE, PATCH
access-control-allow-headers: Origin, X-Requested-With, Authorization, Content-Type, Accept, X-Auth-Token
content-type: application/json; charset=utf-8
content-encoding: gzip
etag: W/"db-R/aX+b1prAJfk4Vakv2CfA2Kcsw"
set-cookie: express:sess=eyJmbGFzaCI6e319; path=/; httponly
set-cookie: express:sess.sig=tdt42nQZiQvICqmrvHQ1_16fHk0; path=/; httponly
date: Tue, 26 May 2026 07:47:49 GMT
connection: keep-alive
keep-alive: timeout=5
transfer-encoding: chunked

{
    "success": true,
    "status": 200,
    "message": "Login successful",
    "data": {
        "id": "6a13093f0389350296640430",
        "name": "omga",
        "email": "omgdongare@gmail.com",
        "token": "28c2d533740b4ebdb650de8445edb1134a761d834667466ab05aec5436ac0589"
    }
}
2026-05-26 13:17:48.559 [main] INFO  com.notesapp.api.AuthApi - Token obtained: 28c2d533...0589
2026-05-26 13:17:48.572 [main] INFO  com.notesapp.api.NotesApi - Fetching all notes via API
Request method:	GET
Request URI:	https://practice.expandtesting.com/notes/api/notes
Proxy:			<none>
Request params:	<none>
Query params:	<none>
Form params:	<none>
Path params:	<none>
Headers:		Accept=application/json, application/javascript, text/javascript, text/json
				x-auth-token=28c2d533740b4ebdb650de8445edb1134a761d834667466ab05aec5436ac0589
				Content-Type=application/json
Cookies:		<none>
Multiparts:		<none>
Body:			<none>
HTTP/1.1 200 OK
access-control-allow-origin: *
access-control-allow-credentials: true
access-control-allow-methods: GET, POST, PUT, DELETE, PATCH
access-control-allow-headers: Origin, X-Requested-With, Authorization, Content-Type, Accept, X-Auth-Token
content-type: application/json; charset=utf-8
content-encoding: gzip
etag: W/"246-o4LB0zzZALbUXJONyH2C3BsEKAE"
set-cookie: express:sess=eyJmbGFzaCI6e319; path=/; httponly
set-cookie: express:sess.sig=tdt42nQZiQvICqmrvHQ1_16fHk0; path=/; httponly
date: Tue, 26 May 2026 07:47:49 GMT
connection: keep-alive
keep-alive: timeout=5
transfer-encoding: chunked

{
    "success": true,
    "status": 200,
    "message": "Notes successfully retrieved",
    "data": [
        {
            "id": "6a15501353916b0295cce4b5",
            "title": "After Update",
            "description": "updated description",
            "category": "Work",
            "completed": false,
            "created_at": "2026-05-26T07:47:31.119Z",
            "updated_at": "2026-05-26T07:47:31.700Z",
            "user_id": "6a13093f0389350296640430"
        },
        {
            "id": "6a15500e53916b0295cce4a2",
            "title": "API Test Note 1779781645185",
            "description": "Created via API",
            "category": "Work",
            "completed": false,
            "created_at": "2026-05-26T07:47:26.819Z",
            "updated_at": "2026-05-26T07:47:26.819Z",
            "user_id": "6a13093f0389350296640430"
        }
    ]
}
2026-05-26 13:17:49.345 [main] INFO  com.notesapp.tests.e2e.UiApiSyncTest - GET /notes response time: 741ms
]]></system-out>
    <system-err><![CDATA[May 26, 2026 1:17:38 PM org.openqa.selenium.devtools.CdpVersionFinder findNearestMatch
WARNING: Unable to find CDP implementation matching 148
May 26, 2026 1:17:38 PM org.openqa.selenium.chromium.ChromiumDriver lambda$new$5
WARNING: Unable to find version of CDP to use for 148.0.7778.168. You may need to include a dependency on a specific version of the CDP using something similar to `org.seleniumhq.selenium:selenium-devtools-v86:4.18.1` where the version ("v86") matches the version of the chromium-based browser you're using and the version number of the artifact is the same as Selenium's.
]]></system-err>
  </testcase>
  <testcase name="testUiNoteAppearsInApi" classname="com.notesapp.tests.e2e.UiApiSyncTest" time="13.286">
    <system-out><![CDATA[2026-05-26 13:17:49.373 [main] INFO  com.notesapp.tests.e2e.UiApiSyncTest - TEST PASSED: testApiResponseTimeUnder2Seconds
2026-05-26 13:17:49.866 [main] INFO  com.notesapp.tests.e2e.UiApiSyncTest - ====== Driver quit — thread cleaned up ======
2026-05-26 13:17:49.870 [main] INFO  com.notesapp.tests.e2e.UiApiSyncTest - ====== Setting up driver: browser=chrome, headless=false ======
2026-05-26 13:17:49.888 [main] INFO  io.github.bonigarcia.wdm.WebDriverManager - Using chromedriver 148.0.7778.178 (resolved driver for Chrome 148)
2026-05-26 13:17:49.903 [main] INFO  io.github.bonigarcia.wdm.WebDriverManager - Exporting webdriver.chrome.driver as C:\Users\omdon\.cache\selenium\chromedriver\win64\148.0.7778.178\chromedriver.exe
2026-05-26 13:17:51.125 [main] INFO  com.notesapp.pages.LoginPage - Navigating to: https://practice.expandtesting.com/notes/app/login
2026-05-26 13:17:57.025 [main] INFO  com.notesapp.pages.LoginPage - Opened login page
2026-05-26 13:17:57.026 [main] DEBUG com.notesapp.pages.LoginPage - Typing 'omgdongare@gmail.com' into: By.id: email
2026-05-26 13:17:57.443 [main] DEBUG com.notesapp.pages.LoginPage - Typing '123456' into: By.id: password
2026-05-26 13:17:57.673 [main] DEBUG com.notesapp.pages.LoginPage - Clicking: By.cssSelector: button.btn-primary
2026-05-26 13:17:58.895 [main] WARN  com.notesapp.pages.LoginPage - Standard click intercepted — retrying with JS: By.cssSelector: button.btn-primary
2026-05-26 13:18:01.113 [main] INFO  com.notesapp.api.AuthApi - API Login: omgdongare@gmail.com
Request method:	POST
Request URI:	https://practice.expandtesting.com/notes/api/users/login
Proxy:			<none>
Request params:	<none>
Query params:	<none>
Form params:	<none>
Path params:	<none>
Headers:		Accept=application/json, application/javascript, text/javascript, text/json
				Content-Type=application/json
Cookies:		<none>
Multiparts:		<none>
Body:
{
    "password": "123456",
    "email": "omgdongare@gmail.com"
}
HTTP/1.1 200 OK
access-control-allow-origin: *
access-control-allow-credentials: true
access-control-allow-methods: GET, POST, PUT, DELETE, PATCH
access-control-allow-headers: Origin, X-Requested-With, Authorization, Content-Type, Accept, X-Auth-Token
content-type: application/json; charset=utf-8
content-encoding: gzip
etag: W/"db-R/aX+b1prAJfk4Vakv2CfA2Kcsw"
set-cookie: express:sess=eyJmbGFzaCI6e319; path=/; httponly
set-cookie: express:sess.sig=tdt42nQZiQvICqmrvHQ1_16fHk0; path=/; httponly
date: Tue, 26 May 2026 07:48:02 GMT
connection: keep-alive
keep-alive: timeout=5
transfer-encoding: chunked

{
    "success": true,
    "status": 200,
    "message": "Login successful",
    "data": {
        "id": "6a13093f0389350296640430",
        "name": "omga",
        "email": "omgdongare@gmail.com",
        "token": "28c2d533740b4ebdb650de8445edb1134a761d834667466ab05aec5436ac0589"
    }
}
2026-05-26 13:18:01.665 [main] INFO  com.notesapp.api.AuthApi - Token obtained: 28c2d533...0589
2026-05-26 13:18:01.674 [main] DEBUG com.notesapp.pages.NotesPage - Clicking: By.xpath: //button[contains(., 'Add Note')]
2026-05-26 13:18:01.985 [main] DEBUG com.notesapp.pages.NotesPage - Typing 'Sprint Planning 1779781681674' into: By.id: title
2026-05-26 13:18:02.358 [main] DEBUG com.notesapp.pages.NotesPage - Typing 'Define Q3 OKRs and deliverables' into: By.id: description
2026-05-26 13:18:02.922 [main] DEBUG com.notesapp.pages.NotesPage - Clicking: By.xpath: //button[normalize-space(text())='Create']
2026-05-26 13:18:14.300 [main] INFO  com.notesapp.pages.NotesPage - Created note: 'Sprint Planning 1779781681674' in category 'Work'
2026-05-26 13:18:14.376 [main] INFO  com.notesapp.api.NotesApi - Fetching all notes via API
Request method:	GET
Request URI:	https://practice.expandtesting.com/notes/api/notes
Proxy:			<none>
Request params:	<none>
Query params:	<none>
Form params:	<none>
Path params:	<none>
Headers:		Accept=application/json, application/javascript, text/javascript, text/json
				x-auth-token=28c2d533740b4ebdb650de8445edb1134a761d834667466ab05aec5436ac0589
				Content-Type=application/json
Cookies:		<none>
Multiparts:		<none>
Body:			<none>
HTTP/1.1 200 OK
access-control-allow-origin: *
access-control-allow-credentials: true
access-control-allow-methods: GET, POST, PUT, DELETE, PATCH
access-control-allow-headers: Origin, X-Requested-With, Authorization, Content-Type, Accept, X-Auth-Token
content-type: application/json; charset=utf-8
content-encoding: gzip
etag: W/"359-iQ3rQS+eajOYFuYAL9W3haSP+a0"
set-cookie: express:sess=eyJmbGFzaCI6e319; path=/; httponly
set-cookie: express:sess.sig=tdt42nQZiQvICqmrvHQ1_16fHk0; path=/; httponly
date: Tue, 26 May 2026 07:48:15 GMT
connection: keep-alive
keep-alive: timeout=5
transfer-encoding: chunked

{
    "success": true,
    "status": 200,
    "message": "Notes successfully retrieved",
    "data": [
        {
            "id": "6a15503453916b0295cce50d",
            "title": "Sprint Planning 1779781681674",
            "description": "Define Q3 OKRs and deliverables",
            "category": "Work",
            "completed": false,
            "created_at": "2026-05-26T07:48:04.429Z",
            "updated_at": "2026-05-26T07:48:04.429Z",
            "user_id": "6a13093f0389350296640430"
        },
        {
            "id": "6a15501353916b0295cce4b5",
            "title": "After Update",
            "description": "updated description",
            "category": "Work",
            "completed": false,
            "created_at": "2026-05-26T07:47:31.119Z",
            "updated_at": "2026-05-26T07:47:31.700Z",
            "user_id": "6a13093f0389350296640430"
        },
        {
            "id": "6a15500e53916b0295cce4a2",
            "title": "API Test Note 1779781645185",
            "description": "Created via API",
            "category": "Work",
            "completed": false,
            "created_at": "2026-05-26T07:47:26.819Z",
            "updated_at": "2026-05-26T07:47:26.819Z",
            "user_id": "6a13093f0389350296640430"
        }
    ]
}
2026-05-26 13:18:14.945 [main] INFO  com.notesapp.tests.e2e.UiApiSyncTest - TC-E2E-01 PASSED — All fields matched between UI and API for note: 'Sprint Planning 1779781681674'
]]></system-out>
    <system-err><![CDATA[May 26, 2026 1:17:51 PM org.openqa.selenium.devtools.CdpVersionFinder findNearestMatch
WARNING: Unable to find CDP implementation matching 148
May 26, 2026 1:17:51 PM org.openqa.selenium.chromium.ChromiumDriver lambda$new$5
WARNING: Unable to find version of CDP to use for 148.0.7778.168. You may need to include a dependency on a specific version of the CDP using something similar to `org.seleniumhq.selenium:selenium-devtools-v86:4.18.1` where the version ("v86") matches the version of the chromium-based browser you're using and the version number of the artifact is the same as Selenium's.
]]></system-err>
  </testcase>
  <testcase name="testApiDeleteReflectedInUI" classname="com.notesapp.tests.e2e.DeleteSyncTest" time="69.621">
    <system-out><![CDATA[2026-05-26 13:18:14.960 [main] INFO  com.notesapp.tests.e2e.UiApiSyncTest - TEST PASSED: testUiNoteAppearsInApi
2026-05-26 13:18:15.685 [main] INFO  com.notesapp.tests.e2e.UiApiSyncTest - ====== Driver quit — thread cleaned up ======
2026-05-26 13:18:15.690 [main] INFO  com.notesapp.tests.e2e.DeleteSyncTest - ====== Setting up driver: browser=chrome, headless=false ======
2026-05-26 13:18:15.711 [main] INFO  io.github.bonigarcia.wdm.WebDriverManager - Using chromedriver 148.0.7778.178 (resolved driver for Chrome 148)
2026-05-26 13:18:15.726 [main] INFO  io.github.bonigarcia.wdm.WebDriverManager - Exporting webdriver.chrome.driver as C:\Users\omdon\.cache\selenium\chromedriver\win64\148.0.7778.178\chromedriver.exe
2026-05-26 13:18:17.106 [main] INFO  com.notesapp.pages.LoginPage - Navigating to: https://practice.expandtesting.com/notes/app/login
2026-05-26 13:18:57.040 [main] INFO  com.notesapp.pages.LoginPage - Opened login page
2026-05-26 13:18:57.041 [main] DEBUG com.notesapp.pages.LoginPage - Typing 'omgdongare@gmail.com' into: By.id: email
2026-05-26 13:18:57.502 [main] DEBUG com.notesapp.pages.LoginPage - Typing '123456' into: By.id: password
2026-05-26 13:18:58.020 [main] DEBUG com.notesapp.pages.LoginPage - Clicking: By.cssSelector: button.btn-primary
2026-05-26 13:18:59.388 [main] INFO  com.notesapp.api.AuthApi - API Login: omgdongare@gmail.com
Request method:	POST
Request URI:	https://practice.expandtesting.com/notes/api/users/login
Proxy:			<none>
Request params:	<none>
Query params:	<none>
Form params:	<none>
Path params:	<none>
Headers:		Accept=application/json, application/javascript, text/javascript, text/json
				Content-Type=application/json
Cookies:		<none>
Multiparts:		<none>
Body:
{
    "password": "123456",
    "email": "omgdongare@gmail.com"
}
HTTP/1.1 200 OK
access-control-allow-origin: *
access-control-allow-credentials: true
access-control-allow-methods: GET, POST, PUT, DELETE, PATCH
access-control-allow-headers: Origin, X-Requested-With, Authorization, Content-Type, Accept, X-Auth-Token
content-type: application/json; charset=utf-8
content-encoding: gzip
etag: W/"db-R/aX+b1prAJfk4Vakv2CfA2Kcsw"
set-cookie: express:sess=eyJmbGFzaCI6e319; path=/; httponly
set-cookie: express:sess.sig=tdt42nQZiQvICqmrvHQ1_16fHk0; path=/; httponly
date: Tue, 26 May 2026 07:49:00 GMT
connection: keep-alive
keep-alive: timeout=5
transfer-encoding: chunked

{
    "success": true,
    "status": 200,
    "message": "Login successful",
    "data": {
        "id": "6a13093f0389350296640430",
        "name": "omga",
        "email": "omgdongare@gmail.com",
        "token": "28c2d533740b4ebdb650de8445edb1134a761d834667466ab05aec5436ac0589"
    }
}
2026-05-26 13:19:00.103 [main] INFO  com.notesapp.api.AuthApi - Token obtained: 28c2d533...0589
2026-05-26 13:19:00.141 [main] DEBUG com.notesapp.pages.NotesPage - Clicking: By.xpath: //button[contains(., 'Add Note')]
2026-05-26 13:19:00.529 [main] DEBUG com.notesapp.pages.NotesPage - Typing 'Delete Sync Test 1779781740133' into: By.id: title
2026-05-26 13:19:01.049 [main] DEBUG com.notesapp.pages.NotesPage - Typing 'This will be deleted via API' into: By.id: description
2026-05-26 13:19:01.796 [main] DEBUG com.notesapp.pages.NotesPage - Clicking: By.xpath: //button[normalize-space(text())='Create']
2026-05-26 13:19:13.472 [main] INFO  com.notesapp.pages.NotesPage - Created note: 'Delete Sync Test 1779781740133' in category 'Personal'
2026-05-26 13:19:13.552 [main] INFO  com.notesapp.api.NotesApi - Fetching all notes via API
Request method:	GET
Request URI:	https://practice.expandtesting.com/notes/api/notes
Proxy:			<none>
Request params:	<none>
Query params:	<none>
Form params:	<none>
Path params:	<none>
Headers:		Accept=application/json, application/javascript, text/javascript, text/json
				x-auth-token=28c2d533740b4ebdb650de8445edb1134a761d834667466ab05aec5436ac0589
				Content-Type=application/json
Cookies:		<none>
Multiparts:		<none>
Body:			<none>
HTTP/1.1 200 OK
access-control-allow-origin: *
access-control-allow-credentials: true
access-control-allow-methods: GET, POST, PUT, DELETE, PATCH
access-control-allow-headers: Origin, X-Requested-With, Authorization, Content-Type, Accept, X-Auth-Token
content-type: application/json; charset=utf-8
content-encoding: gzip
etag: W/"46e-MDp/yxC9b7hE/6zBQeYBYT/PVuA"
set-cookie: express:sess=eyJmbGFzaCI6e319; path=/; httponly
set-cookie: express:sess.sig=tdt42nQZiQvICqmrvHQ1_16fHk0; path=/; httponly
date: Tue, 26 May 2026 07:49:15 GMT
connection: keep-alive
keep-alive: timeout=5
transfer-encoding: chunked

{
    "success": true,
    "status": 200,
    "message": "Notes successfully retrieved",
    "data": [
        {
            "id": "6a15506f53916b0295cce55e",
            "title": "Delete Sync Test 1779781740133",
            "description": "This will be deleted via API",
            "category": "Personal",
            "completed": false,
            "created_at": "2026-05-26T07:49:03.646Z",
            "updated_at": "2026-05-26T07:49:03.646Z",
            "user_id": "6a13093f0389350296640430"
        },
        {
            "id": "6a15503453916b0295cce50d",
            "title": "Sprint Planning 1779781681674",
            "description": "Define Q3 OKRs and deliverables",
            "category": "Work",
            "completed": false,
            "created_at": "2026-05-26T07:48:04.429Z",
            "updated_at": "2026-05-26T07:48:04.429Z",
            "user_id": "6a13093f0389350296640430"
        },
        {
            "id": "6a15501353916b0295cce4b5",
            "title": "After Update",
            "description": "updated description",
            "category": "Work",
            "completed": false,
            "created_at": "2026-05-26T07:47:31.119Z",
            "updated_at": "2026-05-26T07:47:31.700Z",
            "user_id": "6a13093f0389350296640430"
        },
        {
            "id": "6a15500e53916b0295cce4a2",
            "title": "API Test Note 1779781645185",
            "description": "Created via API",
            "category": "Work",
            "completed": false,
            "created_at": "2026-05-26T07:47:26.819Z",
            "updated_at": "2026-05-26T07:47:26.819Z",
            "user_id": "6a13093f0389350296640430"
        }
    ]
}
2026-05-26 13:19:14.436 [main] ERROR io.qameta.allure.util.NamingUtils - Could not find parameter id
2026-05-26 13:19:14.436 [main] INFO  com.notesapp.api.NotesApi - Deleting note id: 6a15506f53916b0295cce55e
Request method:	DELETE
Request URI:	https://practice.expandtesting.com/notes/api/notes/6a15506f53916b0295cce55e
Proxy:			<none>
Request params:	<none>
Query params:	<none>
Form params:	<none>
Path params:	<none>
Headers:		Accept=application/json, application/javascript, text/javascript, text/json
				x-auth-token=28c2d533740b4ebdb650de8445edb1134a761d834667466ab05aec5436ac0589
				Content-Type=application/json
Cookies:		<none>
Multiparts:		<none>
Body:			<none>
HTTP/1.1 200 OK
access-control-allow-origin: *
access-control-allow-credentials: true
access-control-allow-methods: GET, POST, PUT, DELETE, PATCH
access-control-allow-headers: Origin, X-Requested-With, Authorization, Content-Type, Accept, X-Auth-Token
content-type: application/json; charset=utf-8
content-encoding: gzip
etag: W/"43-NRjYUraIosLt+x2lOOhDKG8vqCU"
set-cookie: express:sess=eyJmbGFzaCI6e319; path=/; httponly
set-cookie: express:sess.sig=tdt42nQZiQvICqmrvHQ1_16fHk0; path=/; httponly
date: Tue, 26 May 2026 07:49:15 GMT
connection: keep-alive
keep-alive: timeout=5
transfer-encoding: chunked

{
    "success": true,
    "status": 200,
    "message": "Note successfully deleted"
}
2026-05-26 13:19:59.659 [main] INFO  com.notesapp.pages.NotesPage - Dashboard ready — 'Add Note' button visible
2026-05-26 13:20:09.724 [main] INFO  com.notesapp.tests.e2e.DeleteSyncTest - TC-E2E-02 PASSED — API deletion reflected in UI for: 'Delete Sync Test 1779781740133'
]]></system-out>
    <system-err><![CDATA[May 26, 2026 1:18:16 PM org.openqa.selenium.devtools.CdpVersionFinder findNearestMatch
WARNING: Unable to find CDP implementation matching 148
May 26, 2026 1:18:16 PM org.openqa.selenium.chromium.ChromiumDriver lambda$new$5
WARNING: Unable to find version of CDP to use for 148.0.7778.168. You may need to include a dependency on a specific version of the CDP using something similar to `org.seleniumhq.selenium:selenium-devtools-v86:4.18.1` where the version ("v86") matches the version of the chromium-based browser you're using and the version number of the artifact is the same as Selenium's.
]]></system-err>
  </testcase>
</testsuite>