<?xml version="1.0" encoding="UTF-8"?>
<testng-results ignored="0" total="21" passed="21" failed="0" skipped="0">
  <reporter-output>
  </reporter-output>
  <suite started-at="2026-05-26T13:12:39 IST" name="Notes App — Full Suite" finished-at="2026-05-26T13:20:10 IST" duration-ms="450827">
    <groups>
    </groups>
    <test started-at="2026-05-26T13:12:39 IST" name="UI Tests" finished-at="2026-05-26T13:17:15 IST" duration-ms="275512">
      <class name="com.notesapp.tests.ui.CategoryFilterTest">
        <test-method is-config="true" signature="setUp(java.lang.String,java.lang.String)[pri:0, instance:com.notesapp.tests.ui.CategoryFilterTest@365afe87]" started-at="2026-05-26T13:16:10 IST" name="setUp" finished-at="2026-05-26T13:16:11 IST" duration-ms="1241" status="PASS">
          <params>
            <param index="0">
              <value>
                <![CDATA[chrome]]>
              </value>
            </param>
            <param index="1">
              <value>
                <![CDATA[true]]>
              </value>
            </param>
          </params>
          <reporter-output>
          </reporter-output>
        </test-method> <!-- setUp -->
        <test-method is-config="true" signature="loginAndSeedData()[pri:0, instance:com.notesapp.tests.ui.CategoryFilterTest@365afe87]" started-at="2026-05-26T13:16:11 IST" name="loginAndSeedData" finished-at="2026-05-26T13:17:09 IST" depends-on-methods="com.notesapp.tests.ui.CategoryFilterTest.setUp" duration-ms="58453" status="PASS">
          <reporter-output>
          </reporter-output>
        </test-method> <!-- loginAndSeedData -->
        <test-method signature="testCategoryFilter()[pri:0, instance:com.notesapp.tests.ui.CategoryFilterTest@365afe87]" started-at="2026-05-26T13:17:09 IST" name="testCategoryFilter" description="TC-UI-05: Filter notes by category — only matching notes shown" finished-at="2026-05-26T13:17:14 IST" duration-ms="4859" status="PASS">
          <reporter-output>
          </reporter-output>
        </test-method> <!-- testCategoryFilter -->
        <test-method is-config="true" signature="tearDown(org.testng.ITestResult)[pri:0, instance:com.notesapp.tests.ui.CategoryFilterTest@365afe87]" started-at="2026-05-26T13:17:14 IST" name="tearDown" finished-at="2026-05-26T13:17:15 IST" duration-ms="500" status="PASS">
          <params>
            <param index="0">
              <value>
                <![CDATA[[TestResult name=testCategoryFilter status=SUCCESS method=CategoryFilterTest.testCategoryFilter()[pri:0, instance:com.notesapp.tests.ui.CategoryFilterTest@365afe87] output={null}]]]>
              </value>
            </param>
          </params>
          <reporter-output>
          </reporter-output>
        </test-method> <!-- tearDown -->
      </class> <!-- com.notesapp.tests.ui.CategoryFilterTest -->
      <class name="com.notesapp.tests.ui.NotesCrudTest">
        <test-method is-config="true" signature="setUp(java.lang.String,java.lang.String)[pri:0, instance:com.notesapp.tests.ui.NotesCrudTest@4f3e9fbb]" started-at="2026-05-26T13:13:19 IST" name="setUp" finished-at="2026-05-26T13:13:20 IST" duration-ms="1335" status="PASS">
          <params>
            <param index="0">
              <value>
                <![CDATA[chrome]]>
              </value>
            </param>
            <param index="1">
              <value>
                <![CDATA[false]]>
              </value>
            </param>
          </params>
          <reporter-output>
          </reporter-output>
        </test-method> <!-- setUp -->
        <test-method is-config="true" signature="login()[pri:0, instance:com.notesapp.tests.ui.NotesCrudTest@4f3e9fbb]" started-at="2026-05-26T13:13:20 IST" name="login" finished-at="2026-05-26T13:13:26 IST" duration-ms="5592" status="PASS">
          <reporter-output>
          </reporter-output>
        </test-method> <!-- login -->
        <test-method signature="testCreateNote()[pri:0, instance:com.notesapp.tests.ui.NotesCrudTest@4f3e9fbb]" started-at="2026-05-26T13:13:26 IST" name="testCreateNote" description="TC-UI-02: Create note via UI and verify in list" finished-at="2026-05-26T13:14:02 IST" duration-ms="35964" status="PASS">
          <reporter-output>
          </reporter-output>
        </test-method> <!-- testCreateNote -->
        <test-method is-config="true" signature="tearDown(org.testng.ITestResult)[pri:0, instance:com.notesapp.tests.ui.NotesCrudTest@4f3e9fbb]" started-at="2026-05-26T13:14:02 IST" name="tearDown" finished-at="2026-05-26T13:14:02 IST" duration-ms="633" status="PASS">
          <params>
            <param index="0">
              <value>
                <![CDATA[[TestResult name=testCreateNote status=SUCCESS method=NotesCrudTest.testCreateNote()[pri:0, instance:com.notesapp.tests.ui.NotesCrudTest@4f3e9fbb] output={null}]]]>
              </value>
            </param>
          </params>
          <reporter-output>
          </reporter-output>
        </test-method> <!-- tearDown -->
        <test-method is-config="true" signature="setUp(java.lang.String,java.lang.String)[pri:0, instance:com.notesapp.tests.ui.NotesCrudTest@4f3e9fbb]" started-at="2026-05-26T13:14:02 IST" name="setUp" finished-at="2026-05-26T13:14:04 IST" duration-ms="1380" status="PASS">
          <params>
            <param index="0">
              <value>
                <![CDATA[chrome]]>
              </value>
            </param>
            <param index="1">
              <value>
                <![CDATA[false]]>
              </value>
            </param>
          </params>
          <reporter-output>
          </reporter-output>
        </test-method> <!-- setUp -->
        <test-method is-config="true" signature="login()[pri:0, instance:com.notesapp.tests.ui.NotesCrudTest@4f3e9fbb]" started-at="2026-05-26T13:14:04 IST" name="login" finished-at="2026-05-26T13:14:11 IST" duration-ms="7471" status="PASS">
          <reporter-output>
          </reporter-output>
        </test-method> <!-- login -->
        <test-method signature="testCreateNoteBlankTitle()[pri:0, instance:com.notesapp.tests.ui.NotesCrudTest@4f3e9fbb]" started-at="2026-05-26T13:14:11 IST" name="testCreateNoteBlankTitle" description="TC-NEG-03: Create note with blank title shows validation error" finished-at="2026-05-26T13:14:40 IST" duration-ms="28291" status="PASS">
          <reporter-output>
          </reporter-output>
        </test-method> <!-- testCreateNoteBlankTitle -->
        <test-method is-config="true" signature="tearDown(org.testng.ITestResult)[pri:0, instance:com.notesapp.tests.ui.NotesCrudTest@4f3e9fbb]" started-at="2026-05-26T13:14:40 IST" name="tearDown" finished-at="2026-05-26T13:14:40 IST" duration-ms="848" status="PASS">
          <params>
            <param index="0">
              <value>
                <![CDATA[[TestResult name=testCreateNoteBlankTitle status=SUCCESS method=NotesCrudTest.testCreateNoteBlankTitle()[pri:0, instance:com.notesapp.tests.ui.NotesCrudTest@4f3e9fbb] output={null}]]]>
              </value>
            </param>
          </params>
          <reporter-output>
          </reporter-output>
        </test-method> <!-- tearDown -->
        <test-method is-config="true" signature="setUp(java.lang.String,java.lang.String)[pri:0, instance:com.notesapp.tests.ui.NotesCrudTest@4f3e9fbb]" started-at="2026-05-26T13:14:40 IST" name="setUp" finished-at="2026-05-26T13:14:42 IST" duration-ms="1411" status="PASS">
          <params>
            <param index="0">
              <value>
                <![CDATA[chrome]]>
              </value>
            </param>
            <param index="1">
              <value>
                <![CDATA[false]]>
              </value>
            </param>
          </params>
          <reporter-output>
          </reporter-output>
        </test-method> <!-- setUp -->
        <test-method is-config="true" signature="login()[pri:0, instance:com.notesapp.tests.ui.NotesCrudTest@4f3e9fbb]" started-at="2026-05-26T13:14:42 IST" name="login" finished-at="2026-05-26T13:14:48 IST" duration-ms="6157" status="PASS">
          <reporter-output>
          </reporter-output>
        </test-method> <!-- login -->
        <test-method signature="testEditNote()[pri:0, instance:com.notesapp.tests.ui.NotesCrudTest@4f3e9fbb]" started-at="2026-05-26T13:14:48 IST" name="testEditNote" description="TC-UI-04: Edit existing note and verify updated title" finished-at="2026-05-26T13:16:09 IST" duration-ms="80769" status="PASS">
          <reporter-output>
          </reporter-output>
        </test-method> <!-- testEditNote -->
        <test-method is-config="true" signature="tearDown(org.testng.ITestResult)[pri:0, instance:com.notesapp.tests.ui.NotesCrudTest@4f3e9fbb]" started-at="2026-05-26T13:16:09 IST" name="tearDown" finished-at="2026-05-26T13:16:10 IST" duration-ms="865" status="PASS">
          <params>
            <param index="0">
              <value>
                <![CDATA[[TestResult name=testEditNote status=SUCCESS method=NotesCrudTest.testEditNote()[pri:0, instance:com.notesapp.tests.ui.NotesCrudTest@4f3e9fbb] output={null}]]]>
              </value>
            </param>
          </params>
          <reporter-output>
          </reporter-output>
        </test-method> <!-- tearDown -->
      </class> <!-- com.notesapp.tests.ui.NotesCrudTest -->
      <class name="com.notesapp.tests.ui.LoginTest">
        <test-method is-config="true" signature="setUp(java.lang.String,java.lang.String)[pri:0, instance:com.notesapp.tests.ui.LoginTest@79b18230]" started-at="2026-05-26T13:12:39 IST" name="setUp" finished-at="2026-05-26T13:12:42 IST" duration-ms="2991" status="PASS">
          <params>
            <param index="0">
              <value>
                <![CDATA[chrome]]>
              </value>
            </param>
            <param index="1">
              <value>
                <![CDATA[false]]>
              </value>
            </param>
          </params>
          <reporter-output>
          </reporter-output>
        </test-method> <!-- setUp -->
        <test-method is-config="true" signature="openLogin()[pri:0, instance:com.notesapp.tests.ui.LoginTest@79b18230]" started-at="2026-05-26T13:12:42 IST" name="openLogin" finished-at="2026-05-26T13:12:48 IST" duration-ms="5671" status="PASS">
          <reporter-output>
          </reporter-output>
        </test-method> <!-- openLogin -->
        <test-method signature="testLoginEmptyEmail()[pri:0, instance:com.notesapp.tests.ui.LoginTest@79b18230]" started-at="2026-05-26T13:12:48 IST" name="testLoginEmptyEmail" description="TC-NEG-04: Login with blank email shows validation error" finished-at="2026-05-26T13:12:59 IST" duration-ms="11267" status="PASS">
          <reporter-output>
          </reporter-output>
        </test-method> <!-- testLoginEmptyEmail -->
        <test-method is-config="true" signature="tearDown(org.testng.ITestResult)[pri:0, instance:com.notesapp.tests.ui.LoginTest@79b18230]" started-at="2026-05-26T13:12:59 IST" name="tearDown" finished-at="2026-05-26T13:13:00 IST" duration-ms="625" status="PASS">
          <params>
            <param index="0">
              <value>
                <![CDATA[[TestResult name=testLoginEmptyEmail status=SUCCESS method=LoginTest.testLoginEmptyEmail()[pri:0, instance:com.notesapp.tests.ui.LoginTest@79b18230] output={null}]]]>
              </value>
            </param>
          </params>
          <reporter-output>
          </reporter-output>
        </test-method> <!-- tearDown -->
        <test-method is-config="true" signature="setUp(java.lang.String,java.lang.String)[pri:0, instance:com.notesapp.tests.ui.LoginTest@79b18230]" started-at="2026-05-26T13:13:00 IST" name="setUp" finished-at="2026-05-26T13:13:01 IST" duration-ms="1346" status="PASS">
          <params>
            <param index="0">
              <value>
                <![CDATA[chrome]]>
              </value>
            </param>
            <param index="1">
              <value>
                <![CDATA[false]]>
              </value>
            </param>
          </params>
          <reporter-output>
          </reporter-output>
        </test-method> <!-- setUp -->
        <test-method is-config="true" signature="openLogin()[pri:0, instance:com.notesapp.tests.ui.LoginTest@79b18230]" started-at="2026-05-26T13:13:01 IST" name="openLogin" finished-at="2026-05-26T13:13:05 IST" duration-ms="3997" status="PASS">
          <reporter-output>
          </reporter-output>
        </test-method> <!-- openLogin -->
        <test-method signature="testLoginWrongPassword()[pri:0, instance:com.notesapp.tests.ui.LoginTest@79b18230]" started-at="2026-05-26T13:13:05 IST" name="testLoginWrongPassword" description="TC-NEG-01: Login with wrong password shows error" finished-at="2026-05-26T13:13:08 IST" duration-ms="2780" status="PASS">
          <reporter-output>
          </reporter-output>
        </test-method> <!-- testLoginWrongPassword -->
        <test-method is-config="true" signature="tearDown(org.testng.ITestResult)[pri:0, instance:com.notesapp.tests.ui.LoginTest@79b18230]" started-at="2026-05-26T13:13:08 IST" name="tearDown" finished-at="2026-05-26T13:13:09 IST" duration-ms="457" status="PASS">
          <params>
            <param index="0">
              <value>
                <![CDATA[[TestResult name=testLoginWrongPassword status=SUCCESS method=LoginTest.testLoginWrongPassword()[pri:0, instance:com.notesapp.tests.ui.LoginTest@79b18230] output={null}]]]>
              </value>
            </param>
          </params>
          <reporter-output>
          </reporter-output>
        </test-method> <!-- tearDown -->
        <test-method is-config="true" signature="setUp(java.lang.String,java.lang.String)[pri:0, instance:com.notesapp.tests.ui.LoginTest@79b18230]" started-at="2026-05-26T13:13:09 IST" name="setUp" finished-at="2026-05-26T13:13:10 IST" duration-ms="1342" status="PASS">
          <params>
            <param index="0">
              <value>
                <![CDATA[chrome]]>
              </value>
            </param>
            <param index="1">
              <value>
                <![CDATA[false]]>
              </value>
            </param>
          </params>
          <reporter-output>
          </reporter-output>
        </test-method> <!-- setUp -->
        <test-method is-config="true" signature="openLogin()[pri:0, instance:com.notesapp.tests.ui.LoginTest@79b18230]" started-at="2026-05-26T13:13:10 IST" name="openLogin" finished-at="2026-05-26T13:13:16 IST" duration-ms="5624" status="PASS">
          <reporter-output>
          </reporter-output>
        </test-method> <!-- openLogin -->
        <test-method signature="testValidLogin()[pri:0, instance:com.notesapp.tests.ui.LoginTest@79b18230]" started-at="2026-05-26T13:13:16 IST" name="testValidLogin" description="TC-UI-01: Login with valid credentials" finished-at="2026-05-26T13:13:18 IST" duration-ms="2459" status="PASS">
          <reporter-output>
          </reporter-output>
        </test-method> <!-- testValidLogin -->
        <test-method is-config="true" signature="tearDown(org.testng.ITestResult)[pri:0, instance:com.notesapp.tests.ui.LoginTest@79b18230]" started-at="2026-05-26T13:13:18 IST" name="tearDown" finished-at="2026-05-26T13:13:19 IST" duration-ms="572" status="PASS">
          <params>
            <param index="0">
              <value>
                <![CDATA[[TestResult name=testValidLogin status=SUCCESS method=LoginTest.testValidLogin()[pri:0, instance:com.notesapp.tests.ui.LoginTest@79b18230] output={null}]]]>
              </value>
            </param>
          </params>
          <reporter-output>
          </reporter-output>
        </test-method> <!-- tearDown -->
      </class> <!-- com.notesapp.tests.ui.LoginTest -->
    </test> <!-- UI Tests -->
    <test started-at="2026-05-26T13:17:15 IST" name="API Tests" finished-at="2026-05-26T13:17:36 IST" duration-ms="21407">
      <class name="com.notesapp.tests.api.AuthApiTest">
        <test-method signature="testGetProfile()[pri:0, instance:com.notesapp.tests.api.AuthApiTest@52bd9a27]" started-at="2026-05-26T13:17:15 IST" name="testGetProfile" description="TC-API-AUTH-04: GET /profile with valid token returns user data" finished-at="2026-05-26T13:17:16 IST" duration-ms="1426" status="PASS">
          <reporter-output>
          </reporter-output>
        </test-method> <!-- testGetProfile -->
        <test-method signature="testLoginReturnsToken()[pri:0, instance:com.notesapp.tests.api.AuthApiTest@52bd9a27]" started-at="2026-05-26T13:17:16 IST" name="testLoginReturnsToken" description="TC-API-AUTH-01: Login API returns 200 and valid token" finished-at="2026-05-26T13:17:17 IST" duration-ms="863" status="PASS">
          <reporter-output>
          </reporter-output>
        </test-method> <!-- testLoginReturnsToken -->
        <test-method signature="testLoginUnknownEmail()[pri:0, instance:com.notesapp.tests.api.AuthApiTest@52bd9a27]" started-at="2026-05-26T13:17:17 IST" name="testLoginUnknownEmail" description="TC-API-AUTH-03: Login with unregistered email returns 401" finished-at="2026-05-26T13:17:18 IST" duration-ms="1138" status="PASS">
          <reporter-output>
          </reporter-output>
        </test-method> <!-- testLoginUnknownEmail -->
        <test-method signature="testLoginWrongPassword()[pri:0, instance:com.notesapp.tests.api.AuthApiTest@52bd9a27]" started-at="2026-05-26T13:17:18 IST" name="testLoginWrongPassword" description="TC-API-AUTH-02: Login with wrong password returns 401" finished-at="2026-05-26T13:17:19 IST" duration-ms="695" status="PASS">
          <reporter-output>
          </reporter-output>
        </test-method> <!-- testLoginWrongPassword -->
      </class> <!-- com.notesapp.tests.api.AuthApiTest -->
      <class name="com.notesapp.tests.api.NotesApiTest">
        <test-method is-config="true" signature="getToken()[pri:0, instance:com.notesapp.tests.api.NotesApiTest@611e5819]" started-at="2026-05-26T13:17:19 IST" name="getToken" finished-at="2026-05-26T13:17:25 IST" duration-ms="5763" status="PASS">
          <reporter-output>
          </reporter-output>
        </test-method> <!-- getToken -->
        <test-method signature="testCreateNote()[pri:0, instance:com.notesapp.tests.api.NotesApiTest@611e5819]" started-at="2026-05-26T13:17:25 IST" name="testCreateNote" description="TC-API-02: POST /notes creates note with correct fields" finished-at="2026-05-26T13:17:26 IST" duration-ms="1567" status="PASS">
          <reporter-output>
          </reporter-output>
        </test-method> <!-- testCreateNote -->
        <test-method signature="testDeleteNote()[pri:0, instance:com.notesapp.tests.api.NotesApiTest@611e5819]" started-at="2026-05-26T13:17:26 IST" name="testDeleteNote" description="TC-API-02b: DELETE /notes/:id removes the note" finished-at="2026-05-26T13:17:28 IST" duration-ms="2220" status="PASS">
          <reporter-output>
          </reporter-output>
        </test-method> <!-- testDeleteNote -->
        <test-method signature="testGetAllNotes()[pri:0, instance:com.notesapp.tests.api.NotesApiTest@611e5819]" started-at="2026-05-26T13:17:28 IST" name="testGetAllNotes" description="TC-API-01: GET /notes returns 200 with valid schema and &lt;2s response time" finished-at="2026-05-26T13:17:29 IST" duration-ms="509" status="PASS">
          <reporter-output>
          </reporter-output>
        </test-method> <!-- testGetAllNotes -->
        <test-method signature="testUpdateNote()[pri:0, instance:com.notesapp.tests.api.NotesApiTest@611e5819]" started-at="2026-05-26T13:17:29 IST" name="testUpdateNote" description="TC-API-03b: PUT /notes/:id updates note fields" finished-at="2026-05-26T13:17:30 IST" duration-ms="1319" status="PASS">
          <reporter-output>
          </reporter-output>
        </test-method> <!-- testUpdateNote -->
      </class> <!-- com.notesapp.tests.api.NotesApiTest -->
      <class name="com.notesapp.tests.api.NegativeApiTest">
        <test-method signature="testCreateNoteWithBadToken()[pri:0, instance:com.notesapp.tests.api.NegativeApiTest@681c0ae6]" started-at="2026-05-26T13:17:30 IST" name="testCreateNoteWithBadToken" description="TC-NEG-05: POST /notes with invalid token returns 401" finished-at="2026-05-26T13:17:35 IST" duration-ms="4306" status="PASS">
          <reporter-output>
          </reporter-output>
        </test-method> <!-- testCreateNoteWithBadToken -->
        <test-method signature="testDeleteNonExistentNote()[pri:0, instance:com.notesapp.tests.api.NegativeApiTest@681c0ae6]" started-at="2026-05-26T13:17:35 IST" name="testDeleteNonExistentNote" description="TC-NEG-06: DELETE /notes with non-existent note ID returns 404" finished-at="2026-05-26T13:17:36 IST" duration-ms="1122" status="PASS">
          <reporter-output>
          </reporter-output>
        </test-method> <!-- testDeleteNonExistentNote -->
        <test-method signature="testGetNotesWithoutToken()[pri:0, instance:com.notesapp.tests.api.NegativeApiTest@681c0ae6]" started-at="2026-05-26T13:17:36 IST" name="testGetNotesWithoutToken" description="TC-NEG-02: GET /notes without token returns 401" finished-at="2026-05-26T13:17:36 IST" duration-ms="423" status="PASS">
          <reporter-output>
          </reporter-output>
        </test-method> <!-- testGetNotesWithoutToken -->
      </class> <!-- com.notesapp.tests.api.NegativeApiTest -->
    </test> <!-- API Tests -->
    <test started-at="2026-05-26T13:17:36 IST" name="E2E Hybrid Tests" finished-at="2026-05-26T13:20:10 IST" duration-ms="153795">
      <class name="com.notesapp.tests.e2e.UiApiSyncTest">
        <test-method is-config="true" signature="cleanUpExistingNotes()[pri:0, instance:com.notesapp.tests.e2e.UiApiSyncTest@6d6bff89]" started-at="2026-05-26T13:12:27 IST" name="cleanUpExistingNotes" finished-at="2026-05-26T13:12:39 IST" duration-ms="12054" status="PASS">
          <reporter-output>
          </reporter-output>
        </test-method> <!-- cleanUpExistingNotes -->
        <test-method is-config="true" signature="setUp(java.lang.String,java.lang.String)[pri:0, instance:com.notesapp.tests.e2e.UiApiSyncTest@6d6bff89]" started-at="2026-05-26T13:17:36 IST" name="setUp" finished-at="2026-05-26T13:17:38 IST" duration-ms="1471" status="PASS">
          <params>
            <param index="0">
              <value>
                <![CDATA[chrome]]>
              </value>
            </param>
            <param index="1">
              <value>
                <![CDATA[false]]>
              </value>
            </param>
          </params>
          <reporter-output>
          </reporter-output>
        </test-method> <!-- setUp -->
        <test-method is-config="true" signature="setup()[pri:0, instance:com.notesapp.tests.e2e.UiApiSyncTest@6d6bff89]" started-at="2026-05-26T13:17:38 IST" name="setup" finished-at="2026-05-26T13:17:48 IST" duration-ms="10390" status="PASS">
          <reporter-output>
          </reporter-output>
        </test-method> <!-- setup -->
        <test-method signature="testApiResponseTimeUnder2Seconds()[pri:0, instance:com.notesapp.tests.e2e.UiApiSyncTest@6d6bff89]" started-at="2026-05-26T13:17:48 IST" name="testApiResponseTimeUnder2Seconds" description="TC-E2E-03: API response time for GET /notes is under 2 seconds" finished-at="2026-05-26T13:17:49 IST" duration-ms="785" status="PASS">
          <reporter-output>
          </reporter-output>
        </test-method> <!-- testApiResponseTimeUnder2Seconds -->
        <test-method is-config="true" signature="tearDown(org.testng.ITestResult)[pri:0, instance:com.notesapp.tests.e2e.UiApiSyncTest@6d6bff89]" started-at="2026-05-26T13:17:49 IST" name="tearDown" finished-at="2026-05-26T13:17:49 IST" duration-ms="498" status="PASS">
          <params>
            <param index="0">
              <value>
                <![CDATA[[TestResult name=testApiResponseTimeUnder2Seconds status=SUCCESS method=UiApiSyncTest.testApiResponseTimeUnder2Seconds()[pri:0, instance:com.notesapp.tests.e2e.UiApiSyncTest@6d6bff89] output={null}]]]>
              </value>
            </param>
          </params>
          <reporter-output>
          </reporter-output>
        </test-method> <!-- tearDown -->
        <test-method is-config="true" signature="setUp(java.lang.String,java.lang.String)[pri:0, instance:com.notesapp.tests.e2e.UiApiSyncTest@6d6bff89]" started-at="2026-05-26T13:17:49 IST" name="setUp" finished-at="2026-05-26T13:17:51 IST" duration-ms="1250" status="PASS">
          <params>
            <param index="0">
              <value>
                <![CDATA[chrome]]>
              </value>
            </param>
            <param index="1">
              <value>
                <![CDATA[false]]>
              </value>
            </param>
          </params>
          <reporter-output>
          </reporter-output>
        </test-method> <!-- setUp -->
        <test-method is-config="true" signature="setup()[pri:0, instance:com.notesapp.tests.e2e.UiApiSyncTest@6d6bff89]" started-at="2026-05-26T13:17:51 IST" name="setup" finished-at="2026-05-26T13:18:01 IST" duration-ms="10543" status="PASS">
          <reporter-output>
          </reporter-output>
        </test-method> <!-- setup -->
        <test-method signature="testUiNoteAppearsInApi()[pri:0, instance:com.notesapp.tests.e2e.UiApiSyncTest@6d6bff89]" started-at="2026-05-26T13:18:01 IST" name="testUiNoteAppearsInApi" description="TC-E2E-01: Note created via UI appears in API with matching fields" finished-at="2026-05-26T13:18:14 IST" duration-ms="13278" status="PASS">
          <reporter-output>
          </reporter-output>
        </test-method> <!-- testUiNoteAppearsInApi -->
        <test-method is-config="true" signature="tearDown(org.testng.ITestResult)[pri:0, instance:com.notesapp.tests.e2e.UiApiSyncTest@6d6bff89]" started-at="2026-05-26T13:18:14 IST" name="tearDown" finished-at="2026-05-26T13:18:15 IST" duration-ms="732" status="PASS">
          <params>
            <param index="0">
              <value>
                <![CDATA[[TestResult name=testUiNoteAppearsInApi status=SUCCESS method=UiApiSyncTest.testUiNoteAppearsInApi()[pri:0, instance:com.notesapp.tests.e2e.UiApiSyncTest@6d6bff89] output={null}]]]>
              </value>
            </param>
          </params>
          <reporter-output>
          </reporter-output>
        </test-method> <!-- tearDown -->
      </class> <!-- com.notesapp.tests.e2e.UiApiSyncTest -->
      <class name="com.notesapp.tests.e2e.DeleteSyncTest">
        <test-method is-config="true" signature="setUp(java.lang.String,java.lang.String)[pri:0, instance:com.notesapp.tests.e2e.DeleteSyncTest@541bf968]" started-at="2026-05-26T13:18:15 IST" name="setUp" finished-at="2026-05-26T13:18:17 IST" duration-ms="1409" status="PASS">
          <params>
            <param index="0">
              <value>
                <![CDATA[chrome]]>
              </value>
            </param>
            <param index="1">
              <value>
                <![CDATA[false]]>
              </value>
            </param>
          </params>
          <reporter-output>
          </reporter-output>
        </test-method> <!-- setUp -->
        <test-method is-config="true" signature="setup()[pri:0, instance:com.notesapp.tests.e2e.DeleteSyncTest@541bf968]" started-at="2026-05-26T13:18:17 IST" name="setup" finished-at="2026-05-26T13:19:00 IST" duration-ms="43004" status="PASS">
          <reporter-output>
          </reporter-output>
        </test-method> <!-- setup -->
        <test-method signature="testApiDeleteReflectedInUI()[pri:0, instance:com.notesapp.tests.e2e.DeleteSyncTest@541bf968]" started-at="2026-05-26T13:19:00 IST" name="testApiDeleteReflectedInUI" description="TC-E2E-02: API deletion immediately reflected in UI" finished-at="2026-05-26T13:20:09 IST" duration-ms="69613" status="PASS">
          <reporter-output>
          </reporter-output>
        </test-method> <!-- testApiDeleteReflectedInUI -->
        <test-method is-config="true" signature="tearDown(org.testng.ITestResult)[pri:0, instance:com.notesapp.tests.e2e.DeleteSyncTest@541bf968]" started-at="2026-05-26T13:20:09 IST" name="tearDown" finished-at="2026-05-26T13:20:10 IST" duration-ms="750" status="PASS">
          <params>
            <param index="0">
              <value>
                <![CDATA[[TestResult name=testApiDeleteReflectedInUI status=SUCCESS method=DeleteSyncTest.testApiDeleteReflectedInUI()[pri:0, instance:com.notesapp.tests.e2e.DeleteSyncTest@541bf968] output={null}]]]>
              </value>
            </param>
          </params>
          <reporter-output>
          </reporter-output>
        </test-method> <!-- tearDown -->
      </class> <!-- com.notesapp.tests.e2e.DeleteSyncTest -->
    </test> <!-- E2E Hybrid Tests -->
  </suite> <!-- Notes App — Full Suite -->
</testng-results>
