<?xml version="1.0" encoding="UTF-8"?>
<!-- Generated by org.testng.reporters.JUnitReportReporter -->
<testsuite hostname="LAPTOP-7EF9D6A5" failures="0" tests="3" name="com.notesapp.tests.api.NegativeApiTest" time="1.817" errors="0" timestamp="2026-05-25T16:51:05 IST" skipped="0">
  <testcase classname="com.notesapp.tests.api.NegativeApiTest" name="testCreateNoteWithBadToken" time="0.353"/>
  <testcase classname="com.notesapp.tests.api.NegativeApiTest" name="testGetNotesWithoutToken" time="0.364"/>
  <testcase classname="com.notesapp.tests.api.NegativeApiTest" name="testDeleteNonExistentNote" time="1.100"/>
</testsuite> <!-- com.notesapp.tests.api.NegativeApiTest -->
