<?xml version="1.0" encoding="UTF-8"?>
<!-- Generated by org.testng.reporters.JUnitReportReporter -->
<testsuite hostname="LAPTOP-7EF9D6A5" failures="0" tests="3" name="com.notesapp.tests.api.NegativeApiTest" time="5.851" errors="0" timestamp="2026-05-26T13:20:10 IST" skipped="0">
  <testcase classname="com.notesapp.tests.api.NegativeApiTest" name="testDeleteNonExistentNote" time="1.122"/>
  <testcase classname="com.notesapp.tests.api.NegativeApiTest" name="testGetNotesWithoutToken" time="0.423"/>
  <testcase classname="com.notesapp.tests.api.NegativeApiTest" name="testCreateNoteWithBadToken" time="4.306"/>
</testsuite> <!-- com.notesapp.tests.api.NegativeApiTest -->
