<?xml version="1.0" encoding="UTF-8"?>
<!-- Generated by org.testng.reporters.JUnitReportReporter -->
<testsuite hostname="LAPTOP-7EF9D6A5" failures="0" tests="2" name="com.notesapp.tests.e2e.UiApiSyncTest" time="38.179" errors="0" timestamp="2026-05-25T16:51:05 IST" skipped="0">
  <testcase classname="com.notesapp.tests.e2e.UiApiSyncTest" name="testApiResponseTimeUnder2Seconds" time="8.896"/>
  <testcase classname="com.notesapp.tests.e2e.UiApiSyncTest" name="testUiNoteAppearsInApi" time="29.283"/>
</testsuite> <!-- com.notesapp.tests.e2e.UiApiSyncTest -->
