<?xml version="1.0" encoding="UTF-8"?>
<!-- Generated by org.testng.reporters.JUnitReportReporter -->
<testsuite hostname="LAPTOP-7EF9D6A5" failures="0" tests="4" name="com.notesapp.tests.api.AuthApiTest" time="11.475" errors="0" timestamp="2026-05-25T16:51:05 IST" skipped="0">
  <testcase classname="com.notesapp.tests.api.AuthApiTest" name="testLoginReturnsToken" time="0.596"/>
  <testcase classname="com.notesapp.tests.api.AuthApiTest" name="testLoginUnknownEmail" time="0.389"/>
  <testcase classname="com.notesapp.tests.api.AuthApiTest" name="testLoginWrongPassword" time="0.771"/>
  <testcase classname="com.notesapp.tests.api.AuthApiTest" name="testGetProfile" time="9.719"/>
</testsuite> <!-- com.notesapp.tests.api.AuthApiTest -->
