<?xml version="1.0" encoding="UTF-8"?>
<!-- Generated by org.testng.reporters.JUnitReportReporter -->
<testsuite hostname="LAPTOP-7EF9D6A5" failures="0" tests="4" name="com.notesapp.tests.api.AuthApiTest" time="4.122" errors="0" timestamp="2026-05-26T13:20:10 IST" skipped="0">
  <testcase classname="com.notesapp.tests.api.AuthApiTest" name="testLoginWrongPassword" time="0.695"/>
  <testcase classname="com.notesapp.tests.api.AuthApiTest" name="testGetProfile" time="1.426"/>
  <testcase classname="com.notesapp.tests.api.AuthApiTest" name="testLoginUnknownEmail" time="1.138"/>
  <testcase classname="com.notesapp.tests.api.AuthApiTest" name="testLoginReturnsToken" time="0.863"/>
</testsuite> <!-- com.notesapp.tests.api.AuthApiTest -->
