<?xml version="1.0" encoding="UTF-8"?>
<!-- Generated by org.testng.reporters.JUnitReportReporter -->
<testsuite hostname="LAPTOP-7EF9D6A5" failures="0" tests="4" name="com.notesapp.tests.api.NotesApiTest" time="5.597" errors="0" timestamp="2026-05-25T16:51:05 IST" skipped="0">
  <testcase classname="com.notesapp.tests.api.NotesApiTest" name="testDeleteNote" time="2.410"/>
  <testcase classname="com.notesapp.tests.api.NotesApiTest" name="testCreateNote" time="1.380"/>
  <testcase classname="com.notesapp.tests.api.NotesApiTest" name="testUpdateNote" time="0.853"/>
  <testcase classname="com.notesapp.tests.api.NotesApiTest" name="testGetAllNotes" time="0.954"/>
</testsuite> <!-- com.notesapp.tests.api.NotesApiTest -->
