<?xml version="1.0" encoding="UTF-8"?>
<!-- Generated by org.testng.reporters.JUnitReportReporter -->
<testsuite hostname="LAPTOP-7EF9D6A5" failures="0" tests="2" name="com.notesapp.tests.e2e.UiApiSyncTest" time="38.947" errors="0" timestamp="2026-05-26T13:20:10 IST" skipped="0">
  <testcase classname="com.notesapp.tests.e2e.UiApiSyncTest" name="testUiNoteAppearsInApi" time="25.790"/>
  <testcase classname="com.notesapp.tests.e2e.UiApiSyncTest" name="testApiResponseTimeUnder2Seconds" time="13.157"/>
</testsuite> <!-- com.notesapp.tests.e2e.UiApiSyncTest -->
