<?xml version="1.0" encoding="UTF-8"?>
<!-- Generated by org.testng.reporters.JUnitReportReporter -->
<testsuite hostname="LAPTOP-7EF9D6A5" failures="0" tests="3" name="com.notesapp.tests.ui.LoginTest" time="39.131" errors="0" timestamp="2026-05-26T13:20:10 IST" skipped="0">
  <testcase classname="com.notesapp.tests.ui.LoginTest" name="testLoginEmptyEmail" time="18.737"/>
  <testcase classname="com.notesapp.tests.ui.LoginTest" name="testLoginWrongPassword" time="11.967"/>
  <testcase classname="com.notesapp.tests.ui.LoginTest" name="testValidLogin" time="8.427"/>
</testsuite> <!-- com.notesapp.tests.ui.LoginTest -->
