<?xml version="1.0" encoding="UTF-8"?>
<!-- Generated by org.testng.reporters.JUnitReportReporter -->
<testsuite hostname="LAPTOP-7EF9D6A5" failures="0" tests="3" name="com.notesapp.tests.ui.LoginTest" time="41.860" errors="0" timestamp="2026-05-25T16:51:05 IST" skipped="0">
  <testcase classname="com.notesapp.tests.ui.LoginTest" name="testValidLogin" time="7.289"/>
  <testcase classname="com.notesapp.tests.ui.LoginTest" name="testLoginWrongPassword" time="16.161"/>
  <testcase classname="com.notesapp.tests.ui.LoginTest" name="testLoginEmptyEmail" time="18.410"/>
</testsuite> <!-- com.notesapp.tests.ui.LoginTest -->
