<?xml version="1.0" encoding="UTF-8"?>
<!-- Generated by org.testng.reporters.JUnitReportReporter -->
<testsuite hostname="LAPTOP-7EF9D6A5" failures="0" tests="3" name="com.notesapp.tests.ui.NotesCrudTest" time="168.970" errors="0" timestamp="2026-05-25T16:51:05 IST" skipped="0">
  <testcase classname="com.notesapp.tests.ui.NotesCrudTest" name="testCreateNote" time="24.309"/>
  <testcase classname="com.notesapp.tests.ui.NotesCrudTest" name="testCreateNoteBlankTitle" time="35.880"/>
  <testcase classname="com.notesapp.tests.ui.NotesCrudTest" name="testEditNote" time="108.781"/>
</testsuite> <!-- com.notesapp.tests.ui.NotesCrudTest -->
