<?xml version="1.0" encoding="UTF-8"?>
<!-- Generated by org.testng.reporters.JUnitReportReporter -->
<testsuite hostname="LAPTOP-7EF9D6A5" failures="0" tests="3" name="com.notesapp.tests.ui.NotesCrudTest" time="170.716" errors="0" timestamp="2026-05-26T13:20:10 IST" skipped="0">
  <testcase classname="com.notesapp.tests.ui.NotesCrudTest" name="testCreateNoteBlankTitle" time="35.851"/>
  <testcase classname="com.notesapp.tests.ui.NotesCrudTest" name="testCreateNote" time="44.366"/>
  <testcase classname="com.notesapp.tests.ui.NotesCrudTest" name="testEditNote" time="90.499"/>
</testsuite> <!-- com.notesapp.tests.ui.NotesCrudTest -->
